using CPU backend.
epoch+idx: 0
After sub-epoch 1:
 test acc: 0.006
    test acc: 0.006
    train loss: 2.125
epoch+idx: 1
After sub-epoch 2:
 test acc: 0.261
    test acc: 0.261
    train loss: 1.992
epoch+idx: 2
After sub-epoch 3:
 test acc: 0.261
    test acc: 0.261
    train loss: 1.992
epoch+idx: 3
After sub-epoch 4:
 test acc: 0.261
    test acc: 0.261
    train loss: 1.929
epoch+idx: 4
After sub-epoch 5:
 test acc: 0.261
    test acc: 0.261
    train loss: 1.840
epoch+idx: 5
After sub-epoch 6:
 test acc: 0.261
    test acc: 0.261
    train loss: 1.751
epoch+idx: 6
After sub-epoch 7:
 test acc: 0.261
    test acc: 0.261
    train loss: 1.705
epoch+idx: 7
After sub-epoch 8:
 test acc: 0.261
    test acc: 0.261
    train loss: 1.731
epoch+idx: 8
After sub-epoch 9:
 test acc: 0.261
    test acc: 0.261
    train loss: 1.702
epoch+idx: 9
After sub-epoch 10:
 test acc: 0.261
    test acc: 0.261
    train loss: 1.678
epoch+idx: 10
After sub-epoch 11:
 test acc: 0.261
    test acc: 0.261
    train loss: 1.681
epoch+idx: 11
After sub-epoch 12:
 test acc: 0.261
    test acc: 0.261
    train loss: 1.632
epoch+idx: 12
After sub-epoch 13:
 test acc: 0.448
    test acc: 0.448
    train loss: 1.623
epoch+idx: 13
After sub-epoch 14:
 test acc: 0.444
    test acc: 0.444
    train loss: 1.560
============== End of epoch 0 ============
epoch+idx: 1
After sub-epoch 15:
 test acc: 0.438
    test acc: 0.438
    train loss: 0.954
epoch+idx: 2
After sub-epoch 16:
 test acc: 0.445
    test acc: 0.445
    train loss: 1.329
epoch+idx: 3
After sub-epoch 17:
 test acc: 0.445
    test acc: 0.445
    train loss: 1.410
epoch+idx: 4
After sub-epoch 18:
 test acc: 0.444
    test acc: 0.444
    train loss: 1.421
epoch+idx: 5
After sub-epoch 19:
 test acc: 0.447
    test acc: 0.447
    train loss: 1.419
epoch+idx: 6
After sub-epoch 20:
 test acc: 0.447
    test acc: 0.447
    train loss: 1.357
epoch+idx: 7
After sub-epoch 21:
 test acc: 0.447
    test acc: 0.447
    train loss: 1.369
epoch+idx: 8
After sub-epoch 22:
 test acc: 0.447
    test acc: 0.447
    train loss: 1.275
epoch+idx: 9
After sub-epoch 23:
 test acc: 0.447
    test acc: 0.447
    train loss: 1.323
epoch+idx: 10
After sub-epoch 24:
 test acc: 0.447
    test acc: 0.447
    train loss: 1.253
epoch+idx: 11
After sub-epoch 25:
 test acc: 0.447
    test acc: 0.447
    train loss: 1.226
epoch+idx: 12
After sub-epoch 26:
 test acc: 0.449
    test acc: 0.449
    train loss: 1.262
epoch+idx: 13
After sub-epoch 27:
 test acc: 0.451
    test acc: 0.451
    train loss: 1.228
epoch+idx: 14
After sub-epoch 28:
 test acc: 0.452
    test acc: 0.452
    train loss: 1.222
============== End of epoch 1 ============
epoch+idx: 2
After sub-epoch 29:
 test acc: 0.454
    test acc: 0.454
    train loss: 1.536
epoch+idx: 3
After sub-epoch 30:
 test acc: 0.455
    test acc: 0.455
    train loss: 1.553
epoch+idx: 4
After sub-epoch 31:
 test acc: 0.455
    test acc: 0.455
    train loss: 1.495
epoch+idx: 5
After sub-epoch 32:
 test acc: 0.455
    test acc: 0.455
    train loss: 1.471
epoch+idx: 6
After sub-epoch 33:
 test acc: 0.456
    test acc: 0.456
    train loss: 1.439
epoch+idx: 7
After sub-epoch 34:
 test acc: 0.457
    test acc: 0.457
    train loss: 1.420
epoch+idx: 8
After sub-epoch 35:
 test acc: 0.458
    test acc: 0.458
    train loss: 1.346
epoch+idx: 9
After sub-epoch 36:
 test acc: 0.458
    test acc: 0.458
    train loss: 1.285
epoch+idx: 10
After sub-epoch 37:
 test acc: 0.458
    test acc: 0.458
    train loss: 1.236
epoch+idx: 11
After sub-epoch 38:
 test acc: 0.458
    test acc: 0.458
    train loss: 1.203
epoch+idx: 12
After sub-epoch 39:
 test acc: 0.458
    test acc: 0.458
    train loss: 1.205
epoch+idx: 13
After sub-epoch 40:
 test acc: 0.458
    test acc: 0.458
    train loss: 1.181
epoch+idx: 14
After sub-epoch 41:
 test acc: 0.458
    test acc: 0.458
    train loss: 1.150
epoch+idx: 15
After sub-epoch 42:
 test acc: 0.458
    test acc: 0.458
    train loss: 1.143
============== End of epoch 2 ============
epoch+idx: 3
After sub-epoch 43:
 test acc: 0.459
    test acc: 0.459
    train loss: 1.041
epoch+idx: 4
After sub-epoch 44:
 test acc: 0.459
    test acc: 0.459
    train loss: 0.905
epoch+idx: 5
After sub-epoch 45:
 test acc: 0.459
    test acc: 0.459
    train loss: 1.040
epoch+idx: 6
After sub-epoch 46:
 test acc: 0.458
    test acc: 0.458
    train loss: 1.125
epoch+idx: 7
After sub-epoch 47:
 test acc: 0.456
    test acc: 0.456
    train loss: 1.220
epoch+idx: 8
After sub-epoch 48:
 test acc: 0.453
    test acc: 0.453
    train loss: 1.250
epoch+idx: 9
After sub-epoch 49:
 test acc: 0.449
    test acc: 0.449
    train loss: 1.183
epoch+idx: 10
After sub-epoch 50:
 test acc: 0.457
    test acc: 0.457
    train loss: 1.177
epoch+idx: 11
After sub-epoch 51:
 test acc: 0.457
    test acc: 0.457
    train loss: 1.212
epoch+idx: 12
After sub-epoch 52:
 test acc: 0.443
    test acc: 0.443
    train loss: 1.167
epoch+idx: 13
After sub-epoch 53:
 test acc: 0.440
    test acc: 0.440
    train loss: 1.182
epoch+idx: 14
After sub-epoch 54:
 test acc: 0.436
    test acc: 0.436
    train loss: 1.154
epoch+idx: 15
After sub-epoch 55:
 test acc: 0.439
    test acc: 0.439
    train loss: 1.139
epoch+idx: 16
After sub-epoch 56:
 test acc: 0.440
    test acc: 0.440
    train loss: 1.097
============== End of epoch 3 ============
epoch+idx: 4
After sub-epoch 57:
 test acc: 0.442
    test acc: 0.442
    train loss: 1.381
epoch+idx: 5
After sub-epoch 58:
 test acc: 0.446
    test acc: 0.446
    train loss: 1.370
epoch+idx: 6
After sub-epoch 59:
 test acc: 0.454
    test acc: 0.454
    train loss: 1.241
epoch+idx: 7
After sub-epoch 60:
 test acc: 0.456
    test acc: 0.456
    train loss: 1.285
epoch+idx: 8
After sub-epoch 61:
 test acc: 0.457
    test acc: 0.457
    train loss: 1.284
epoch+idx: 9
After sub-epoch 62:
 test acc: 0.459
    test acc: 0.459
    train loss: 1.175
epoch+idx: 10
After sub-epoch 63:
 test acc: 0.458
    test acc: 0.458
    train loss: 1.161
epoch+idx: 11
After sub-epoch 64:
 test acc: 0.458
    test acc: 0.458
    train loss: 1.110
epoch+idx: 12
After sub-epoch 65:
 test acc: 0.458
    test acc: 0.458
    train loss: 1.143
epoch+idx: 13
After sub-epoch 66:
 test acc: 0.458
    test acc: 0.458
    train loss: 1.091
epoch+idx: 14
After sub-epoch 67:
 test acc: 0.459
    test acc: 0.459
    train loss: 1.058
epoch+idx: 15
After sub-epoch 68:
 test acc: 0.459
    test acc: 0.459
    train loss: 1.097
epoch+idx: 16
After sub-epoch 69:
 test acc: 0.459
    test acc: 0.459
    train loss: 1.121
epoch+idx: 17
After sub-epoch 70:
 test acc: 0.459
    test acc: 0.459
    train loss: 1.090
============== End of epoch 4 ============
epoch+idx: 5
After sub-epoch 71:
 test acc: 0.459
    test acc: 0.459
    train loss: 0.722
epoch+idx: 6
After sub-epoch 72:
 test acc: 0.459
    test acc: 0.459
    train loss: 1.089
epoch+idx: 7
After sub-epoch 73:
 test acc: 0.458
    test acc: 0.458
    train loss: 1.179
epoch+idx: 8
After sub-epoch 74:
 test acc: 0.458
    test acc: 0.458
    train loss: 1.138
epoch+idx: 9
After sub-epoch 75:
 test acc: 0.458
    test acc: 0.458
    train loss: 0.998
epoch+idx: 10
After sub-epoch 76:
 test acc: 0.456
    test acc: 0.456
    train loss: 1.066
epoch+idx: 11
After sub-epoch 77:
 test acc: 0.455
    test acc: 0.455
    train loss: 1.014
epoch+idx: 12
After sub-epoch 78:
 test acc: 0.455
    test acc: 0.455
    train loss: 0.986
epoch+idx: 13
After sub-epoch 79:
 test acc: 0.455
    test acc: 0.455
    train loss: 0.936
epoch+idx: 14
After sub-epoch 80:
 test acc: 0.455
    test acc: 0.455
    train loss: 0.918
epoch+idx: 15
After sub-epoch 81:
 test acc: 0.456
    test acc: 0.456
    train loss: 0.961
epoch+idx: 16
After sub-epoch 82:
 test acc: 0.456
    test acc: 0.456
    train loss: 0.977
epoch+idx: 17
After sub-epoch 83:
 test acc: 0.458
    test acc: 0.458
    train loss: 1.000
epoch+idx: 18
After sub-epoch 84:
 test acc: 0.457
    test acc: 0.457
    train loss: 1.013
============== End of epoch 5 ============
epoch+idx: 6
After sub-epoch 85:
 test acc: 0.457
    test acc: 0.457
    train loss: 1.277
epoch+idx: 7
After sub-epoch 86:
 test acc: 0.459
    test acc: 0.459
    train loss: 1.130
epoch+idx: 8
After sub-epoch 87:
 test acc: 0.460
    test acc: 0.460
    train loss: 1.024
epoch+idx: 9
After sub-epoch 88:
 test acc: 0.461
    test acc: 0.461
    train loss: 1.020
epoch+idx: 10
After sub-epoch 89:
 test acc: 0.461
    test acc: 0.461
    train loss: 0.908
epoch+idx: 11
After sub-epoch 90:
 test acc: 0.462
    test acc: 0.462
    train loss: 0.841
epoch+idx: 12
After sub-epoch 91:
 test acc: 0.462
    test acc: 0.462
    train loss: 0.919
epoch+idx: 13
After sub-epoch 92:
 test acc: 0.753
    test acc: 0.753
    train loss: 0.961
epoch+idx: 14
After sub-epoch 93:
 test acc: 0.766
    test acc: 0.766
    train loss: 0.964
epoch+idx: 15
After sub-epoch 94:
 test acc: 0.769
    test acc: 0.769
    train loss: 0.933
epoch+idx: 16
After sub-epoch 95:
 test acc: 0.771
    test acc: 0.771
    train loss: 0.975
epoch+idx: 17
After sub-epoch 96:
 test acc: 0.772
    test acc: 0.772
    train loss: 0.989
epoch+idx: 18
After sub-epoch 97:
 test acc: 0.773
    test acc: 0.773
    train loss: 0.958
epoch+idx: 19
After sub-epoch 98:
 test acc: 0.769
    test acc: 0.769
    train loss: 0.938
============== End of epoch 6 ============
epoch+idx: 7
After sub-epoch 99:
 test acc: 0.771
    test acc: 0.771
    train loss: 1.369
epoch+idx: 8
After sub-epoch 100:
 test acc: 0.774
    test acc: 0.774
    train loss: 0.972
epoch+idx: 9
After sub-epoch 101:
 test acc: 0.777
    test acc: 0.777
    train loss: 0.962
epoch+idx: 10
After sub-epoch 102:
 test acc: 0.778
    test acc: 0.778
    train loss: 0.842
epoch+idx: 11
After sub-epoch 103:
 test acc: 0.777
    test acc: 0.777
    train loss: 0.769
epoch+idx: 12
After sub-epoch 104:
 test acc: 0.779
    test acc: 0.779
    train loss: 0.765
epoch+idx: 13
After sub-epoch 105:
 test acc: 0.781
    test acc: 0.781
    train loss: 0.787
epoch+idx: 14
After sub-epoch 106:
 test acc: 0.782
    test acc: 0.782
    train loss: 0.771
epoch+idx: 15
After sub-epoch 107:
 test acc: 0.782
    test acc: 0.782
    train loss: 0.827
epoch+idx: 16
After sub-epoch 108:
 test acc: 0.765
    test acc: 0.765
    train loss: 0.887
epoch+idx: 17
After sub-epoch 109:
 test acc: 0.472
    test acc: 0.472
    train loss: 0.858
epoch+idx: 18
After sub-epoch 110:
 test acc: 0.467
    test acc: 0.467
    train loss: 0.853
epoch+idx: 19
After sub-epoch 111:
 test acc: 0.465
    test acc: 0.465
    train loss: 0.887
epoch+idx: 20
After sub-epoch 112:
 test acc: 0.463
    test acc: 0.463
    train loss: 0.923
============== End of epoch 7 ============
epoch+idx: 8
After sub-epoch 113:
 test acc: 0.463
    test acc: 0.463
    train loss: 1.267
epoch+idx: 9
After sub-epoch 114:
 test acc: 0.462
    test acc: 0.462
    train loss: 1.278
epoch+idx: 10
After sub-epoch 115:
 test acc: 0.461
    test acc: 0.461
    train loss: 1.066
epoch+idx: 11
After sub-epoch 116:
 test acc: 0.465
    test acc: 0.465
    train loss: 0.959
epoch+idx: 12
After sub-epoch 117:
 test acc: 0.466
    test acc: 0.466
    train loss: 0.887
epoch+idx: 13
After sub-epoch 118:
 test acc: 0.467
    test acc: 0.467
    train loss: 0.872
epoch+idx: 14
After sub-epoch 119:
 test acc: 0.467
    test acc: 0.467
    train loss: 0.836
epoch+idx: 15
After sub-epoch 120:
 test acc: 0.752
    test acc: 0.752
    train loss: 0.843
epoch+idx: 16
After sub-epoch 121:
 test acc: 0.755
    test acc: 0.755
    train loss: 0.901
epoch+idx: 17
After sub-epoch 122:
 test acc: 0.756
    test acc: 0.756
    train loss: 0.891
epoch+idx: 18
After sub-epoch 123:
 test acc: 0.464
    test acc: 0.464
    train loss: 0.852
epoch+idx: 19
After sub-epoch 124:
 test acc: 0.463
    test acc: 0.463
    train loss: 0.854
epoch+idx: 20
After sub-epoch 125:
 test acc: 0.462
    test acc: 0.462
    train loss: 0.870
epoch+idx: 21
After sub-epoch 126:
 test acc: 0.461
    test acc: 0.461
    train loss: 0.910
============== End of epoch 8 ============
epoch+idx: 9
After sub-epoch 127:
 test acc: 0.461
    test acc: 0.461
    train loss: 1.431
epoch+idx: 10
After sub-epoch 128:
 test acc: 0.460
    test acc: 0.460
    train loss: 1.003
epoch+idx: 11
After sub-epoch 129:
 test acc: 0.459
    test acc: 0.459
    train loss: 0.857
epoch+idx: 12
After sub-epoch 130:
 test acc: 0.458
    test acc: 0.458
    train loss: 0.831
epoch+idx: 13
After sub-epoch 131:
 test acc: 0.458
    test acc: 0.458
    train loss: 0.819
epoch+idx: 14
After sub-epoch 132:
 test acc: 0.458
    test acc: 0.458
    train loss: 0.910
epoch+idx: 15
After sub-epoch 133:
 test acc: 0.458
    test acc: 0.458
    train loss: 0.837
epoch+idx: 16
After sub-epoch 134:
 test acc: 0.458
    test acc: 0.458
    train loss: 0.811
epoch+idx: 17
After sub-epoch 135:
 test acc: 0.458
    test acc: 0.458
    train loss: 0.880
epoch+idx: 18
After sub-epoch 136:
 test acc: 0.458
    test acc: 0.458
    train loss: 0.859
epoch+idx: 19
After sub-epoch 137:
 test acc: 0.761
    test acc: 0.761
    train loss: 0.861
epoch+idx: 20
After sub-epoch 138:
 test acc: 0.764
    test acc: 0.764
    train loss: 0.903
epoch+idx: 21
After sub-epoch 139:
 test acc: 0.766
    test acc: 0.766
    train loss: 0.899
epoch+idx: 22
After sub-epoch 140:
 test acc: 0.768
    test acc: 0.768
    train loss: 0.911
============== End of epoch 9 ============
using CPU backend.
epoch+idx: 0
After sub-epoch 1:
 test acc: 0.500
    test acc: 0.500
    train loss: 2.084
epoch+idx: 1
After sub-epoch 2:
 test acc: 0.499
    test acc: 0.499
    train loss: 1.955
epoch+idx: 2
After sub-epoch 3:
 test acc: 0.499
    test acc: 0.499
    train loss: 1.848
epoch+idx: 3
After sub-epoch 4:
 test acc: 0.499
    test acc: 0.499
    train loss: 1.816
epoch+idx: 4
After sub-epoch 5:
 test acc: 0.518
    test acc: 0.518
    train loss: 1.760
epoch+idx: 5
After sub-epoch 6:
 test acc: 0.524
    test acc: 0.524
    train loss: 1.763
epoch+idx: 6
After sub-epoch 7:
 test acc: 0.533
    test acc: 0.533
    train loss: 1.737
epoch+idx: 7
After sub-epoch 8:
 test acc: 0.536
    test acc: 0.536
    train loss: 1.680
epoch+idx: 8
After sub-epoch 9:
 test acc: 0.700
    test acc: 0.700
    train loss: 1.699
epoch+idx: 9
After sub-epoch 10:
 test acc: 0.707
    test acc: 0.707
    train loss: 1.657
epoch+idx: 10
After sub-epoch 11:
 test acc: 0.700
    test acc: 0.700
    train loss: 1.655
epoch+idx: 11
After sub-epoch 12:
 test acc: 0.696
    test acc: 0.696
    train loss: 1.625
epoch+idx: 12
After sub-epoch 13:
 test acc: 0.694
    test acc: 0.694
    train loss: 1.611
epoch+idx: 13
After sub-epoch 14:
 test acc: 0.695
    test acc: 0.695
    train loss: 1.605
============== End of epoch 0 ============
epoch+idx: 1
After sub-epoch 15:
 test acc: 0.697
    test acc: 0.697
    train loss: 1.498
epoch+idx: 2
After sub-epoch 16:
 test acc: 0.701
    test acc: 0.701
    train loss: 1.475
epoch+idx: 3
After sub-epoch 17:
 test acc: 0.692
    test acc: 0.692
    train loss: 1.313
epoch+idx: 4
After sub-epoch 18:
 test acc: 0.683
    test acc: 0.683
    train loss: 1.235
epoch+idx: 5
After sub-epoch 19:
 test acc: 0.684
    test acc: 0.684
    train loss: 1.241
epoch+idx: 6
After sub-epoch 20:
 test acc: 0.704
    test acc: 0.704
    train loss: 1.336
epoch+idx: 7
After sub-epoch 21:
 test acc: 0.702
    test acc: 0.702
    train loss: 1.315
epoch+idx: 8
After sub-epoch 22:
 test acc: 0.696
    test acc: 0.696
    train loss: 1.325
epoch+idx: 9
After sub-epoch 23:
 test acc: 0.692
    test acc: 0.692
    train loss: 1.300
epoch+idx: 10
After sub-epoch 24:
 test acc: 0.692
    test acc: 0.692
    train loss: 1.296
epoch+idx: 11
After sub-epoch 25:
 test acc: 0.693
    test acc: 0.693
    train loss: 1.272
epoch+idx: 12
After sub-epoch 26:
 test acc: 0.736
    test acc: 0.736
    train loss: 1.283
epoch+idx: 13
After sub-epoch 27:
 test acc: 0.740
    test acc: 0.740
    train loss: 1.263
epoch+idx: 14
After sub-epoch 28:
 test acc: 0.711
    test acc: 0.711
    train loss: 1.266
============== End of epoch 1 ============
epoch+idx: 2
After sub-epoch 29:
 test acc: 0.689
    test acc: 0.689
    train loss: 1.304
epoch+idx: 3
After sub-epoch 30:
 test acc: 0.673
    test acc: 0.673
    train loss: 1.363
epoch+idx: 4
After sub-epoch 31:
 test acc: 0.655
    test acc: 0.655
    train loss: 1.240
epoch+idx: 5
After sub-epoch 32:
 test acc: 0.696
    test acc: 0.696
    train loss: 1.228
epoch+idx: 6
After sub-epoch 33:
 test acc: 0.732
    test acc: 0.732
    train loss: 1.178
epoch+idx: 7
After sub-epoch 34:
 test acc: 0.755
    test acc: 0.755
    train loss: 1.181
epoch+idx: 8
After sub-epoch 35:
 test acc: 0.738
    test acc: 0.738
    train loss: 1.195
epoch+idx: 9
After sub-epoch 36:
 test acc: 0.696
    test acc: 0.696
    train loss: 1.194
epoch+idx: 10
After sub-epoch 37:
 test acc: 0.694
    test acc: 0.694
    train loss: 1.153
epoch+idx: 11
After sub-epoch 38:
 test acc: 0.709
    test acc: 0.709
    train loss: 1.129
epoch+idx: 12
After sub-epoch 39:
 test acc: 0.705
    test acc: 0.705
    train loss: 1.127
epoch+idx: 13
After sub-epoch 40:
 test acc: 0.702
    test acc: 0.702
    train loss: 1.149
epoch+idx: 14
After sub-epoch 41:
 test acc: 0.698
    test acc: 0.698
    train loss: 1.134
epoch+idx: 15
After sub-epoch 42:
 test acc: 0.707
    test acc: 0.707
    train loss: 1.152
============== End of epoch 2 ============
epoch+idx: 3
After sub-epoch 43:
 test acc: 0.704
    test acc: 0.704
    train loss: 1.326
epoch+idx: 4
After sub-epoch 44:
 test acc: 0.702
    test acc: 0.702
    train loss: 1.097
epoch+idx: 5
After sub-epoch 45:
 test acc: 0.697
    test acc: 0.697
    train loss: 1.142
epoch+idx: 6
After sub-epoch 46:
 test acc: 0.695
    test acc: 0.695
    train loss: 1.068
epoch+idx: 7
After sub-epoch 47:
 test acc: 0.705
    test acc: 0.705
    train loss: 1.128
epoch+idx: 8
After sub-epoch 48:
 test acc: 0.711
    test acc: 0.711
    train loss: 1.091
epoch+idx: 9
After sub-epoch 49:
 test acc: 0.744
    test acc: 0.744
    train loss: 1.136
epoch+idx: 10
After sub-epoch 50:
 test acc: 0.756
    test acc: 0.756
    train loss: 1.127
epoch+idx: 11
After sub-epoch 51:
 test acc: 0.766
    test acc: 0.766
    train loss: 1.143
epoch+idx: 12
After sub-epoch 52:
 test acc: 0.770
    test acc: 0.770
    train loss: 1.137
epoch+idx: 13
After sub-epoch 53:
 test acc: 0.764
    test acc: 0.764
    train loss: 1.118
epoch+idx: 14
After sub-epoch 54:
 test acc: 0.742
    test acc: 0.742
    train loss: 1.101
epoch+idx: 15
After sub-epoch 55:
 test acc: 0.721
    test acc: 0.721
    train loss: 1.118
epoch+idx: 16
After sub-epoch 56:
 test acc: 0.728
    test acc: 0.728
    train loss: 1.096
============== End of epoch 3 ============
epoch+idx: 4
After sub-epoch 57:
 test acc: 0.775
    test acc: 0.775
    train loss: 0.924
epoch+idx: 5
After sub-epoch 58:
 test acc: 0.747
    test acc: 0.747
    train loss: 1.197
epoch+idx: 6
After sub-epoch 59:
 test acc: 0.698
    test acc: 0.698
    train loss: 1.129
epoch+idx: 7
After sub-epoch 60:
 test acc: 0.690
    test acc: 0.690
    train loss: 1.121
epoch+idx: 8
After sub-epoch 61:
 test acc: 0.690
    test acc: 0.690
    train loss: 1.055
epoch+idx: 9
After sub-epoch 62:
 test acc: 0.690
    test acc: 0.690
    train loss: 1.034
epoch+idx: 10
After sub-epoch 63:
 test acc: 0.690
    test acc: 0.690
    train loss: 1.016
epoch+idx: 11
After sub-epoch 64:
 test acc: 0.691
    test acc: 0.691
    train loss: 1.047
epoch+idx: 12
After sub-epoch 65:
 test acc: 0.691
    test acc: 0.691
    train loss: 1.021
epoch+idx: 13
After sub-epoch 66:
 test acc: 0.691
    test acc: 0.691
    train loss: 1.017
epoch+idx: 14
After sub-epoch 67:
 test acc: 0.692
    test acc: 0.692
    train loss: 1.055
epoch+idx: 15
After sub-epoch 68:
 test acc: 0.694
    test acc: 0.694
    train loss: 1.033
epoch+idx: 16
After sub-epoch 69:
 test acc: 0.696
    test acc: 0.696
    train loss: 1.051
epoch+idx: 17
After sub-epoch 70:
 test acc: 0.699
    test acc: 0.699
    train loss: 1.022
============== End of epoch 4 ============
epoch+idx: 5
After sub-epoch 71:
 test acc: 0.693
    test acc: 0.693
    train loss: 1.137
epoch+idx: 6
After sub-epoch 72:
 test acc: 0.693
    test acc: 0.693
    train loss: 1.211
epoch+idx: 7
After sub-epoch 73:
 test acc: 0.695
    test acc: 0.695
    train loss: 1.082
epoch+idx: 8
After sub-epoch 74:
 test acc: 0.697
    test acc: 0.697
    train loss: 1.124
epoch+idx: 9
After sub-epoch 75:
 test acc: 0.703
    test acc: 0.703
    train loss: 1.175
epoch+idx: 10
After sub-epoch 76:
 test acc: 0.706
    test acc: 0.706
    train loss: 1.122
epoch+idx: 11
After sub-epoch 77:
 test acc: 0.709
    test acc: 0.709
    train loss: 1.080
epoch+idx: 12
After sub-epoch 78:
 test acc: 0.712
    test acc: 0.712
    train loss: 1.040
epoch+idx: 13
After sub-epoch 79:
 test acc: 0.716
    test acc: 0.716
    train loss: 1.077
epoch+idx: 14
After sub-epoch 80:
 test acc: 0.731
    test acc: 0.731
    train loss: 1.057
epoch+idx: 15
After sub-epoch 81:
 test acc: 0.752
    test acc: 0.752
    train loss: 1.035
epoch+idx: 16
After sub-epoch 82:
 test acc: 0.758
    test acc: 0.758
    train loss: 1.007
epoch+idx: 17
After sub-epoch 83:
 test acc: 0.761
    test acc: 0.761
    train loss: 0.993
epoch+idx: 18
After sub-epoch 84:
 test acc: 0.764
    test acc: 0.764
    train loss: 0.989
============== End of epoch 5 ============
epoch+idx: 6
After sub-epoch 85:
 test acc: 0.768
    test acc: 0.768
    train loss: 1.237
epoch+idx: 7
After sub-epoch 86:
 test acc: 0.770
    test acc: 0.770
    train loss: 0.948
epoch+idx: 8
After sub-epoch 87:
 test acc: 0.761
    test acc: 0.761
    train loss: 1.069
epoch+idx: 9
After sub-epoch 88:
 test acc: 0.763
    test acc: 0.763
    train loss: 1.011
epoch+idx: 10
After sub-epoch 89:
 test acc: 0.761
    test acc: 0.761
    train loss: 1.080
epoch+idx: 11
After sub-epoch 90:
 test acc: 0.759
    test acc: 0.759
    train loss: 1.015
epoch+idx: 12
After sub-epoch 91:
 test acc: 0.758
    test acc: 0.758
    train loss: 0.997
epoch+idx: 13
After sub-epoch 92:
 test acc: 0.757
    test acc: 0.757
    train loss: 0.959
epoch+idx: 14
After sub-epoch 93:
 test acc: 0.757
    test acc: 0.757
    train loss: 0.942
epoch+idx: 15
After sub-epoch 94:
 test acc: 0.757
    test acc: 0.757
    train loss: 0.935
epoch+idx: 16
After sub-epoch 95:
 test acc: 0.757
    test acc: 0.757
    train loss: 0.914
epoch+idx: 17
After sub-epoch 96:
 test acc: 0.757
    test acc: 0.757
    train loss: 0.911
epoch+idx: 18
After sub-epoch 97:
 test acc: 0.758
    test acc: 0.758
    train loss: 0.897
epoch+idx: 19
After sub-epoch 98:
 test acc: 0.762
    test acc: 0.762
    train loss: 0.910
============== End of epoch 6 ============
epoch+idx: 7
After sub-epoch 99:
 test acc: 0.765
    test acc: 0.765
    train loss: 0.623
epoch+idx: 8
After sub-epoch 100:
 test acc: 0.749
    test acc: 0.749
    train loss: 0.833
epoch+idx: 9
After sub-epoch 101:
 test acc: 0.700
    test acc: 0.700
    train loss: 0.793
epoch+idx: 10
After sub-epoch 102:
 test acc: 0.695
    test acc: 0.695
    train loss: 0.908
epoch+idx: 11
After sub-epoch 103:
 test acc: 0.690
    test acc: 0.690
    train loss: 0.836
epoch+idx: 12
After sub-epoch 104:
 test acc: 0.690
    test acc: 0.690
    train loss: 0.818
epoch+idx: 13
After sub-epoch 105:
 test acc: 0.690
    test acc: 0.690
    train loss: 0.887
epoch+idx: 14
After sub-epoch 106:
 test acc: 0.690
    test acc: 0.690
    train loss: 0.899
epoch+idx: 15
After sub-epoch 107:
 test acc: 0.691
    test acc: 0.691
    train loss: 0.858
epoch+idx: 16
After sub-epoch 108:
 test acc: 0.691
    test acc: 0.691
    train loss: 0.857
epoch+idx: 17
After sub-epoch 109:
 test acc: 0.691
    test acc: 0.691
    train loss: 0.881
epoch+idx: 18
After sub-epoch 110:
 test acc: 0.691
    test acc: 0.691
    train loss: 0.867
epoch+idx: 19
After sub-epoch 111:
 test acc: 0.692
    test acc: 0.692
    train loss: 0.915
epoch+idx: 20
After sub-epoch 112:
 test acc: 0.693
    test acc: 0.693
    train loss: 0.941
============== End of epoch 7 ============
epoch+idx: 8
After sub-epoch 113:
 test acc: 0.728
    test acc: 0.728
    train loss: 0.791
epoch+idx: 9
After sub-epoch 114:
 test acc: 0.750
    test acc: 0.750
    train loss: 0.725
epoch+idx: 10
After sub-epoch 115:
 test acc: 0.697
    test acc: 0.697
    train loss: 0.807
epoch+idx: 11
After sub-epoch 116:
 test acc: 0.646
    test acc: 0.646
    train loss: 0.768
epoch+idx: 12
After sub-epoch 117:
 test acc: 0.639
    test acc: 0.639
    train loss: 0.825
epoch+idx: 13
After sub-epoch 118:
 test acc: 0.648
    test acc: 0.648
    train loss: 0.902
epoch+idx: 14
After sub-epoch 119:
 test acc: 0.661
    test acc: 0.661
    train loss: 0.935
epoch+idx: 15
After sub-epoch 120:
 test acc: 0.672
    test acc: 0.672
    train loss: 0.924
epoch+idx: 16
After sub-epoch 121:
 test acc: 0.682
    test acc: 0.682
    train loss: 0.906
epoch+idx: 17
After sub-epoch 122:
 test acc: 0.693
    test acc: 0.693
    train loss: 0.905
epoch+idx: 18
After sub-epoch 123:
 test acc: 0.708
    test acc: 0.708
    train loss: 0.958
epoch+idx: 19
After sub-epoch 124:
 test acc: 0.720
    test acc: 0.720
    train loss: 0.940
epoch+idx: 20
After sub-epoch 125:
 test acc: 0.737
    test acc: 0.737
    train loss: 0.923
epoch+idx: 21
After sub-epoch 126:
 test acc: 0.756
    test acc: 0.756
    train loss: 0.909
============== End of epoch 8 ============
epoch+idx: 9
After sub-epoch 127:
 test acc: 0.769
    test acc: 0.769
    train loss: 0.787
epoch+idx: 10
After sub-epoch 128:
 test acc: 0.777
    test acc: 0.777
    train loss: 0.803
epoch+idx: 11
After sub-epoch 129:
 test acc: 0.777
    test acc: 0.777
    train loss: 0.794
epoch+idx: 12
After sub-epoch 130:
 test acc: 0.771
    test acc: 0.771
    train loss: 0.834
epoch+idx: 13
After sub-epoch 131:
 test acc: 0.761
    test acc: 0.761
    train loss: 0.811
epoch+idx: 14
After sub-epoch 132:
 test acc: 0.741
    test acc: 0.741
    train loss: 0.763
epoch+idx: 15
After sub-epoch 133:
 test acc: 0.730
    test acc: 0.730
    train loss: 0.845
epoch+idx: 16
After sub-epoch 134:
 test acc: 0.723
    test acc: 0.723
    train loss: 0.834
epoch+idx: 17
After sub-epoch 135:
 test acc: 0.722
    test acc: 0.722
    train loss: 0.881
epoch+idx: 18
After sub-epoch 136:
 test acc: 0.744
    test acc: 0.744
    train loss: 0.869
epoch+idx: 19
After sub-epoch 137:
 test acc: 0.753
    test acc: 0.753
    train loss: 0.836
epoch+idx: 20
After sub-epoch 138:
 test acc: 0.757
    test acc: 0.757
    train loss: 0.817
epoch+idx: 21
After sub-epoch 139:
 test acc: 0.736
    test acc: 0.736
    train loss: 0.855
epoch+idx: 22
After sub-epoch 140:
 test acc: 0.729
    test acc: 0.729
    train loss: 0.874
============== End of epoch 9 ============
using CPU backend.
epoch+idx: 0
After sub-epoch 1:
 test acc: 0.006
    test acc: 0.006
    train loss: 1.929
epoch+idx: 1
After sub-epoch 2:
 test acc: 0.484
    test acc: 0.484
    train loss: 1.907
epoch+idx: 2
After sub-epoch 3:
 test acc: 0.485
    test acc: 0.485
    train loss: 1.920
epoch+idx: 3
After sub-epoch 4:
 test acc: 0.485
    test acc: 0.485
    train loss: 1.944
epoch+idx: 4
After sub-epoch 5:
 test acc: 0.485
    test acc: 0.485
    train loss: 1.909
epoch+idx: 5
After sub-epoch 6:
 test acc: 0.485
    test acc: 0.485
    train loss: 1.894
epoch+idx: 6
After sub-epoch 7:
 test acc: 0.485
    test acc: 0.485
    train loss: 1.889
epoch+idx: 7
After sub-epoch 8:
 test acc: 0.694
    test acc: 0.694
    train loss: 1.845
epoch+idx: 8
After sub-epoch 9:
 test acc: 0.676
    test acc: 0.676
    train loss: 1.820
epoch+idx: 9
After sub-epoch 10:
 test acc: 0.485
    test acc: 0.485
    train loss: 1.772
epoch+idx: 10
After sub-epoch 11:
 test acc: 0.485
    test acc: 0.485
    train loss: 1.735
epoch+idx: 11
After sub-epoch 12:
 test acc: 0.485
    test acc: 0.485
    train loss: 1.702
epoch+idx: 12
After sub-epoch 13:
 test acc: 0.485
    test acc: 0.485
    train loss: 1.684
epoch+idx: 13
After sub-epoch 14:
 test acc: 0.485
    test acc: 0.485
    train loss: 1.678
============== End of epoch 0 ============
using CPU backend.
epoch+idx: 0
After sub-epoch 1:
 test acc: 0.000
    test acc: 0.000
    train loss: 1.995
epoch+idx: 1
After sub-epoch 2:
 test acc: 0.053
    test acc: 0.053
    train loss: 1.973
epoch+idx: 2
After sub-epoch 3:
 test acc: 0.245
    test acc: 0.245
    train loss: 1.910
epoch+idx: 3
After sub-epoch 4:
 test acc: 0.245
    test acc: 0.245
    train loss: 1.900
epoch+idx: 4
After sub-epoch 5:
 test acc: 0.245
    test acc: 0.245
    train loss: 1.913
epoch+idx: 5
After sub-epoch 6:
 test acc: 0.245
    test acc: 0.245
    train loss: 1.889
epoch+idx: 6
After sub-epoch 7:
 test acc: 0.245
    test acc: 0.245
    train loss: 1.860
epoch+idx: 7
After sub-epoch 8:
 test acc: 0.246
    test acc: 0.246
    train loss: 1.834
epoch+idx: 8
After sub-epoch 9:
 test acc: 0.246
    test acc: 0.246
    train loss: 1.802
epoch+idx: 9
After sub-epoch 10:
 test acc: 0.246
    test acc: 0.246
    train loss: 1.782
epoch+idx: 10
After sub-epoch 11:
 test acc: 0.246
    test acc: 0.246
    train loss: 1.763
epoch+idx: 11
After sub-epoch 12:
 test acc: 0.245
    test acc: 0.245
    train loss: 1.748
epoch+idx: 12
After sub-epoch 13:
 test acc: 0.245
    test acc: 0.245
    train loss: 1.739
epoch+idx: 13
After sub-epoch 14:
 test acc: 0.245
    test acc: 0.245
    train loss: 1.721
============== End of epoch 0 ============
using CPU backend.
epoch+idx: 0
After sub-epoch 1:
 test acc: 0.195
    test acc: 0.195
    train loss: 1.913
epoch+idx: 1
After sub-epoch 2:
 test acc: 0.205
    test acc: 0.205
    train loss: 2.003
epoch+idx: 2
After sub-epoch 3:
 test acc: 0.611
    test acc: 0.611
    train loss: 1.959
epoch+idx: 3
After sub-epoch 4:
 test acc: 0.406
    test acc: 0.406
    train loss: 2.021
epoch+idx: 4
After sub-epoch 5:
 test acc: 0.613
    test acc: 0.613
    train loss: 2.019
epoch+idx: 5
After sub-epoch 6:
 test acc: 0.614
    test acc: 0.614
    train loss: 1.997
epoch+idx: 6
After sub-epoch 7:
 test acc: 0.614
    test acc: 0.614
    train loss: 2.005
epoch+idx: 7
After sub-epoch 8:
 test acc: 0.615
    test acc: 0.615
    train loss: 1.989
epoch+idx: 8
After sub-epoch 9:
 test acc: 0.618
    test acc: 0.618
    train loss: 1.980
epoch+idx: 9
After sub-epoch 10:
 test acc: 0.622
    test acc: 0.622
    train loss: 1.967
epoch+idx: 10
After sub-epoch 11:
 test acc: 0.624
    test acc: 0.624
    train loss: 1.958
epoch+idx: 11
After sub-epoch 12:
 test acc: 0.619
    test acc: 0.619
    train loss: 1.950
epoch+idx: 12
After sub-epoch 13:
 test acc: 0.610
    test acc: 0.610
    train loss: 1.944
epoch+idx: 13
After sub-epoch 14:
 test acc: 0.604
    test acc: 0.604
    train loss: 1.934
============== End of epoch 0 ============
using CPU backend.
epoch+idx: 0
After sub-epoch 1:
 test acc: 0.028
    test acc: 0.028
    train loss: 2.056
epoch+idx: 1
After sub-epoch 2:
 test acc: 0.027
    test acc: 0.027
    train loss: 1.903
epoch+idx: 2
After sub-epoch 3:
 test acc: 0.029
    test acc: 0.029
    train loss: 1.920
epoch+idx: 3
After sub-epoch 4:
 test acc: 0.038
    test acc: 0.038
    train loss: 1.928
epoch+idx: 4
After sub-epoch 5:
 test acc: 0.044
    test acc: 0.044
    train loss: 1.939
epoch+idx: 5
After sub-epoch 6:
 test acc: 0.045
    test acc: 0.045
    train loss: 1.930
epoch+idx: 6
After sub-epoch 7:
 test acc: 0.376
    test acc: 0.376
    train loss: 1.911
epoch+idx: 7
After sub-epoch 8:
 test acc: 0.489
    test acc: 0.489
    train loss: 1.906
epoch+idx: 8
After sub-epoch 9:
 test acc: 0.531
    test acc: 0.531
    train loss: 1.891
epoch+idx: 9
After sub-epoch 10:
 test acc: 0.489
    test acc: 0.489
    train loss: 1.887
epoch+idx: 10
After sub-epoch 11:
 test acc: 0.485
    test acc: 0.485
    train loss: 1.882
epoch+idx: 11
After sub-epoch 12:
 test acc: 0.495
    test acc: 0.495
    train loss: 1.861
epoch+idx: 12
After sub-epoch 13:
 test acc: 0.504
    test acc: 0.504
    train loss: 1.853
epoch+idx: 13
After sub-epoch 14:
 test acc: 0.543
    test acc: 0.543
    train loss: 1.841
============== End of epoch 0 ============
using CPU backend.
epoch+idx: 0
After sub-epoch 1:
 test acc: 0.578
    test acc: 0.578
    train loss: 1.843
epoch+idx: 1
After sub-epoch 2:
 test acc: 0.578
    test acc: 0.578
    train loss: 1.743
epoch+idx: 2
After sub-epoch 3:
 test acc: 0.578
    test acc: 0.578
    train loss: 1.697
epoch+idx: 3
After sub-epoch 4:
 test acc: 0.578
    test acc: 0.578
    train loss: 1.624
epoch+idx: 4
After sub-epoch 5:
 test acc: 0.578
    test acc: 0.578
    train loss: 1.590
epoch+idx: 5
After sub-epoch 6:
 test acc: 0.578
    test acc: 0.578
    train loss: 1.532
epoch+idx: 6
After sub-epoch 7:
 test acc: 0.578
    test acc: 0.578
    train loss: 1.579
epoch+idx: 7
After sub-epoch 8:
 test acc: 0.578
    test acc: 0.578
    train loss: 1.513
epoch+idx: 8
After sub-epoch 9:
 test acc: 0.578
    test acc: 0.578
    train loss: 1.549
epoch+idx: 9
After sub-epoch 10:
 test acc: 0.578
    test acc: 0.578
    train loss: 1.568
epoch+idx: 10
After sub-epoch 11:
 test acc: 0.578
    test acc: 0.578
    train loss: 1.523
epoch+idx: 11
After sub-epoch 12:
 test acc: 0.578
    test acc: 0.578
    train loss: 1.528
epoch+idx: 12
After sub-epoch 13:
 test acc: 0.578
    test acc: 0.578
    train loss: 1.522
epoch+idx: 13
After sub-epoch 14:
 test acc: 0.578
    test acc: 0.578
    train loss: 1.531
============== End of epoch 0 ============
epoch+idx: 1
After sub-epoch 15:
 test acc: 0.578
    test acc: 0.578
    train loss: 1.064
epoch+idx: 2
After sub-epoch 16:
 test acc: 0.651
    test acc: 0.651
    train loss: 1.348
epoch+idx: 3
After sub-epoch 17:
 test acc: 0.654
    test acc: 0.654
    train loss: 1.260
epoch+idx: 4
After sub-epoch 18:
 test acc: 0.660
    test acc: 0.660
    train loss: 1.262
epoch+idx: 5
After sub-epoch 19:
 test acc: 0.654
    test acc: 0.654
    train loss: 1.194
epoch+idx: 6
After sub-epoch 20:
 test acc: 0.655
    test acc: 0.655
    train loss: 1.165
epoch+idx: 7
After sub-epoch 21:
 test acc: 0.656
    test acc: 0.656
    train loss: 1.144
epoch+idx: 8
After sub-epoch 22:
 test acc: 0.658
    test acc: 0.658
    train loss: 1.176
epoch+idx: 9
After sub-epoch 23:
 test acc: 0.659
    test acc: 0.659
    train loss: 1.201
epoch+idx: 10
After sub-epoch 24:
 test acc: 0.650
    test acc: 0.650
    train loss: 1.216
epoch+idx: 11
After sub-epoch 25:
 test acc: 0.654
    test acc: 0.654
    train loss: 1.226
epoch+idx: 12
After sub-epoch 26:
 test acc: 0.727
    test acc: 0.727
    train loss: 1.248
epoch+idx: 13
After sub-epoch 27:
 test acc: 0.724
    test acc: 0.724
    train loss: 1.220
epoch+idx: 14
After sub-epoch 28:
 test acc: 0.686
    test acc: 0.686
    train loss: 1.224
============== End of epoch 1 ============
epoch+idx: 2
After sub-epoch 29:
 test acc: 0.499
    test acc: 0.499
    train loss: 0.866
epoch+idx: 3
After sub-epoch 30:
 test acc: 0.478
    test acc: 0.478
    train loss: 1.088
epoch+idx: 4
After sub-epoch 31:
 test acc: 0.477
    test acc: 0.477
    train loss: 0.986
epoch+idx: 5
After sub-epoch 32:
 test acc: 0.480
    test acc: 0.480
    train loss: 1.078
epoch+idx: 6
After sub-epoch 33:
 test acc: 0.482
    test acc: 0.482
    train loss: 1.104
epoch+idx: 7
After sub-epoch 34:
 test acc: 0.484
    test acc: 0.484
    train loss: 1.122
epoch+idx: 8
After sub-epoch 35:
 test acc: 0.477
    test acc: 0.477
    train loss: 1.097
epoch+idx: 9
After sub-epoch 36:
 test acc: 0.468
    test acc: 0.468
    train loss: 1.116
epoch+idx: 10
After sub-epoch 37:
 test acc: 0.461
    test acc: 0.461
    train loss: 1.074
epoch+idx: 11
After sub-epoch 38:
 test acc: 0.456
    test acc: 0.456
    train loss: 1.139
epoch+idx: 12
After sub-epoch 39:
 test acc: 0.520
    test acc: 0.520
    train loss: 1.120
epoch+idx: 13
After sub-epoch 40:
 test acc: 0.522
    test acc: 0.522
    train loss: 1.133
epoch+idx: 14
After sub-epoch 41:
 test acc: 0.539
    test acc: 0.539
    train loss: 1.109
epoch+idx: 15
After sub-epoch 42:
 test acc: 0.577
    test acc: 0.577
    train loss: 1.104
============== End of epoch 2 ============
epoch+idx: 3
After sub-epoch 43:
 test acc: 0.529
    test acc: 0.529
    train loss: 0.703
epoch+idx: 4
After sub-epoch 44:
 test acc: 0.526
    test acc: 0.526
    train loss: 0.739
epoch+idx: 5
After sub-epoch 45:
 test acc: 0.535
    test acc: 0.535
    train loss: 0.948
epoch+idx: 6
After sub-epoch 46:
 test acc: 0.546
    test acc: 0.546
    train loss: 0.971
epoch+idx: 7
After sub-epoch 47:
 test acc: 0.543
    test acc: 0.543
    train loss: 0.939
epoch+idx: 8
After sub-epoch 48:
 test acc: 0.540
    test acc: 0.540
    train loss: 0.960
epoch+idx: 9
After sub-epoch 49:
 test acc: 0.537
    test acc: 0.537
    train loss: 0.971
epoch+idx: 10
After sub-epoch 50:
 test acc: 0.538
    test acc: 0.538
    train loss: 0.999
epoch+idx: 11
After sub-epoch 51:
 test acc: 0.494
    test acc: 0.494
    train loss: 0.985
epoch+idx: 12
After sub-epoch 52:
 test acc: 0.480
    test acc: 0.480
    train loss: 0.965
epoch+idx: 13
After sub-epoch 53:
 test acc: 0.539
    test acc: 0.539
    train loss: 1.007
epoch+idx: 14
After sub-epoch 54:
 test acc: 0.543
    test acc: 0.543
    train loss: 1.075
epoch+idx: 15
After sub-epoch 55:
 test acc: 0.532
    test acc: 0.532
    train loss: 1.049
epoch+idx: 16
After sub-epoch 56:
 test acc: 0.519
    test acc: 0.519
    train loss: 1.034
============== End of epoch 3 ============
epoch+idx: 4
After sub-epoch 57:
 test acc: 0.513
    test acc: 0.513
    train loss: 0.595
epoch+idx: 5
After sub-epoch 58:
 test acc: 0.509
    test acc: 0.509
    train loss: 0.989
epoch+idx: 6
After sub-epoch 59:
 test acc: 0.515
    test acc: 0.515
    train loss: 1.046
epoch+idx: 7
After sub-epoch 60:
 test acc: 0.520
    test acc: 0.520
    train loss: 1.091
epoch+idx: 8
After sub-epoch 61:
 test acc: 0.545
    test acc: 0.545
    train loss: 1.218
epoch+idx: 9
After sub-epoch 62:
 test acc: 0.619
    test acc: 0.619
    train loss: 1.122
epoch+idx: 10
After sub-epoch 63:
 test acc: 0.671
    test acc: 0.671
    train loss: 1.056
epoch+idx: 11
After sub-epoch 64:
 test acc: 0.689
    test acc: 0.689
    train loss: 1.018
epoch+idx: 12
After sub-epoch 65:
 test acc: 0.702
    test acc: 0.702
    train loss: 1.008
epoch+idx: 13
After sub-epoch 66:
 test acc: 0.710
    test acc: 0.710
    train loss: 1.002
epoch+idx: 14
After sub-epoch 67:
 test acc: 0.715
    test acc: 0.715
    train loss: 1.011
epoch+idx: 15
After sub-epoch 68:
 test acc: 0.714
    test acc: 0.714
    train loss: 0.986
epoch+idx: 16
After sub-epoch 69:
 test acc: 0.713
    test acc: 0.713
    train loss: 0.976
epoch+idx: 17
After sub-epoch 70:
 test acc: 0.707
    test acc: 0.707
    train loss: 0.973
============== End of epoch 4 ============
epoch+idx: 5
After sub-epoch 71:
 test acc: 0.700
    test acc: 0.700
    train loss: 1.089
epoch+idx: 6
After sub-epoch 72:
 test acc: 0.679
    test acc: 0.679
    train loss: 0.876
epoch+idx: 7
After sub-epoch 73:
 test acc: 0.643
    test acc: 0.643
    train loss: 0.860
epoch+idx: 8
After sub-epoch 74:
 test acc: 0.568
    test acc: 0.568
    train loss: 0.811
epoch+idx: 9
After sub-epoch 75:
 test acc: 0.527
    test acc: 0.527
    train loss: 0.905
epoch+idx: 10
After sub-epoch 76:
 test acc: 0.525
    test acc: 0.525
    train loss: 0.907
epoch+idx: 11
After sub-epoch 77:
 test acc: 0.535
    test acc: 0.535
    train loss: 0.964
epoch+idx: 12
After sub-epoch 78:
 test acc: 0.547
    test acc: 0.547
    train loss: 0.916
epoch+idx: 13
After sub-epoch 79:
 test acc: 0.549
    test acc: 0.549
    train loss: 0.886
epoch+idx: 14
After sub-epoch 80:
 test acc: 0.555
    test acc: 0.555
    train loss: 0.875
epoch+idx: 15
After sub-epoch 81:
 test acc: 0.555
    test acc: 0.555
    train loss: 0.876
epoch+idx: 16
After sub-epoch 82:
 test acc: 0.542
    test acc: 0.542
    train loss: 0.856
epoch+idx: 17
After sub-epoch 83:
 test acc: 0.518
    test acc: 0.518
    train loss: 0.927
epoch+idx: 18
After sub-epoch 84:
 test acc: 0.487
    test acc: 0.487
    train loss: 0.923
============== End of epoch 5 ============
epoch+idx: 6
After sub-epoch 85:
 test acc: 0.403
    test acc: 0.403
    train loss: 0.652
epoch+idx: 7
After sub-epoch 86:
 test acc: 0.383
    test acc: 0.383
    train loss: 0.983
epoch+idx: 8
After sub-epoch 87:
 test acc: 0.396
    test acc: 0.396
    train loss: 1.077
epoch+idx: 9
After sub-epoch 88:
 test acc: 0.413
    test acc: 0.413
    train loss: 0.946
epoch+idx: 10
After sub-epoch 89:
 test acc: 0.429
    test acc: 0.429
    train loss: 0.895
epoch+idx: 11
After sub-epoch 90:
 test acc: 0.490
    test acc: 0.490
    train loss: 0.902
epoch+idx: 12
After sub-epoch 91:
 test acc: 0.533
    test acc: 0.533
    train loss: 1.020
epoch+idx: 13
After sub-epoch 92:
 test acc: 0.555
    test acc: 0.555
    train loss: 0.999
epoch+idx: 14
After sub-epoch 93:
 test acc: 0.550
    test acc: 0.550
    train loss: 0.971
epoch+idx: 15
After sub-epoch 94:
 test acc: 0.542
    test acc: 0.542
    train loss: 0.961
epoch+idx: 16
After sub-epoch 95:
 test acc: 0.735
    test acc: 0.735
    train loss: 0.953
epoch+idx: 17
After sub-epoch 96:
 test acc: 0.736
    test acc: 0.736
    train loss: 0.924
epoch+idx: 18
After sub-epoch 97:
 test acc: 0.722
    test acc: 0.722
    train loss: 0.931
epoch+idx: 19
After sub-epoch 98:
 test acc: 0.701
    test acc: 0.701
    train loss: 0.916
============== End of epoch 6 ============
epoch+idx: 7
After sub-epoch 99:
 test acc: 0.692
    test acc: 0.692
    train loss: 0.886
epoch+idx: 8
After sub-epoch 100:
 test acc: 0.672
    test acc: 0.672
    train loss: 0.901
epoch+idx: 9
After sub-epoch 101:
 test acc: 0.646
    test acc: 0.646
    train loss: 1.063
epoch+idx: 10
After sub-epoch 102:
 test acc: 0.629
    test acc: 0.629
    train loss: 0.940
epoch+idx: 11
After sub-epoch 103:
 test acc: 0.578
    test acc: 0.578
    train loss: 0.935
epoch+idx: 12
After sub-epoch 104:
 test acc: 0.549
    test acc: 0.549
    train loss: 0.998
epoch+idx: 13
After sub-epoch 105:
 test acc: 0.548
    test acc: 0.548
    train loss: 0.937
epoch+idx: 14
After sub-epoch 106:
 test acc: 0.545
    test acc: 0.545
    train loss: 0.902
epoch+idx: 15
After sub-epoch 107:
 test acc: 0.544
    test acc: 0.544
    train loss: 0.928
epoch+idx: 16
After sub-epoch 108:
 test acc: 0.551
    test acc: 0.551
    train loss: 1.012
epoch+idx: 17
After sub-epoch 109:
 test acc: 0.558
    test acc: 0.558
    train loss: 1.005
epoch+idx: 18
After sub-epoch 110:
 test acc: 0.566
    test acc: 0.566
    train loss: 0.979
epoch+idx: 19
After sub-epoch 111:
 test acc: 0.546
    test acc: 0.546
    train loss: 0.952
epoch+idx: 20
After sub-epoch 112:
 test acc: 0.540
    test acc: 0.540
    train loss: 0.940
============== End of epoch 7 ============
epoch+idx: 8
After sub-epoch 113:
 test acc: 0.541
    test acc: 0.541
    train loss: 0.636
epoch+idx: 9
After sub-epoch 114:
 test acc: 0.542
    test acc: 0.542
    train loss: 0.929
epoch+idx: 10
After sub-epoch 115:
 test acc: 0.544
    test acc: 0.544
    train loss: 0.858
epoch+idx: 11
After sub-epoch 116:
 test acc: 0.544
    test acc: 0.544
    train loss: 0.791
epoch+idx: 12
After sub-epoch 117:
 test acc: 0.457
    test acc: 0.457
    train loss: 0.799
epoch+idx: 13
After sub-epoch 118:
 test acc: 0.452
    test acc: 0.452
    train loss: 0.750
epoch+idx: 14
After sub-epoch 119:
 test acc: 0.446
    test acc: 0.446
    train loss: 0.726
epoch+idx: 15
After sub-epoch 120:
 test acc: 0.531
    test acc: 0.531
    train loss: 0.803
epoch+idx: 16
After sub-epoch 121:
 test acc: 0.525
    test acc: 0.525
    train loss: 0.789
epoch+idx: 17
After sub-epoch 122:
 test acc: 0.551
    test acc: 0.551
    train loss: 0.883
epoch+idx: 18
After sub-epoch 123:
 test acc: 0.600
    test acc: 0.600
    train loss: 0.875
epoch+idx: 19
After sub-epoch 124:
 test acc: 0.638
    test acc: 0.638
    train loss: 0.866
epoch+idx: 20
After sub-epoch 125:
 test acc: 0.658
    test acc: 0.658
    train loss: 0.860
epoch+idx: 21
After sub-epoch 126:
 test acc: 0.668
    test acc: 0.668
    train loss: 0.899
============== End of epoch 8 ============
epoch+idx: 9
After sub-epoch 127:
 test acc: 0.670
    test acc: 0.670
    train loss: 1.403
epoch+idx: 10
After sub-epoch 128:
 test acc: 0.658
    test acc: 0.658
    train loss: 1.026
epoch+idx: 11
After sub-epoch 129:
 test acc: 0.628
    test acc: 0.628
    train loss: 1.120
epoch+idx: 12
After sub-epoch 130:
 test acc: 0.593
    test acc: 0.593
    train loss: 1.004
epoch+idx: 13
After sub-epoch 131:
 test acc: 0.583
    test acc: 0.583
    train loss: 1.040
epoch+idx: 14
After sub-epoch 132:
 test acc: 0.519
    test acc: 0.519
    train loss: 0.995
epoch+idx: 15
After sub-epoch 133:
 test acc: 0.501
    test acc: 0.501
    train loss: 1.013
epoch+idx: 16
After sub-epoch 134:
 test acc: 0.524
    test acc: 0.524
    train loss: 1.024
epoch+idx: 17
After sub-epoch 135:
 test acc: 0.543
    test acc: 0.543
    train loss: 0.970
epoch+idx: 18
After sub-epoch 136:
 test acc: 0.546
    test acc: 0.546
    train loss: 0.942
epoch+idx: 19
After sub-epoch 137:
 test acc: 0.547
    test acc: 0.547
    train loss: 0.922
epoch+idx: 20
After sub-epoch 138:
 test acc: 0.546
    test acc: 0.546
    train loss: 0.987
epoch+idx: 21
After sub-epoch 139:
 test acc: 0.537
    test acc: 0.537
    train loss: 0.961
epoch+idx: 22
After sub-epoch 140:
 test acc: 0.540
    test acc: 0.540
    train loss: 0.947
============== End of epoch 9 ============
using CPU backend.
epoch+idx: 0
After sub-epoch 1:
 test acc: 0.135
    test acc: 0.135
    train loss: 1.945
epoch+idx: 1
After sub-epoch 2:
 test acc: 0.136
    test acc: 0.136
    train loss: 1.872
epoch+idx: 2
After sub-epoch 3:
 test acc: 0.145
    test acc: 0.145
    train loss: 1.894
epoch+idx: 3
After sub-epoch 4:
 test acc: 0.344
    test acc: 0.344
    train loss: 1.900
epoch+idx: 4
After sub-epoch 5:
 test acc: 0.539
    test acc: 0.539
    train loss: 1.891
epoch+idx: 5
After sub-epoch 6:
 test acc: 0.626
    test acc: 0.626
    train loss: 1.879
epoch+idx: 6
After sub-epoch 7:
 test acc: 0.550
    test acc: 0.550
    train loss: 1.864
epoch+idx: 7
After sub-epoch 8:
 test acc: 0.520
    test acc: 0.520
    train loss: 1.856
epoch+idx: 8
After sub-epoch 9:
 test acc: 0.514
    test acc: 0.514
    train loss: 1.855
epoch+idx: 9
After sub-epoch 10:
 test acc: 0.512
    test acc: 0.512
    train loss: 1.851
epoch+idx: 10
After sub-epoch 11:
 test acc: 0.510
    test acc: 0.510
    train loss: 1.843
epoch+idx: 11
After sub-epoch 12:
 test acc: 0.506
    test acc: 0.506
    train loss: 1.833
epoch+idx: 12
After sub-epoch 13:
 test acc: 0.502
    test acc: 0.502
    train loss: 1.822
epoch+idx: 13
After sub-epoch 14:
 test acc: 0.500
    test acc: 0.500
    train loss: 1.817
============== End of epoch 0 ============
using CPU backend.
epoch+idx: 0
After sub-epoch 1:
 test acc: 0.293
    test acc: 0.293
    train loss: 1.739
epoch+idx: 1
After sub-epoch 2:
 test acc: 0.562
    test acc: 0.562
    train loss: 1.716
epoch+idx: 2
After sub-epoch 3:
 test acc: 0.592
    test acc: 0.592
    train loss: 1.732
epoch+idx: 3
After sub-epoch 4:
 test acc: 0.609
    test acc: 0.609
    train loss: 1.854
epoch+idx: 4
After sub-epoch 5:
 test acc: 0.648
    test acc: 0.648
    train loss: 1.825
epoch+idx: 5
After sub-epoch 6:
 test acc: 0.668
    test acc: 0.668
    train loss: 1.796
epoch+idx: 6
After sub-epoch 7:
 test acc: 0.676
    test acc: 0.676
    train loss: 1.777
epoch+idx: 7
After sub-epoch 8:
 test acc: 0.674
    test acc: 0.674
    train loss: 1.762
epoch+idx: 8
After sub-epoch 9:
 test acc: 0.672
    test acc: 0.672
    train loss: 1.760
epoch+idx: 9
After sub-epoch 10:
 test acc: 0.671
    test acc: 0.671
    train loss: 1.768
epoch+idx: 10
After sub-epoch 11:
 test acc: 0.673
    test acc: 0.673
    train loss: 1.747
epoch+idx: 11
After sub-epoch 12:
 test acc: 0.680
    test acc: 0.680
    train loss: 1.720
epoch+idx: 12
After sub-epoch 13:
 test acc: 0.685
    test acc: 0.685
    train loss: 1.717
epoch+idx: 13
After sub-epoch 14:
 test acc: 0.687
    test acc: 0.687
    train loss: 1.715
============== End of epoch 0 ============
using CPU backend.
epoch+idx: 0
After sub-epoch 1:
 test acc: 0.028
    test acc: 0.028
    train loss: 2.007
epoch+idx: 1
After sub-epoch 2:
 test acc: 0.506
    test acc: 0.506
    train loss: 1.942
epoch+idx: 2
After sub-epoch 3:
 test acc: 0.466
    test acc: 0.466
    train loss: 1.881
epoch+idx: 3
After sub-epoch 4:
 test acc: 0.490
    test acc: 0.490
    train loss: 1.840
epoch+idx: 4
After sub-epoch 5:
 test acc: 0.590
    test acc: 0.590
    train loss: 1.804
epoch+idx: 5
After sub-epoch 6:
 test acc: 0.438
    test acc: 0.438
    train loss: 1.737
epoch+idx: 6
After sub-epoch 7:
 test acc: 0.417
    test acc: 0.417
    train loss: 1.668
epoch+idx: 7
After sub-epoch 8:
 test acc: 0.335
    test acc: 0.335
    train loss: 1.628
epoch+idx: 8
After sub-epoch 9:
 test acc: 0.324
    test acc: 0.324
    train loss: 1.573
epoch+idx: 9
After sub-epoch 10:
 test acc: 0.319
    test acc: 0.319
    train loss: 1.520
epoch+idx: 10
After sub-epoch 11:
 test acc: 0.316
    test acc: 0.316
    train loss: 1.465
epoch+idx: 11
After sub-epoch 12:
 test acc: 0.314
    test acc: 0.314
    train loss: 1.471
epoch+idx: 12
After sub-epoch 13:
 test acc: 0.311
    test acc: 0.311
    train loss: 1.444
epoch+idx: 13
After sub-epoch 14:
 test acc: 0.315
    test acc: 0.315
    train loss: 1.443
============== End of epoch 0 ============
epoch+idx: 1
After sub-epoch 15:
 test acc: 0.321
    test acc: 0.321
    train loss: 1.423
epoch+idx: 2
After sub-epoch 16:
 test acc: 0.329
    test acc: 0.329
    train loss: 1.266
epoch+idx: 3
After sub-epoch 17:
 test acc: 0.399
    test acc: 0.399
    train loss: 1.250
epoch+idx: 4
After sub-epoch 18:
 test acc: 0.433
    test acc: 0.433
    train loss: 1.118
epoch+idx: 5
After sub-epoch 19:
 test acc: 0.450
    test acc: 0.450
    train loss: 1.164
epoch+idx: 6
After sub-epoch 20:
 test acc: 0.463
    test acc: 0.463
    train loss: 1.112
epoch+idx: 7
After sub-epoch 21:
 test acc: 0.467
    test acc: 0.467
    train loss: 1.115
epoch+idx: 8
After sub-epoch 22:
 test acc: 0.474
    test acc: 0.474
    train loss: 1.157
epoch+idx: 9
After sub-epoch 23:
 test acc: 0.475
    test acc: 0.475
    train loss: 1.139
epoch+idx: 10
After sub-epoch 24:
 test acc: 0.477
    test acc: 0.477
    train loss: 1.139
epoch+idx: 11
After sub-epoch 25:
 test acc: 0.477
    test acc: 0.477
    train loss: 1.158
epoch+idx: 12
After sub-epoch 26:
 test acc: 0.467
    test acc: 0.467
    train loss: 1.167
epoch+idx: 13
After sub-epoch 27:
 test acc: 0.461
    test acc: 0.461
    train loss: 1.135
epoch+idx: 14
After sub-epoch 28:
 test acc: 0.453
    test acc: 0.453
    train loss: 1.173
============== End of epoch 1 ============
epoch+idx: 2
After sub-epoch 29:
 test acc: 0.447
    test acc: 0.447
    train loss: 1.138
epoch+idx: 3
After sub-epoch 30:
 test acc: 0.432
    test acc: 0.432
    train loss: 0.919
epoch+idx: 4
After sub-epoch 31:
 test acc: 0.413
    test acc: 0.413
    train loss: 0.932
epoch+idx: 5
After sub-epoch 32:
 test acc: 0.356
    test acc: 0.356
    train loss: 0.988
epoch+idx: 6
After sub-epoch 33:
 test acc: 0.332
    test acc: 0.332
    train loss: 0.953
epoch+idx: 7
After sub-epoch 34:
 test acc: 0.330
    test acc: 0.330
    train loss: 0.916
epoch+idx: 8
After sub-epoch 35:
 test acc: 0.328
    test acc: 0.328
    train loss: 0.933
epoch+idx: 9
After sub-epoch 36:
 test acc: 0.328
    test acc: 0.328
    train loss: 0.987
epoch+idx: 10
After sub-epoch 37:
 test acc: 0.328
    test acc: 0.328
    train loss: 1.054
epoch+idx: 11
After sub-epoch 38:
 test acc: 0.329
    test acc: 0.329
    train loss: 1.041
epoch+idx: 12
After sub-epoch 39:
 test acc: 0.329
    test acc: 0.329
    train loss: 0.998
epoch+idx: 13
After sub-epoch 40:
 test acc: 0.331
    test acc: 0.331
    train loss: 1.019
epoch+idx: 14
After sub-epoch 41:
 test acc: 0.440
    test acc: 0.440
    train loss: 1.053
epoch+idx: 15
After sub-epoch 42:
 test acc: 0.457
    test acc: 0.457
    train loss: 1.080
============== End of epoch 2 ============
epoch+idx: 3
After sub-epoch 43:
 test acc: 0.440
    test acc: 0.440
    train loss: 1.391
epoch+idx: 4
After sub-epoch 44:
 test acc: 0.333
    test acc: 0.333
    train loss: 1.042
epoch+idx: 5
After sub-epoch 45:
 test acc: 0.331
    test acc: 0.331
    train loss: 0.906
epoch+idx: 6
After sub-epoch 46:
 test acc: 0.333
    test acc: 0.333
    train loss: 0.922
epoch+idx: 7
After sub-epoch 47:
 test acc: 0.333
    test acc: 0.333
    train loss: 0.951
epoch+idx: 8
After sub-epoch 48:
 test acc: 0.334
    test acc: 0.334
    train loss: 1.028
epoch+idx: 9
After sub-epoch 49:
 test acc: 0.466
    test acc: 0.466
    train loss: 1.069
epoch+idx: 10
After sub-epoch 50:
 test acc: 0.476
    test acc: 0.476
    train loss: 1.017
epoch+idx: 11
After sub-epoch 51:
 test acc: 0.480
    test acc: 0.480
    train loss: 1.009
epoch+idx: 12
After sub-epoch 52:
 test acc: 0.728
    test acc: 0.728
    train loss: 1.014
epoch+idx: 13
After sub-epoch 53:
 test acc: 0.721
    test acc: 0.721
    train loss: 1.027
epoch+idx: 14
After sub-epoch 54:
 test acc: 0.715
    test acc: 0.715
    train loss: 1.050
epoch+idx: 15
After sub-epoch 55:
 test acc: 0.677
    test acc: 0.677
    train loss: 1.032
epoch+idx: 16
After sub-epoch 56:
 test acc: 0.699
    test acc: 0.699
    train loss: 1.019
============== End of epoch 3 ============
epoch+idx: 4
After sub-epoch 57:
 test acc: 0.718
    test acc: 0.718
    train loss: 0.832
epoch+idx: 5
After sub-epoch 58:
 test acc: 0.728
    test acc: 0.728
    train loss: 0.998
epoch+idx: 6
After sub-epoch 59:
 test acc: 0.731
    test acc: 0.731
    train loss: 1.048
epoch+idx: 7
After sub-epoch 60:
 test acc: 0.733
    test acc: 0.733
    train loss: 0.982
epoch+idx: 8
After sub-epoch 61:
 test acc: 0.735
    test acc: 0.735
    train loss: 1.065
epoch+idx: 9
After sub-epoch 62:
 test acc: 0.733
    test acc: 0.733
    train loss: 1.091
epoch+idx: 10
After sub-epoch 63:
 test acc: 0.732
    test acc: 0.732
    train loss: 1.035
epoch+idx: 11
After sub-epoch 64:
 test acc: 0.731
    test acc: 0.731
    train loss: 0.989
epoch+idx: 12
After sub-epoch 65:
 test acc: 0.729
    test acc: 0.729
    train loss: 0.936
epoch+idx: 13
After sub-epoch 66:
 test acc: 0.728
    test acc: 0.728
    train loss: 0.940
epoch+idx: 14
After sub-epoch 67:
 test acc: 0.727
    test acc: 0.727
    train loss: 0.913
epoch+idx: 15
After sub-epoch 68:
 test acc: 0.726
    test acc: 0.726
    train loss: 0.929
epoch+idx: 16
After sub-epoch 69:
 test acc: 0.726
    test acc: 0.726
    train loss: 0.965
epoch+idx: 17
After sub-epoch 70:
 test acc: 0.726
    test acc: 0.726
    train loss: 0.963
============== End of epoch 4 ============
epoch+idx: 5
After sub-epoch 71:
 test acc: 0.494
    test acc: 0.494
    train loss: 1.027
epoch+idx: 6
After sub-epoch 72:
 test acc: 0.720
    test acc: 0.720
    train loss: 0.930
epoch+idx: 7
After sub-epoch 73:
 test acc: 0.708
    test acc: 0.708
    train loss: 0.874
epoch+idx: 8
After sub-epoch 74:
 test acc: 0.692
    test acc: 0.692
    train loss: 0.779
epoch+idx: 9
After sub-epoch 75:
 test acc: 0.675
    test acc: 0.675
    train loss: 0.764
epoch+idx: 10
After sub-epoch 76:
 test acc: 0.701
    test acc: 0.701
    train loss: 0.817
epoch+idx: 11
After sub-epoch 77:
 test acc: 0.708
    test acc: 0.708
    train loss: 0.855
epoch+idx: 12
After sub-epoch 78:
 test acc: 0.714
    test acc: 0.714
    train loss: 0.898
epoch+idx: 13
After sub-epoch 79:
 test acc: 0.740
    test acc: 0.740
    train loss: 0.909
epoch+idx: 14
After sub-epoch 80:
 test acc: 0.744
    test acc: 0.744
    train loss: 0.884
epoch+idx: 15
After sub-epoch 81:
 test acc: 0.751
    test acc: 0.751
    train loss: 0.857
epoch+idx: 16
After sub-epoch 82:
 test acc: 0.744
    test acc: 0.744
    train loss: 0.861
epoch+idx: 17
After sub-epoch 83:
 test acc: 0.736
    test acc: 0.736
    train loss: 0.903
epoch+idx: 18
After sub-epoch 84:
 test acc: 0.731
    test acc: 0.731
    train loss: 0.934
============== End of epoch 5 ============
epoch+idx: 6
After sub-epoch 85:
 test acc: 0.729
    test acc: 0.729
    train loss: 0.620
epoch+idx: 7
After sub-epoch 86:
 test acc: 0.724
    test acc: 0.724
    train loss: 0.749
epoch+idx: 8
After sub-epoch 87:
 test acc: 0.717
    test acc: 0.717
    train loss: 0.889
epoch+idx: 9
After sub-epoch 88:
 test acc: 0.598
    test acc: 0.598
    train loss: 0.927
epoch+idx: 10
After sub-epoch 89:
 test acc: 0.591
    test acc: 0.591
    train loss: 0.910
epoch+idx: 11
After sub-epoch 90:
 test acc: 0.592
    test acc: 0.592
    train loss: 1.000
epoch+idx: 12
After sub-epoch 91:
 test acc: 0.591
    test acc: 0.591
    train loss: 1.014
epoch+idx: 13
After sub-epoch 92:
 test acc: 0.590
    test acc: 0.590
    train loss: 0.983
epoch+idx: 14
After sub-epoch 93:
 test acc: 0.588
    test acc: 0.588
    train loss: 0.930
epoch+idx: 15
After sub-epoch 94:
 test acc: 0.608
    test acc: 0.608
    train loss: 0.911
epoch+idx: 16
After sub-epoch 95:
 test acc: 0.640
    test acc: 0.640
    train loss: 0.952
epoch+idx: 17
After sub-epoch 96:
 test acc: 0.667
    test acc: 0.667
    train loss: 0.926
epoch+idx: 18
After sub-epoch 97:
 test acc: 0.685
    test acc: 0.685
    train loss: 0.940
epoch+idx: 19
After sub-epoch 98:
 test acc: 0.697
    test acc: 0.697
    train loss: 0.926
============== End of epoch 6 ============
epoch+idx: 7
After sub-epoch 99:
 test acc: 0.630
    test acc: 0.630
    train loss: 0.594
epoch+idx: 8
After sub-epoch 100:
 test acc: 0.626
    test acc: 0.626
    train loss: 0.659
epoch+idx: 9
After sub-epoch 101:
 test acc: 0.625
    test acc: 0.625
    train loss: 0.781
epoch+idx: 10
After sub-epoch 102:
 test acc: 0.624
    test acc: 0.624
    train loss: 0.763
epoch+idx: 11
After sub-epoch 103:
 test acc: 0.625
    test acc: 0.625
    train loss: 0.878
epoch+idx: 12
After sub-epoch 104:
 test acc: 0.638
    test acc: 0.638
    train loss: 0.961
epoch+idx: 13
After sub-epoch 105:
 test acc: 0.641
    test acc: 0.641
    train loss: 0.911
epoch+idx: 14
After sub-epoch 106:
 test acc: 0.641
    test acc: 0.641
    train loss: 0.871
epoch+idx: 15
After sub-epoch 107:
 test acc: 0.660
    test acc: 0.660
    train loss: 0.951
epoch+idx: 16
After sub-epoch 108:
 test acc: 0.748
    test acc: 0.748
    train loss: 0.999
epoch+idx: 17
After sub-epoch 109:
 test acc: 0.740
    test acc: 0.740
    train loss: 1.012
epoch+idx: 18
After sub-epoch 110:
 test acc: 0.707
    test acc: 0.707
    train loss: 1.013
epoch+idx: 19
After sub-epoch 111:
 test acc: 0.634
    test acc: 0.634
    train loss: 0.985
epoch+idx: 20
After sub-epoch 112:
 test acc: 0.464
    test acc: 0.464
    train loss: 0.951
============== End of epoch 7 ============
epoch+idx: 8
After sub-epoch 113:
 test acc: 0.465
    test acc: 0.465
    train loss: 0.946
epoch+idx: 9
After sub-epoch 114:
 test acc: 0.465
    test acc: 0.465
    train loss: 0.770
epoch+idx: 10
After sub-epoch 115:
 test acc: 0.524
    test acc: 0.524
    train loss: 0.770
epoch+idx: 11
After sub-epoch 116:
 test acc: 0.533
    test acc: 0.533
    train loss: 0.824
epoch+idx: 12
After sub-epoch 117:
 test acc: 0.534
    test acc: 0.534
    train loss: 1.003
epoch+idx: 13
After sub-epoch 118:
 test acc: 0.462
    test acc: 0.462
    train loss: 1.088
epoch+idx: 14
After sub-epoch 119:
 test acc: 0.457
    test acc: 0.457
    train loss: 1.008
epoch+idx: 15
After sub-epoch 120:
 test acc: 0.453
    test acc: 0.453
    train loss: 0.998
epoch+idx: 16
After sub-epoch 121:
 test acc: 0.449
    test acc: 0.449
    train loss: 1.015
epoch+idx: 17
After sub-epoch 122:
 test acc: 0.442
    test acc: 0.442
    train loss: 1.032
epoch+idx: 18
After sub-epoch 123:
 test acc: 0.435
    test acc: 0.435
    train loss: 1.016
epoch+idx: 19
After sub-epoch 124:
 test acc: 0.425
    test acc: 0.425
    train loss: 0.967
epoch+idx: 20
After sub-epoch 125:
 test acc: 0.411
    test acc: 0.411
    train loss: 1.007
epoch+idx: 21
After sub-epoch 126:
 test acc: 0.332
    test acc: 0.332
    train loss: 1.002
============== End of epoch 8 ============
using CPU backend.
epoch+idx: 0
After sub-epoch 1:
 test acc: 0.612
    test acc: 0.612
    train loss: 1.908
epoch+idx: 1
After sub-epoch 2:
 test acc: 0.612
    test acc: 0.612
    train loss: 1.933
epoch+idx: 2
After sub-epoch 3:
 test acc: 0.612
    test acc: 0.612
    train loss: 1.931
epoch+idx: 3
After sub-epoch 4:
 test acc: 0.603
    test acc: 0.603
    train loss: 1.840
epoch+idx: 4
After sub-epoch 5:
 test acc: 0.612
    test acc: 0.612
    train loss: 1.746
epoch+idx: 5
After sub-epoch 6:
 test acc: 0.612
    test acc: 0.612
    train loss: 1.760
epoch+idx: 6
After sub-epoch 7:
 test acc: 0.612
    test acc: 0.612
    train loss: 1.727
epoch+idx: 7
After sub-epoch 8:
 test acc: 0.612
    test acc: 0.612
    train loss: 1.719
epoch+idx: 8
After sub-epoch 9:
 test acc: 0.612
    test acc: 0.612
    train loss: 1.656
epoch+idx: 9
After sub-epoch 10:
 test acc: 0.612
    test acc: 0.612
    train loss: 1.595
epoch+idx: 10
After sub-epoch 11:
 test acc: 0.612
    test acc: 0.612
    train loss: 1.661
epoch+idx: 11
After sub-epoch 12:
 test acc: 0.612
    test acc: 0.612
    train loss: 1.669
epoch+idx: 12
After sub-epoch 13:
 test acc: 0.612
    test acc: 0.612
    train loss: 1.610
epoch+idx: 13
After sub-epoch 14:
 test acc: 0.612
    test acc: 0.612
    train loss: 1.554
============== End of epoch 0 ============
epoch+idx: 1
After sub-epoch 15:
 test acc: 0.612
    test acc: 0.612
    train loss: 0.918
epoch+idx: 2
After sub-epoch 16:
 test acc: 0.612
    test acc: 0.612
    train loss: 1.131
epoch+idx: 3
After sub-epoch 17:
 test acc: 0.612
    test acc: 0.612
    train loss: 0.988
epoch+idx: 4
After sub-epoch 18:
 test acc: 0.612
    test acc: 0.612
    train loss: 0.905
epoch+idx: 5
After sub-epoch 19:
 test acc: 0.612
    test acc: 0.612
    train loss: 0.921
epoch+idx: 6
After sub-epoch 20:
 test acc: 0.612
    test acc: 0.612
    train loss: 1.172
epoch+idx: 7
After sub-epoch 21:
 test acc: 0.612
    test acc: 0.612
    train loss: 1.276
epoch+idx: 8
After sub-epoch 22:
 test acc: 0.612
    test acc: 0.612
    train loss: 1.376
epoch+idx: 9
After sub-epoch 23:
 test acc: 0.612
    test acc: 0.612
    train loss: 1.282
epoch+idx: 10
After sub-epoch 24:
 test acc: 0.612
    test acc: 0.612
    train loss: 1.216
epoch+idx: 11
After sub-epoch 25:
 test acc: 0.612
    test acc: 0.612
    train loss: 1.275
epoch+idx: 12
After sub-epoch 26:
 test acc: 0.612
    test acc: 0.612
    train loss: 1.343
epoch+idx: 13
After sub-epoch 27:
 test acc: 0.612
    test acc: 0.612
    train loss: 1.282
epoch+idx: 14
After sub-epoch 28:
 test acc: 0.612
    test acc: 0.612
    train loss: 1.330
============== End of epoch 1 ============
using CPU backend.
epoch+idx: 0
After sub-epoch 1:
 test acc: 0.083
    test acc: 0.083
    train loss: 2.032
epoch+idx: 1
After sub-epoch 2:
 test acc: 0.496
    test acc: 0.496
    train loss: 2.017
epoch+idx: 2
After sub-epoch 3:
 test acc: 0.478
    test acc: 0.478
    train loss: 1.892
epoch+idx: 3
After sub-epoch 4:
 test acc: 0.478
    test acc: 0.478
    train loss: 1.782
epoch+idx: 4
After sub-epoch 5:
 test acc: 0.478
    test acc: 0.478
    train loss: 1.819
epoch+idx: 5
After sub-epoch 6:
 test acc: 0.478
    test acc: 0.478
    train loss: 1.749
epoch+idx: 6
After sub-epoch 7:
 test acc: 0.489
    test acc: 0.489
    train loss: 1.773
epoch+idx: 7
After sub-epoch 8:
 test acc: 0.494
    test acc: 0.494
    train loss: 1.648
epoch+idx: 8
After sub-epoch 9:
 test acc: 0.496
    test acc: 0.496
    train loss: 1.575
epoch+idx: 9
After sub-epoch 10:
 test acc: 0.500
    test acc: 0.500
    train loss: 1.548
epoch+idx: 10
After sub-epoch 11:
 test acc: 0.421
    test acc: 0.421
    train loss: 1.493
epoch+idx: 11
After sub-epoch 12:
 test acc: 0.502
    test acc: 0.502
    train loss: 1.506
epoch+idx: 12
After sub-epoch 13:
 test acc: 0.503
    test acc: 0.503
    train loss: 1.444
epoch+idx: 13
After sub-epoch 14:
 test acc: 0.501
    test acc: 0.501
    train loss: 1.441
============== End of epoch 0 ============
epoch+idx: 1
After sub-epoch 15:
 test acc: 0.501
    test acc: 0.501
    train loss: 0.823
epoch+idx: 2
After sub-epoch 16:
 test acc: 0.502
    test acc: 0.502
    train loss: 1.199
epoch+idx: 3
After sub-epoch 17:
 test acc: 0.506
    test acc: 0.506
    train loss: 1.263
epoch+idx: 4
After sub-epoch 18:
 test acc: 0.726
    test acc: 0.726
    train loss: 1.185
epoch+idx: 5
After sub-epoch 19:
 test acc: 0.748
    test acc: 0.748
    train loss: 1.200
epoch+idx: 6
After sub-epoch 20:
 test acc: 0.733
    test acc: 0.733
    train loss: 1.200
epoch+idx: 7
After sub-epoch 21:
 test acc: 0.742
    test acc: 0.742
    train loss: 1.196
epoch+idx: 8
After sub-epoch 22:
 test acc: 0.739
    test acc: 0.739
    train loss: 1.172
epoch+idx: 9
After sub-epoch 23:
 test acc: 0.736
    test acc: 0.736
    train loss: 1.121
epoch+idx: 10
After sub-epoch 24:
 test acc: 0.743
    test acc: 0.743
    train loss: 1.149
epoch+idx: 11
After sub-epoch 25:
 test acc: 0.445
    test acc: 0.445
    train loss: 1.153
epoch+idx: 12
After sub-epoch 26:
 test acc: 0.552
    test acc: 0.552
    train loss: 1.120
epoch+idx: 13
After sub-epoch 27:
 test acc: 0.717
    test acc: 0.717
    train loss: 1.077
epoch+idx: 14
After sub-epoch 28:
 test acc: 0.614
    test acc: 0.614
    train loss: 1.124
============== End of epoch 1 ============
epoch+idx: 2
After sub-epoch 29:
 test acc: 0.502
    test acc: 0.502
    train loss: 0.908
epoch+idx: 3
After sub-epoch 30:
 test acc: 0.506
    test acc: 0.506
    train loss: 1.102
epoch+idx: 4
After sub-epoch 31:
 test acc: 0.504
    test acc: 0.504
    train loss: 1.082
epoch+idx: 5
After sub-epoch 32:
 test acc: 0.502
    test acc: 0.502
    train loss: 0.932
epoch+idx: 6
After sub-epoch 33:
 test acc: 0.502
    test acc: 0.502
    train loss: 0.887
epoch+idx: 7
After sub-epoch 34:
 test acc: 0.502
    test acc: 0.502
    train loss: 0.846
epoch+idx: 8
After sub-epoch 35:
 test acc: 0.502
    test acc: 0.502
    train loss: 0.970
epoch+idx: 9
After sub-epoch 36:
 test acc: 0.501
    test acc: 0.501
    train loss: 1.009
epoch+idx: 10
After sub-epoch 37:
 test acc: 0.501
    test acc: 0.501
    train loss: 0.985
epoch+idx: 11
After sub-epoch 38:
 test acc: 0.502
    test acc: 0.502
    train loss: 1.053
epoch+idx: 12
After sub-epoch 39:
 test acc: 0.506
    test acc: 0.506
    train loss: 1.054
epoch+idx: 13
After sub-epoch 40:
 test acc: 0.509
    test acc: 0.509
    train loss: 1.005
epoch+idx: 14
After sub-epoch 41:
 test acc: 0.512
    test acc: 0.512
    train loss: 1.040
epoch+idx: 15
After sub-epoch 42:
 test acc: 0.514
    test acc: 0.514
    train loss: 1.046
============== End of epoch 2 ============
epoch+idx: 3
After sub-epoch 43:
 test acc: 0.449
    test acc: 0.449
    train loss: 1.208
epoch+idx: 4
After sub-epoch 44:
 test acc: 0.444
    test acc: 0.444
    train loss: 0.953
epoch+idx: 5
After sub-epoch 45:
 test acc: 0.389
    test acc: 0.389
    train loss: 0.840
epoch+idx: 6
After sub-epoch 46:
 test acc: 0.437
    test acc: 0.437
    train loss: 1.110
epoch+idx: 7
After sub-epoch 47:
 test acc: 0.458
    test acc: 0.458
    train loss: 1.082
epoch+idx: 8
After sub-epoch 48:
 test acc: 0.682
    test acc: 0.682
    train loss: 1.132
epoch+idx: 9
After sub-epoch 49:
 test acc: 0.643
    test acc: 0.643
    train loss: 1.085
epoch+idx: 10
After sub-epoch 50:
 test acc: 0.472
    test acc: 0.472
    train loss: 1.062
epoch+idx: 11
After sub-epoch 51:
 test acc: 0.515
    test acc: 0.515
    train loss: 1.051
epoch+idx: 12
After sub-epoch 52:
 test acc: 0.728
    test acc: 0.728
    train loss: 1.022
epoch+idx: 13
After sub-epoch 53:
 test acc: 0.730
    test acc: 0.730
    train loss: 0.986
epoch+idx: 14
After sub-epoch 54:
 test acc: 0.735
    test acc: 0.735
    train loss: 0.970
epoch+idx: 15
After sub-epoch 55:
 test acc: 0.720
    test acc: 0.720
    train loss: 0.967
epoch+idx: 16
After sub-epoch 56:
 test acc: 0.709
    test acc: 0.709
    train loss: 1.017
============== End of epoch 3 ============
epoch+idx: 4
After sub-epoch 57:
 test acc: 0.729
    test acc: 0.729
    train loss: 0.616
epoch+idx: 5
After sub-epoch 58:
 test acc: 0.723
    test acc: 0.723
    train loss: 0.655
epoch+idx: 6
After sub-epoch 59:
 test acc: 0.453
    test acc: 0.453
    train loss: 0.914
epoch+idx: 7
After sub-epoch 60:
 test acc: 0.454
    test acc: 0.454
    train loss: 0.880
epoch+idx: 8
After sub-epoch 61:
 test acc: 0.470
    test acc: 0.470
    train loss: 0.980
epoch+idx: 9
After sub-epoch 62:
 test acc: 0.478
    test acc: 0.478
    train loss: 0.914
epoch+idx: 10
After sub-epoch 63:
 test acc: 0.483
    test acc: 0.483
    train loss: 0.888
epoch+idx: 11
After sub-epoch 64:
 test acc: 0.488
    test acc: 0.488
    train loss: 0.840
epoch+idx: 12
After sub-epoch 65:
 test acc: 0.473
    test acc: 0.473
    train loss: 0.848
epoch+idx: 13
After sub-epoch 66:
 test acc: 0.463
    test acc: 0.463
    train loss: 0.850
epoch+idx: 14
After sub-epoch 67:
 test acc: 0.457
    test acc: 0.457
    train loss: 0.882
epoch+idx: 15
After sub-epoch 68:
 test acc: 0.477
    test acc: 0.477
    train loss: 0.842
epoch+idx: 16
After sub-epoch 69:
 test acc: 0.467
    test acc: 0.467
    train loss: 0.897
epoch+idx: 17
After sub-epoch 70:
 test acc: 0.453
    test acc: 0.453
    train loss: 0.926
============== End of epoch 4 ============
epoch+idx: 5
After sub-epoch 71:
 test acc: 0.629
    test acc: 0.629
    train loss: 0.858
epoch+idx: 6
After sub-epoch 72:
 test acc: 0.693
    test acc: 0.693
    train loss: 1.011
epoch+idx: 7
After sub-epoch 73:
 test acc: 0.726
    test acc: 0.726
    train loss: 0.920
epoch+idx: 8
After sub-epoch 74:
 test acc: 0.748
    test acc: 0.748
    train loss: 0.838
epoch+idx: 9
After sub-epoch 75:
 test acc: 0.745
    test acc: 0.745
    train loss: 0.971
epoch+idx: 10
After sub-epoch 76:
 test acc: 0.746
    test acc: 0.746
    train loss: 1.012
epoch+idx: 11
After sub-epoch 77:
 test acc: 0.745
    test acc: 0.745
    train loss: 0.942
epoch+idx: 12
After sub-epoch 78:
 test acc: 0.651
    test acc: 0.651
    train loss: 0.994
epoch+idx: 13
After sub-epoch 79:
 test acc: 0.447
    test acc: 0.447
    train loss: 1.045
epoch+idx: 14
After sub-epoch 80:
 test acc: 0.465
    test acc: 0.465
    train loss: 1.012
epoch+idx: 15
After sub-epoch 81:
 test acc: 0.481
    test acc: 0.481
    train loss: 0.976
epoch+idx: 16
After sub-epoch 82:
 test acc: 0.500
    test acc: 0.500
    train loss: 0.937
epoch+idx: 17
After sub-epoch 83:
 test acc: 0.506
    test acc: 0.506
    train loss: 0.915
epoch+idx: 18
After sub-epoch 84:
 test acc: 0.471
    test acc: 0.471
    train loss: 0.914
============== End of epoch 5 ============
epoch+idx: 6
After sub-epoch 85:
 test acc: 0.446
    test acc: 0.446
    train loss: 0.500
epoch+idx: 7
After sub-epoch 86:
 test acc: 0.686
    test acc: 0.686
    train loss: 0.547
epoch+idx: 8
After sub-epoch 87:
 test acc: 0.747
    test acc: 0.747
    train loss: 0.835
epoch+idx: 9
After sub-epoch 88:
 test acc: 0.768
    test acc: 0.768
    train loss: 0.806
epoch+idx: 10
After sub-epoch 89:
 test acc: 0.742
    test acc: 0.742
    train loss: 0.770
epoch+idx: 11
After sub-epoch 90:
 test acc: 0.740
    test acc: 0.740
    train loss: 0.883
epoch+idx: 12
After sub-epoch 91:
 test acc: 0.741
    test acc: 0.741
    train loss: 0.840
epoch+idx: 13
After sub-epoch 92:
 test acc: 0.745
    test acc: 0.745
    train loss: 0.891
epoch+idx: 14
After sub-epoch 93:
 test acc: 0.754
    test acc: 0.754
    train loss: 0.917
epoch+idx: 15
After sub-epoch 94:
 test acc: 0.767
    test acc: 0.767
    train loss: 0.912
epoch+idx: 16
After sub-epoch 95:
 test acc: 0.778
    test acc: 0.778
    train loss: 0.873
epoch+idx: 17
After sub-epoch 96:
 test acc: 0.781
    test acc: 0.781
    train loss: 0.926
epoch+idx: 18
After sub-epoch 97:
 test acc: 0.766
    test acc: 0.766
    train loss: 0.900
epoch+idx: 19
After sub-epoch 98:
 test acc: 0.757
    test acc: 0.757
    train loss: 0.891
============== End of epoch 6 ============
epoch+idx: 7
After sub-epoch 99:
 test acc: 0.741
    test acc: 0.741
    train loss: 1.359
epoch+idx: 8
After sub-epoch 100:
 test acc: 0.733
    test acc: 0.733
    train loss: 1.047
epoch+idx: 9
After sub-epoch 101:
 test acc: 0.725
    test acc: 0.725
    train loss: 1.185
epoch+idx: 10
After sub-epoch 102:
 test acc: 0.505
    test acc: 0.505
    train loss: 1.034
epoch+idx: 11
After sub-epoch 103:
 test acc: 0.502
    test acc: 0.502
    train loss: 1.092
epoch+idx: 12
After sub-epoch 104:
 test acc: 0.501
    test acc: 0.501
    train loss: 0.976
epoch+idx: 13
After sub-epoch 105:
 test acc: 0.500
    test acc: 0.500
    train loss: 1.003
epoch+idx: 14
After sub-epoch 106:
 test acc: 0.499
    test acc: 0.499
    train loss: 0.969
epoch+idx: 15
After sub-epoch 107:
 test acc: 0.499
    test acc: 0.499
    train loss: 1.027
epoch+idx: 16
After sub-epoch 108:
 test acc: 0.499
    test acc: 0.499
    train loss: 1.009
epoch+idx: 17
After sub-epoch 109:
 test acc: 0.499
    test acc: 0.499
    train loss: 0.981
epoch+idx: 18
After sub-epoch 110:
 test acc: 0.500
    test acc: 0.500
    train loss: 1.037
epoch+idx: 19
After sub-epoch 111:
 test acc: 0.500
    test acc: 0.500
    train loss: 1.019
epoch+idx: 20
After sub-epoch 112:
 test acc: 0.501
    test acc: 0.501
    train loss: 1.010
============== End of epoch 7 ============
epoch+idx: 8
After sub-epoch 113:
 test acc: 0.502
    test acc: 0.502
    train loss: 1.316
epoch+idx: 9
After sub-epoch 114:
 test acc: 0.504
    test acc: 0.504
    train loss: 0.879
epoch+idx: 10
After sub-epoch 115:
 test acc: 0.505
    test acc: 0.505
    train loss: 0.831
epoch+idx: 11
After sub-epoch 116:
 test acc: 0.506
    test acc: 0.506
    train loss: 0.819
epoch+idx: 12
After sub-epoch 117:
 test acc: 0.508
    test acc: 0.508
    train loss: 0.780
epoch+idx: 13
After sub-epoch 118:
 test acc: 0.509
    test acc: 0.509
    train loss: 0.747
epoch+idx: 14
After sub-epoch 119:
 test acc: 0.510
    test acc: 0.510
    train loss: 0.782
epoch+idx: 15
After sub-epoch 120:
 test acc: 0.511
    test acc: 0.511
    train loss: 0.761
epoch+idx: 16
After sub-epoch 121:
 test acc: 0.511
    test acc: 0.511
    train loss: 0.740
epoch+idx: 17
After sub-epoch 122:
 test acc: 0.512
    test acc: 0.512
    train loss: 0.810
epoch+idx: 18
After sub-epoch 123:
 test acc: 0.510
    test acc: 0.510
    train loss: 0.871
epoch+idx: 19
After sub-epoch 124:
 test acc: 0.505
    test acc: 0.505
    train loss: 0.868
epoch+idx: 20
After sub-epoch 125:
 test acc: 0.513
    test acc: 0.513
    train loss: 0.883
epoch+idx: 21
After sub-epoch 126:
 test acc: 0.513
    test acc: 0.513
    train loss: 0.921
============== End of epoch 8 ============
epoch+idx: 9
After sub-epoch 127:
 test acc: 0.466
    test acc: 0.466
    train loss: 0.704
epoch+idx: 10
After sub-epoch 128:
 test acc: 0.462
    test acc: 0.462
    train loss: 0.646
epoch+idx: 11
After sub-epoch 129:
 test acc: 0.469
    test acc: 0.469
    train loss: 0.739
epoch+idx: 12
After sub-epoch 130:
 test acc: 0.478
    test acc: 0.478
    train loss: 0.727
epoch+idx: 13
After sub-epoch 131:
 test acc: 0.482
    test acc: 0.482
    train loss: 0.700
epoch+idx: 14
After sub-epoch 132:
 test acc: 0.481
    test acc: 0.481
    train loss: 0.800
epoch+idx: 15
After sub-epoch 133:
 test acc: 0.473
    test acc: 0.473
    train loss: 0.903
epoch+idx: 16
After sub-epoch 134:
 test acc: 0.724
    test acc: 0.724
    train loss: 0.888
epoch+idx: 17
After sub-epoch 135:
 test acc: 0.731
    test acc: 0.731
    train loss: 0.928
epoch+idx: 18
After sub-epoch 136:
 test acc: 0.741
    test acc: 0.741
    train loss: 0.895
epoch+idx: 19
After sub-epoch 137:
 test acc: 0.743
    test acc: 0.743
    train loss: 0.947
epoch+idx: 20
After sub-epoch 138:
 test acc: 0.731
    test acc: 0.731
    train loss: 0.935
epoch+idx: 21
After sub-epoch 139:
 test acc: 0.693
    test acc: 0.693
    train loss: 0.934
epoch+idx: 22
After sub-epoch 140:
 test acc: 0.445
    test acc: 0.445
    train loss: 0.902
============== End of epoch 9 ============
using CPU backend.
epoch+idx: 0
After sub-epoch 1:
 test acc: 0.501
    test acc: 0.501
    train loss: 1.970
epoch+idx: 1
After sub-epoch 2:
 test acc: 0.589
    test acc: 0.589
    train loss: 1.908
epoch+idx: 2
After sub-epoch 3:
 test acc: 0.554
    test acc: 0.554
    train loss: 1.880
epoch+idx: 3
After sub-epoch 4:
 test acc: 0.387
    test acc: 0.387
    train loss: 1.846
epoch+idx: 4
After sub-epoch 5:
 test acc: 0.386
    test acc: 0.386
    train loss: 1.796
epoch+idx: 5
After sub-epoch 6:
 test acc: 0.386
    test acc: 0.386
    train loss: 1.775
epoch+idx: 6
After sub-epoch 7:
 test acc: 0.565
    test acc: 0.565
    train loss: 1.772
epoch+idx: 7
After sub-epoch 8:
 test acc: 0.573
    test acc: 0.573
    train loss: 1.705
epoch+idx: 8
After sub-epoch 9:
 test acc: 0.577
    test acc: 0.577
    train loss: 1.708
epoch+idx: 9
After sub-epoch 10:
 test acc: 0.582
    test acc: 0.582
    train loss: 1.669
epoch+idx: 10
After sub-epoch 11:
 test acc: 0.582
    test acc: 0.582
    train loss: 1.626
epoch+idx: 11
After sub-epoch 12:
 test acc: 0.585
    test acc: 0.585
    train loss: 1.617
epoch+idx: 12
After sub-epoch 13:
 test acc: 0.587
    test acc: 0.587
    train loss: 1.606
epoch+idx: 13
After sub-epoch 14:
 test acc: 0.588
    test acc: 0.588
    train loss: 1.567
============== End of epoch 0 ============
epoch+idx: 1
After sub-epoch 15:
 test acc: 0.612
    test acc: 0.612
    train loss: 1.429
epoch+idx: 2
After sub-epoch 16:
 test acc: 0.628
    test acc: 0.628
    train loss: 1.285
epoch+idx: 3
After sub-epoch 17:
 test acc: 0.683
    test acc: 0.683
    train loss: 1.271
epoch+idx: 4
After sub-epoch 18:
 test acc: 0.703
    test acc: 0.703
    train loss: 1.258
epoch+idx: 5
After sub-epoch 19:
 test acc: 0.708
    test acc: 0.708
    train loss: 1.202
epoch+idx: 6
After sub-epoch 20:
 test acc: 0.709
    test acc: 0.709
    train loss: 1.205
epoch+idx: 7
After sub-epoch 21:
 test acc: 0.698
    test acc: 0.698
    train loss: 1.243
epoch+idx: 8
After sub-epoch 22:
 test acc: 0.682
    test acc: 0.682
    train loss: 1.222
epoch+idx: 9
After sub-epoch 23:
 test acc: 0.651
    test acc: 0.651
    train loss: 1.186
epoch+idx: 10
After sub-epoch 24:
 test acc: 0.617
    test acc: 0.617
    train loss: 1.147
epoch+idx: 11
After sub-epoch 25:
 test acc: 0.590
    test acc: 0.590
    train loss: 1.172
epoch+idx: 12
After sub-epoch 26:
 test acc: 0.592
    test acc: 0.592
    train loss: 1.185
epoch+idx: 13
After sub-epoch 27:
 test acc: 0.598
    test acc: 0.598
    train loss: 1.167
epoch+idx: 14
After sub-epoch 28:
 test acc: 0.609
    test acc: 0.609
    train loss: 1.147
============== End of epoch 1 ============
epoch+idx: 2
After sub-epoch 29:
 test acc: 0.623
    test acc: 0.623
    train loss: 1.172
epoch+idx: 3
After sub-epoch 30:
 test acc: 0.629
    test acc: 0.629
    train loss: 1.007
epoch+idx: 4
After sub-epoch 31:
 test acc: 0.635
    test acc: 0.635
    train loss: 1.142
epoch+idx: 5
After sub-epoch 32:
 test acc: 0.642
    test acc: 0.642
    train loss: 1.210
epoch+idx: 6
After sub-epoch 33:
 test acc: 0.608
    test acc: 0.608
    train loss: 1.190
epoch+idx: 7
After sub-epoch 34:
 test acc: 0.593
    test acc: 0.593
    train loss: 1.140
epoch+idx: 8
After sub-epoch 35:
 test acc: 0.590
    test acc: 0.590
    train loss: 1.104
epoch+idx: 9
After sub-epoch 36:
 test acc: 0.590
    test acc: 0.590
    train loss: 1.061
epoch+idx: 10
After sub-epoch 37:
 test acc: 0.642
    test acc: 0.642
    train loss: 1.062
epoch+idx: 11
After sub-epoch 38:
 test acc: 0.696
    test acc: 0.696
    train loss: 1.062
epoch+idx: 12
After sub-epoch 39:
 test acc: 0.714
    test acc: 0.714
    train loss: 1.057
epoch+idx: 13
After sub-epoch 40:
 test acc: 0.715
    test acc: 0.715
    train loss: 1.029
epoch+idx: 14
After sub-epoch 41:
 test acc: 0.713
    test acc: 0.713
    train loss: 1.027
epoch+idx: 15
After sub-epoch 42:
 test acc: 0.710
    test acc: 0.710
    train loss: 1.013
============== End of epoch 2 ============
epoch+idx: 3
After sub-epoch 43:
 test acc: 0.710
    test acc: 0.710
    train loss: 1.085
epoch+idx: 4
After sub-epoch 44:
 test acc: 0.708
    test acc: 0.708
    train loss: 1.043
epoch+idx: 5
After sub-epoch 45:
 test acc: 0.709
    test acc: 0.709
    train loss: 1.005
epoch+idx: 6
After sub-epoch 46:
 test acc: 0.710
    test acc: 0.710
    train loss: 0.970
epoch+idx: 7
After sub-epoch 47:
 test acc: 0.710
    test acc: 0.710
    train loss: 0.925
epoch+idx: 8
After sub-epoch 48:
 test acc: 0.708
    test acc: 0.708
    train loss: 0.996
epoch+idx: 9
After sub-epoch 49:
 test acc: 0.706
    test acc: 0.706
    train loss: 0.980
epoch+idx: 10
After sub-epoch 50:
 test acc: 0.706
    test acc: 0.706
    train loss: 0.973
epoch+idx: 11
After sub-epoch 51:
 test acc: 0.704
    test acc: 0.704
    train loss: 0.927
epoch+idx: 12
After sub-epoch 52:
 test acc: 0.704
    test acc: 0.704
    train loss: 0.903
epoch+idx: 13
After sub-epoch 53:
 test acc: 0.705
    test acc: 0.705
    train loss: 0.886
epoch+idx: 14
After sub-epoch 54:
 test acc: 0.705
    test acc: 0.705
    train loss: 0.887
epoch+idx: 15
After sub-epoch 55:
 test acc: 0.705
    test acc: 0.705
    train loss: 0.874
epoch+idx: 16
After sub-epoch 56:
 test acc: 0.712
    test acc: 0.712
    train loss: 0.917
============== End of epoch 3 ============
epoch+idx: 4
After sub-epoch 57:
 test acc: 0.708
    test acc: 0.708
    train loss: 1.435
epoch+idx: 5
After sub-epoch 58:
 test acc: 0.696
    test acc: 0.696
    train loss: 1.052
epoch+idx: 6
After sub-epoch 59:
 test acc: 0.684
    test acc: 0.684
    train loss: 0.938
epoch+idx: 7
After sub-epoch 60:
 test acc: 0.662
    test acc: 0.662
    train loss: 0.891
epoch+idx: 8
After sub-epoch 61:
 test acc: 0.625
    test acc: 0.625
    train loss: 0.890
epoch+idx: 9
After sub-epoch 62:
 test acc: 0.601
    test acc: 0.601
    train loss: 0.865
epoch+idx: 10
After sub-epoch 63:
 test acc: 0.588
    test acc: 0.588
    train loss: 0.839
epoch+idx: 11
After sub-epoch 64:
 test acc: 0.584
    test acc: 0.584
    train loss: 0.821
epoch+idx: 12
After sub-epoch 65:
 test acc: 0.588
    test acc: 0.588
    train loss: 0.866
epoch+idx: 13
After sub-epoch 66:
 test acc: 0.591
    test acc: 0.591
    train loss: 0.915
epoch+idx: 14
After sub-epoch 67:
 test acc: 0.593
    test acc: 0.593
    train loss: 0.917
epoch+idx: 15
After sub-epoch 68:
 test acc: 0.597
    test acc: 0.597
    train loss: 0.923
epoch+idx: 16
After sub-epoch 69:
 test acc: 0.649
    test acc: 0.649
    train loss: 0.916
epoch+idx: 17
After sub-epoch 70:
 test acc: 0.711
    test acc: 0.711
    train loss: 0.893
============== End of epoch 4 ============
epoch+idx: 5
After sub-epoch 71:
 test acc: 0.712
    test acc: 0.712
    train loss: 0.742
epoch+idx: 6
After sub-epoch 72:
 test acc: 0.699
    test acc: 0.699
    train loss: 0.802
epoch+idx: 7
After sub-epoch 73:
 test acc: 0.691
    test acc: 0.691
    train loss: 0.736
epoch+idx: 8
After sub-epoch 74:
 test acc: 0.675
    test acc: 0.675
    train loss: 0.729
epoch+idx: 9
After sub-epoch 75:
 test acc: 0.679
    test acc: 0.679
    train loss: 0.705
epoch+idx: 10
After sub-epoch 76:
 test acc: 0.683
    test acc: 0.683
    train loss: 0.698
epoch+idx: 11
After sub-epoch 77:
 test acc: 0.690
    test acc: 0.690
    train loss: 0.821
epoch+idx: 12
After sub-epoch 78:
 test acc: 0.694
    test acc: 0.694
    train loss: 0.804
epoch+idx: 13
After sub-epoch 79:
 test acc: 0.696
    test acc: 0.696
    train loss: 0.784
epoch+idx: 14
After sub-epoch 80:
 test acc: 0.703
    test acc: 0.703
    train loss: 0.792
epoch+idx: 15
After sub-epoch 81:
 test acc: 0.707
    test acc: 0.707
    train loss: 0.839
epoch+idx: 16
After sub-epoch 82:
 test acc: 0.715
    test acc: 0.715
    train loss: 0.841
epoch+idx: 17
After sub-epoch 83:
 test acc: 0.722
    test acc: 0.722
    train loss: 0.858
epoch+idx: 18
After sub-epoch 84:
 test acc: 0.718
    test acc: 0.718
    train loss: 0.842
============== End of epoch 5 ============
epoch+idx: 6
After sub-epoch 85:
 test acc: 0.636
    test acc: 0.636
    train loss: 1.031
epoch+idx: 7
After sub-epoch 86:
 test acc: 0.601
    test acc: 0.601
    train loss: 0.859
epoch+idx: 8
After sub-epoch 87:
 test acc: 0.717
    test acc: 0.717
    train loss: 0.890
epoch+idx: 9
After sub-epoch 88:
 test acc: 0.719
    test acc: 0.719
    train loss: 0.826
epoch+idx: 10
After sub-epoch 89:
 test acc: 0.718
    test acc: 0.718
    train loss: 0.830
epoch+idx: 11
After sub-epoch 90:
 test acc: 0.714
    test acc: 0.714
    train loss: 0.803
epoch+idx: 12
After sub-epoch 91:
 test acc: 0.692
    test acc: 0.692
    train loss: 0.827
epoch+idx: 13
After sub-epoch 92:
 test acc: 0.683
    test acc: 0.683
    train loss: 0.805
epoch+idx: 14
After sub-epoch 93:
 test acc: 0.682
    test acc: 0.682
    train loss: 0.823
epoch+idx: 15
After sub-epoch 94:
 test acc: 0.681
    test acc: 0.681
    train loss: 0.871
epoch+idx: 16
After sub-epoch 95:
 test acc: 0.682
    test acc: 0.682
    train loss: 0.930
epoch+idx: 17
After sub-epoch 96:
 test acc: 0.683
    test acc: 0.683
    train loss: 0.914
epoch+idx: 18
After sub-epoch 97:
 test acc: 0.683
    test acc: 0.683
    train loss: 0.900
epoch+idx: 19
After sub-epoch 98:
 test acc: 0.689
    test acc: 0.689
    train loss: 0.887
============== End of epoch 6 ============
epoch+idx: 7
After sub-epoch 99:
 test acc: 0.711
    test acc: 0.711
    train loss: 0.655
epoch+idx: 8
After sub-epoch 100:
 test acc: 0.711
    test acc: 0.711
    train loss: 0.664
epoch+idx: 9
After sub-epoch 101:
 test acc: 0.692
    test acc: 0.692
    train loss: 0.701
epoch+idx: 10
After sub-epoch 102:
 test acc: 0.691
    test acc: 0.691
    train loss: 0.693
epoch+idx: 11
After sub-epoch 103:
 test acc: 0.689
    test acc: 0.689
    train loss: 0.692
epoch+idx: 12
After sub-epoch 104:
 test acc: 0.686
    test acc: 0.686
    train loss: 0.699
epoch+idx: 13
After sub-epoch 105:
 test acc: 0.684
    test acc: 0.684
    train loss: 0.694
epoch+idx: 14
After sub-epoch 106:
 test acc: 0.685
    test acc: 0.685
    train loss: 0.804
epoch+idx: 15
After sub-epoch 107:
 test acc: 0.678
    test acc: 0.678
    train loss: 0.812
epoch+idx: 16
After sub-epoch 108:
 test acc: 0.671
    test acc: 0.671
    train loss: 0.861
epoch+idx: 17
After sub-epoch 109:
 test acc: 0.667
    test acc: 0.667
    train loss: 0.884
epoch+idx: 18
After sub-epoch 110:
 test acc: 0.669
    test acc: 0.669
    train loss: 0.862
epoch+idx: 19
After sub-epoch 111:
 test acc: 0.695
    test acc: 0.695
    train loss: 0.870
epoch+idx: 20
After sub-epoch 112:
 test acc: 0.703
    test acc: 0.703
    train loss: 0.851
============== End of epoch 7 ============
epoch+idx: 8
After sub-epoch 113:
 test acc: 0.705
    test acc: 0.705
    train loss: 0.729
epoch+idx: 9
After sub-epoch 114:
 test acc: 0.705
    test acc: 0.705
    train loss: 0.793
epoch+idx: 10
After sub-epoch 115:
 test acc: 0.709
    test acc: 0.709
    train loss: 0.733
epoch+idx: 11
After sub-epoch 116:
 test acc: 0.710
    test acc: 0.710
    train loss: 0.688
epoch+idx: 12
After sub-epoch 117:
 test acc: 0.712
    test acc: 0.712
    train loss: 0.686
epoch+idx: 13
After sub-epoch 118:
 test acc: 0.710
    test acc: 0.710
    train loss: 0.786
epoch+idx: 14
After sub-epoch 119:
 test acc: 0.706
    test acc: 0.706
    train loss: 0.781
epoch+idx: 15
After sub-epoch 120:
 test acc: 0.700
    test acc: 0.700
    train loss: 0.756
epoch+idx: 16
After sub-epoch 121:
 test acc: 0.683
    test acc: 0.683
    train loss: 0.801
epoch+idx: 17
After sub-epoch 122:
 test acc: 0.681
    test acc: 0.681
    train loss: 0.782
epoch+idx: 18
After sub-epoch 123:
 test acc: 0.679
    test acc: 0.679
    train loss: 0.859
epoch+idx: 19
After sub-epoch 124:
 test acc: 0.682
    test acc: 0.682
    train loss: 0.837
epoch+idx: 20
After sub-epoch 125:
 test acc: 0.685
    test acc: 0.685
    train loss: 0.824
epoch+idx: 21
After sub-epoch 126:
 test acc: 0.687
    test acc: 0.687
    train loss: 0.809
============== End of epoch 8 ============
epoch+idx: 9
After sub-epoch 127:
 test acc: 0.689
    test acc: 0.689
    train loss: 1.316
epoch+idx: 10
After sub-epoch 128:
 test acc: 0.713
    test acc: 0.713
    train loss: 0.975
epoch+idx: 11
After sub-epoch 129:
 test acc: 0.689
    test acc: 0.689
    train loss: 0.874
epoch+idx: 12
After sub-epoch 130:
 test acc: 0.696
    test acc: 0.696
    train loss: 0.800
epoch+idx: 13
After sub-epoch 131:
 test acc: 0.696
    test acc: 0.696
    train loss: 0.940
epoch+idx: 14
After sub-epoch 132:
 test acc: 0.696
    test acc: 0.696
    train loss: 0.882
epoch+idx: 15
After sub-epoch 133:
 test acc: 0.697
    test acc: 0.697
    train loss: 0.899
epoch+idx: 16
After sub-epoch 134:
 test acc: 0.695
    test acc: 0.695
    train loss: 0.892
epoch+idx: 17
After sub-epoch 135:
 test acc: 0.695
    test acc: 0.695
    train loss: 0.866
epoch+idx: 18
After sub-epoch 136:
 test acc: 0.693
    test acc: 0.693
    train loss: 0.837
epoch+idx: 19
After sub-epoch 137:
 test acc: 0.696
    test acc: 0.696
    train loss: 0.811
epoch+idx: 20
After sub-epoch 138:
 test acc: 0.704
    test acc: 0.704
    train loss: 0.802
epoch+idx: 21
After sub-epoch 139:
 test acc: 0.704
    test acc: 0.704
    train loss: 0.788
epoch+idx: 22
After sub-epoch 140:
 test acc: 0.705
    test acc: 0.705
    train loss: 0.795
============== End of epoch 9 ============
using CPU backend.
epoch+idx: 0
After sub-epoch 1:
 test acc: 0.199
    test acc: 0.199
    train loss: 1.912
epoch+idx: 1
After sub-epoch 2:
 test acc: 0.216
    test acc: 0.216
    train loss: 1.856
epoch+idx: 2
After sub-epoch 3:
 test acc: 0.589
    test acc: 0.589
    train loss: 1.826
epoch+idx: 3
After sub-epoch 4:
 test acc: 0.579
    test acc: 0.579
    train loss: 1.784
epoch+idx: 4
After sub-epoch 5:
 test acc: 0.532
    test acc: 0.532
    train loss: 1.723
epoch+idx: 5
After sub-epoch 6:
 test acc: 0.574
    test acc: 0.574
    train loss: 1.682
epoch+idx: 6
After sub-epoch 7:
 test acc: 0.642
    test acc: 0.642
    train loss: 1.671
epoch+idx: 7
After sub-epoch 8:
 test acc: 0.645
    test acc: 0.645
    train loss: 1.654
epoch+idx: 8
After sub-epoch 9:
 test acc: 0.581
    test acc: 0.581
    train loss: 1.606
epoch+idx: 9
After sub-epoch 10:
 test acc: 0.599
    test acc: 0.599
    train loss: 1.609
epoch+idx: 10
After sub-epoch 11:
 test acc: 0.677
    test acc: 0.677
    train loss: 1.590
epoch+idx: 11
After sub-epoch 12:
 test acc: 0.644
    test acc: 0.644
    train loss: 1.559
epoch+idx: 12
After sub-epoch 13:
 test acc: 0.633
    test acc: 0.633
    train loss: 1.553
epoch+idx: 13
After sub-epoch 14:
 test acc: 0.630
    test acc: 0.630
    train loss: 1.549
============== End of epoch 0 ============
epoch+idx: 1
After sub-epoch 15:
 test acc: 0.673
    test acc: 0.673
    train loss: 1.089
epoch+idx: 2
After sub-epoch 16:
 test acc: 0.698
    test acc: 0.698
    train loss: 1.060
epoch+idx: 3
After sub-epoch 17:
 test acc: 0.701
    test acc: 0.701
    train loss: 1.066
epoch+idx: 4
After sub-epoch 18:
 test acc: 0.707
    test acc: 0.707
    train loss: 1.016
epoch+idx: 5
After sub-epoch 19:
 test acc: 0.738
    test acc: 0.738
    train loss: 1.102
epoch+idx: 6
After sub-epoch 20:
 test acc: 0.697
    test acc: 0.697
    train loss: 1.080
epoch+idx: 7
After sub-epoch 21:
 test acc: 0.696
    test acc: 0.696
    train loss: 1.102
epoch+idx: 8
After sub-epoch 22:
 test acc: 0.695
    test acc: 0.695
    train loss: 1.074
epoch+idx: 9
After sub-epoch 23:
 test acc: 0.697
    test acc: 0.697
    train loss: 1.090
epoch+idx: 10
After sub-epoch 24:
 test acc: 0.703
    test acc: 0.703
    train loss: 1.143
epoch+idx: 11
After sub-epoch 25:
 test acc: 0.755
    test acc: 0.755
    train loss: 1.171
epoch+idx: 12
After sub-epoch 26:
 test acc: 0.752
    test acc: 0.752
    train loss: 1.161
epoch+idx: 13
After sub-epoch 27:
 test acc: 0.735
    test acc: 0.735
    train loss: 1.177
epoch+idx: 14
After sub-epoch 28:
 test acc: 0.715
    test acc: 0.715
    train loss: 1.191
============== End of epoch 1 ============
epoch+idx: 2
After sub-epoch 29:
 test acc: 0.625
    test acc: 0.625
    train loss: 0.954
epoch+idx: 3
After sub-epoch 30:
 test acc: 0.552
    test acc: 0.552
    train loss: 1.059
epoch+idx: 4
After sub-epoch 31:
 test acc: 0.510
    test acc: 0.510
    train loss: 0.991
epoch+idx: 5
After sub-epoch 32:
 test acc: 0.496
    test acc: 0.496
    train loss: 1.122
epoch+idx: 6
After sub-epoch 33:
 test acc: 0.493
    test acc: 0.493
    train loss: 1.112
epoch+idx: 7
After sub-epoch 34:
 test acc: 0.526
    test acc: 0.526
    train loss: 1.094
epoch+idx: 8
After sub-epoch 35:
 test acc: 0.584
    test acc: 0.584
    train loss: 1.125
epoch+idx: 9
After sub-epoch 36:
 test acc: 0.642
    test acc: 0.642
    train loss: 1.165
epoch+idx: 10
After sub-epoch 37:
 test acc: 0.649
    test acc: 0.649
    train loss: 1.151
epoch+idx: 11
After sub-epoch 38:
 test acc: 0.637
    test acc: 0.637
    train loss: 1.118
epoch+idx: 12
After sub-epoch 39:
 test acc: 0.625
    test acc: 0.625
    train loss: 1.137
epoch+idx: 13
After sub-epoch 40:
 test acc: 0.623
    test acc: 0.623
    train loss: 1.102
epoch+idx: 14
After sub-epoch 41:
 test acc: 0.661
    test acc: 0.661
    train loss: 1.099
epoch+idx: 15
After sub-epoch 42:
 test acc: 0.643
    test acc: 0.643
    train loss: 1.066
============== End of epoch 2 ============
epoch+idx: 3
After sub-epoch 43:
 test acc: 0.647
    test acc: 0.647
    train loss: 0.710
epoch+idx: 4
After sub-epoch 44:
 test acc: 0.657
    test acc: 0.657
    train loss: 0.938
epoch+idx: 5
After sub-epoch 45:
 test acc: 0.804
    test acc: 0.804
    train loss: 0.878
epoch+idx: 6
After sub-epoch 46:
 test acc: 0.809
    test acc: 0.809
    train loss: 0.935
epoch+idx: 7
After sub-epoch 47:
 test acc: 0.801
    test acc: 0.801
    train loss: 0.865
epoch+idx: 8
After sub-epoch 48:
 test acc: 0.786
    test acc: 0.786
    train loss: 0.892
epoch+idx: 9
After sub-epoch 49:
 test acc: 0.779
    test acc: 0.779
    train loss: 0.919
epoch+idx: 10
After sub-epoch 50:
 test acc: 0.778
    test acc: 0.778
    train loss: 0.985
epoch+idx: 11
After sub-epoch 51:
 test acc: 0.782
    test acc: 0.782
    train loss: 0.984
epoch+idx: 12
After sub-epoch 52:
 test acc: 0.788
    test acc: 0.788
    train loss: 0.962
epoch+idx: 13
After sub-epoch 53:
 test acc: 0.801
    test acc: 0.801
    train loss: 0.980
epoch+idx: 14
After sub-epoch 54:
 test acc: 0.810
    test acc: 0.810
    train loss: 0.956
epoch+idx: 15
After sub-epoch 55:
 test acc: 0.807
    test acc: 0.807
    train loss: 0.996
epoch+idx: 16
After sub-epoch 56:
 test acc: 0.807
    test acc: 0.807
    train loss: 0.994
============== End of epoch 3 ============
epoch+idx: 4
After sub-epoch 57:
 test acc: 0.793
    test acc: 0.793
    train loss: 1.173
epoch+idx: 5
After sub-epoch 58:
 test acc: 0.704
    test acc: 0.704
    train loss: 1.307
epoch+idx: 6
After sub-epoch 59:
 test acc: 0.687
    test acc: 0.687
    train loss: 1.073
epoch+idx: 7
After sub-epoch 60:
 test acc: 0.680
    test acc: 0.680
    train loss: 0.988
epoch+idx: 8
After sub-epoch 61:
 test acc: 0.678
    test acc: 0.678
    train loss: 1.019
epoch+idx: 9
After sub-epoch 62:
 test acc: 0.668
    test acc: 0.668
    train loss: 1.000
epoch+idx: 10
After sub-epoch 63:
 test acc: 0.661
    test acc: 0.661
    train loss: 0.938
epoch+idx: 11
After sub-epoch 64:
 test acc: 0.654
    test acc: 0.654
    train loss: 0.926
epoch+idx: 12
After sub-epoch 65:
 test acc: 0.639
    test acc: 0.639
    train loss: 0.897
epoch+idx: 13
After sub-epoch 66:
 test acc: 0.630
    test acc: 0.630
    train loss: 0.912
epoch+idx: 14
After sub-epoch 67:
 test acc: 0.630
    test acc: 0.630
    train loss: 0.899
epoch+idx: 15
After sub-epoch 68:
 test acc: 0.637
    test acc: 0.637
    train loss: 0.943
epoch+idx: 16
After sub-epoch 69:
 test acc: 0.641
    test acc: 0.641
    train loss: 0.985
epoch+idx: 17
After sub-epoch 70:
 test acc: 0.662
    test acc: 0.662
    train loss: 0.973
============== End of epoch 4 ============
using CPU backend.
epoch+idx: 0
After sub-epoch 1:
 test acc: 0.053
    test acc: 0.053
    train loss: 2.001
epoch+idx: 1
After sub-epoch 2:
 test acc: 0.053
    test acc: 0.053
    train loss: 1.991
epoch+idx: 2
After sub-epoch 3:
 test acc: 0.053
    test acc: 0.053
    train loss: 1.988
epoch+idx: 3
After sub-epoch 4:
 test acc: 0.053
    test acc: 0.053
    train loss: 2.004
epoch+idx: 4
After sub-epoch 5:
 test acc: 0.053
    test acc: 0.053
    train loss: 1.990
epoch+idx: 5
After sub-epoch 6:
 test acc: 0.053
    test acc: 0.053
    train loss: 1.977
epoch+idx: 6
After sub-epoch 7:
 test acc: 0.053
    test acc: 0.053
    train loss: 1.970
epoch+idx: 7
After sub-epoch 8:
 test acc: 0.367
    test acc: 0.367
    train loss: 1.962
epoch+idx: 8
After sub-epoch 9:
 test acc: 0.364
    test acc: 0.364
    train loss: 1.953
epoch+idx: 9
After sub-epoch 10:
 test acc: 0.363
    test acc: 0.363
    train loss: 1.940
epoch+idx: 10
After sub-epoch 11:
 test acc: 0.361
    test acc: 0.361
    train loss: 1.930
epoch+idx: 11
After sub-epoch 12:
 test acc: 0.359
    test acc: 0.359
    train loss: 1.920
epoch+idx: 12
After sub-epoch 13:
 test acc: 0.355
    test acc: 0.355
    train loss: 1.910
epoch+idx: 13
After sub-epoch 14:
 test acc: 0.346
    test acc: 0.346
    train loss: 1.903
============== End of epoch 0 ============
using CPU backend.
