using CPU backend.
epoch+idx: 0
After sub-epoch 1:
 test acc: 0.107
    test acc: 0.107
    train loss: 2.004
epoch+idx: 1
After sub-epoch 2:
 test acc: 0.163
    test acc: 0.163
    train loss: 2.009
epoch+idx: 2
After sub-epoch 3:
 test acc: 0.522
    test acc: 0.522
    train loss: 1.981
epoch+idx: 3
After sub-epoch 4:
 test acc: 0.591
    test acc: 0.591
    train loss: 1.923
epoch+idx: 4
After sub-epoch 5:
 test acc: 0.693
    test acc: 0.693
    train loss: 1.846
epoch+idx: 5
After sub-epoch 6:
 test acc: 0.714
    test acc: 0.714
    train loss: 1.856
epoch+idx: 6
After sub-epoch 7:
 test acc: 0.695
    test acc: 0.695
    train loss: 1.844
epoch+idx: 7
After sub-epoch 8:
 test acc: 0.536
    test acc: 0.536
    train loss: 1.760
epoch+idx: 8
After sub-epoch 9:
 test acc: 0.528
    test acc: 0.528
    train loss: 1.729
epoch+idx: 9
After sub-epoch 10:
 test acc: 0.537
    test acc: 0.537
    train loss: 1.694
epoch+idx: 10
After sub-epoch 11:
 test acc: 0.656
    test acc: 0.656
    train loss: 1.677
epoch+idx: 11
After sub-epoch 12:
 test acc: 0.721
    test acc: 0.721
    train loss: 1.661
epoch+idx: 12
After sub-epoch 13:
 test acc: 0.721
    test acc: 0.721
    train loss: 1.652
epoch+idx: 13
After sub-epoch 14:
 test acc: 0.725
    test acc: 0.725
    train loss: 1.607
============== End of epoch 0 ============
epoch+idx: 1
After sub-epoch 15:
 test acc: 0.731
    test acc: 0.731
    train loss: 1.345
epoch+idx: 2
After sub-epoch 16:
 test acc: 0.689
    test acc: 0.689
    train loss: 1.207
epoch+idx: 3
After sub-epoch 17:
 test acc: 0.460
    test acc: 0.460
    train loss: 1.253
epoch+idx: 4
After sub-epoch 18:
 test acc: 0.303
    test acc: 0.303
    train loss: 1.174
epoch+idx: 5
After sub-epoch 19:
 test acc: 0.303
    test acc: 0.303
    train loss: 1.134
epoch+idx: 6
After sub-epoch 20:
 test acc: 0.303
    test acc: 0.303
    train loss: 1.175
epoch+idx: 7
After sub-epoch 21:
 test acc: 0.303
    test acc: 0.303
    train loss: 1.213
epoch+idx: 8
After sub-epoch 22:
 test acc: 0.304
    test acc: 0.304
    train loss: 1.170
epoch+idx: 9
After sub-epoch 23:
 test acc: 0.547
    test acc: 0.547
    train loss: 1.194
epoch+idx: 10
After sub-epoch 24:
 test acc: 0.553
    test acc: 0.553
    train loss: 1.225
epoch+idx: 11
After sub-epoch 25:
 test acc: 0.594
    test acc: 0.594
    train loss: 1.226
epoch+idx: 12
After sub-epoch 26:
 test acc: 0.712
    test acc: 0.712
    train loss: 1.233
epoch+idx: 13
After sub-epoch 27:
 test acc: 0.718
    test acc: 0.718
    train loss: 1.215
epoch+idx: 14
After sub-epoch 28:
 test acc: 0.728
    test acc: 0.728
    train loss: 1.230
============== End of epoch 1 ============
epoch+idx: 2
After sub-epoch 29:
 test acc: 0.710
    test acc: 0.710
    train loss: 0.826
epoch+idx: 3
After sub-epoch 30:
 test acc: 0.483
    test acc: 0.483
    train loss: 0.849
epoch+idx: 4
After sub-epoch 31:
 test acc: 0.495
    test acc: 0.495
    train loss: 0.819
epoch+idx: 5
After sub-epoch 32:
 test acc: 0.487
    test acc: 0.487
    train loss: 0.952
epoch+idx: 6
After sub-epoch 33:
 test acc: 0.566
    test acc: 0.566
    train loss: 0.941
epoch+idx: 7
After sub-epoch 34:
 test acc: 0.503
    test acc: 0.503
    train loss: 0.979
epoch+idx: 8
After sub-epoch 35:
 test acc: 0.556
    test acc: 0.556
    train loss: 1.056
epoch+idx: 9
After sub-epoch 36:
 test acc: 0.644
    test acc: 0.644
    train loss: 1.051
epoch+idx: 10
After sub-epoch 37:
 test acc: 0.718
    test acc: 0.718
    train loss: 1.081
epoch+idx: 11
After sub-epoch 38:
 test acc: 0.735
    test acc: 0.735
    train loss: 1.081
epoch+idx: 12
After sub-epoch 39:
 test acc: 0.742
    test acc: 0.742
    train loss: 1.086
epoch+idx: 13
After sub-epoch 40:
 test acc: 0.738
    test acc: 0.738
    train loss: 1.101
epoch+idx: 14
After sub-epoch 41:
 test acc: 0.736
    test acc: 0.736
    train loss: 1.096
epoch+idx: 15
After sub-epoch 42:
 test acc: 0.732
    test acc: 0.732
    train loss: 1.078
============== End of epoch 2 ============
epoch+idx: 3
After sub-epoch 43:
 test acc: 0.760
    test acc: 0.760
    train loss: 1.222
epoch+idx: 4
After sub-epoch 44:
 test acc: 0.756
    test acc: 0.756
    train loss: 1.256
epoch+idx: 5
After sub-epoch 45:
 test acc: 0.750
    test acc: 0.750
    train loss: 1.066
epoch+idx: 6
After sub-epoch 46:
 test acc: 0.745
    test acc: 0.745
    train loss: 1.087
epoch+idx: 7
After sub-epoch 47:
 test acc: 0.741
    test acc: 0.741
    train loss: 1.074
epoch+idx: 8
After sub-epoch 48:
 test acc: 0.745
    test acc: 0.745
    train loss: 1.105
epoch+idx: 9
After sub-epoch 49:
 test acc: 0.752
    test acc: 0.752
    train loss: 1.056
epoch+idx: 10
After sub-epoch 50:
 test acc: 0.751
    test acc: 0.751
    train loss: 1.083
epoch+idx: 11
After sub-epoch 51:
 test acc: 0.750
    test acc: 0.750
    train loss: 1.056
epoch+idx: 12
After sub-epoch 52:
 test acc: 0.750
    test acc: 0.750
    train loss: 1.048
epoch+idx: 13
After sub-epoch 53:
 test acc: 0.752
    test acc: 0.752
    train loss: 1.034
epoch+idx: 14
After sub-epoch 54:
 test acc: 0.749
    test acc: 0.749
    train loss: 1.020
epoch+idx: 15
After sub-epoch 55:
 test acc: 0.738
    test acc: 0.738
    train loss: 1.034
epoch+idx: 16
After sub-epoch 56:
 test acc: 0.723
    test acc: 0.723
    train loss: 1.011
============== End of epoch 3 ============
epoch+idx: 4
After sub-epoch 57:
 test acc: 0.716
    test acc: 0.716
    train loss: 0.796
epoch+idx: 5
After sub-epoch 58:
 test acc: 0.722
    test acc: 0.722
    train loss: 0.935
epoch+idx: 6
After sub-epoch 59:
 test acc: 0.724
    test acc: 0.724
    train loss: 1.041
epoch+idx: 7
After sub-epoch 60:
 test acc: 0.725
    test acc: 0.725
    train loss: 1.028
epoch+idx: 8
After sub-epoch 61:
 test acc: 0.732
    test acc: 0.732
    train loss: 1.020
epoch+idx: 9
After sub-epoch 62:
 test acc: 0.739
    test acc: 0.739
    train loss: 0.945
epoch+idx: 10
After sub-epoch 63:
 test acc: 0.748
    test acc: 0.748
    train loss: 0.917
epoch+idx: 11
After sub-epoch 64:
 test acc: 0.755
    test acc: 0.755
    train loss: 0.922
epoch+idx: 12
After sub-epoch 65:
 test acc: 0.742
    test acc: 0.742
    train loss: 0.969
epoch+idx: 13
After sub-epoch 66:
 test acc: 0.708
    test acc: 0.708
    train loss: 0.941
epoch+idx: 14
After sub-epoch 67:
 test acc: 0.690
    test acc: 0.690
    train loss: 0.979
epoch+idx: 15
After sub-epoch 68:
 test acc: 0.521
    test acc: 0.521
    train loss: 0.983
epoch+idx: 16
After sub-epoch 69:
 test acc: 0.486
    test acc: 0.486
    train loss: 0.958
epoch+idx: 17
After sub-epoch 70:
 test acc: 0.489
    test acc: 0.489
    train loss: 0.943
============== End of epoch 4 ============
epoch+idx: 5
After sub-epoch 71:
 test acc: 0.488
    test acc: 0.488
    train loss: 0.789
epoch+idx: 6
After sub-epoch 72:
 test acc: 0.483
    test acc: 0.483
    train loss: 0.757
epoch+idx: 7
After sub-epoch 73:
 test acc: 0.484
    test acc: 0.484
    train loss: 0.755
epoch+idx: 8
After sub-epoch 74:
 test acc: 0.501
    test acc: 0.501
    train loss: 0.869
epoch+idx: 9
After sub-epoch 75:
 test acc: 0.482
    test acc: 0.482
    train loss: 0.883
epoch+idx: 10
After sub-epoch 76:
 test acc: 0.485
    test acc: 0.485
    train loss: 0.852
epoch+idx: 11
After sub-epoch 77:
 test acc: 0.490
    test acc: 0.490
    train loss: 0.806
epoch+idx: 12
After sub-epoch 78:
 test acc: 0.490
    test acc: 0.490
    train loss: 0.797
epoch+idx: 13
After sub-epoch 79:
 test acc: 0.488
    test acc: 0.488
    train loss: 0.797
epoch+idx: 14
After sub-epoch 80:
 test acc: 0.486
    test acc: 0.486
    train loss: 0.842
epoch+idx: 15
After sub-epoch 81:
 test acc: 0.484
    test acc: 0.484
    train loss: 0.889
epoch+idx: 16
After sub-epoch 82:
 test acc: 0.488
    test acc: 0.488
    train loss: 0.875
epoch+idx: 17
After sub-epoch 83:
 test acc: 0.556
    test acc: 0.556
    train loss: 0.856
epoch+idx: 18
After sub-epoch 84:
 test acc: 0.594
    test acc: 0.594
    train loss: 0.885
============== End of epoch 5 ============
epoch+idx: 6
After sub-epoch 85:
 test acc: 0.599
    test acc: 0.599
    train loss: 0.635
epoch+idx: 7
After sub-epoch 86:
 test acc: 0.607
    test acc: 0.607
    train loss: 0.628
epoch+idx: 8
After sub-epoch 87:
 test acc: 0.624
    test acc: 0.624
    train loss: 0.629
epoch+idx: 9
After sub-epoch 88:
 test acc: 0.671
    test acc: 0.671
    train loss: 0.614
epoch+idx: 10
After sub-epoch 89:
 test acc: 0.662
    test acc: 0.662
    train loss: 0.614
epoch+idx: 11
After sub-epoch 90:
 test acc: 0.679
    test acc: 0.679
    train loss: 0.763
epoch+idx: 12
After sub-epoch 91:
 test acc: 0.682
    test acc: 0.682
    train loss: 0.752
epoch+idx: 13
After sub-epoch 92:
 test acc: 0.661
    test acc: 0.661
    train loss: 0.823
epoch+idx: 14
After sub-epoch 93:
 test acc: 0.591
    test acc: 0.591
    train loss: 0.858
epoch+idx: 15
After sub-epoch 94:
 test acc: 0.524
    test acc: 0.524
    train loss: 0.893
epoch+idx: 16
After sub-epoch 95:
 test acc: 0.527
    test acc: 0.527
    train loss: 0.876
epoch+idx: 17
After sub-epoch 96:
 test acc: 0.528
    test acc: 0.528
    train loss: 0.877
epoch+idx: 18
After sub-epoch 97:
 test acc: 0.520
    test acc: 0.520
    train loss: 0.876
epoch+idx: 19
After sub-epoch 98:
 test acc: 0.687
    test acc: 0.687
    train loss: 0.882
============== End of epoch 6 ============
epoch+idx: 7
After sub-epoch 99:
 test acc: 0.672
    test acc: 0.672
    train loss: 0.621
epoch+idx: 8
After sub-epoch 100:
 test acc: 0.483
    test acc: 0.483
    train loss: 0.650
epoch+idx: 9
After sub-epoch 101:
 test acc: 0.483
    test acc: 0.483
    train loss: 0.874
epoch+idx: 10
After sub-epoch 102:
 test acc: 0.482
    test acc: 0.482
    train loss: 0.900
epoch+idx: 11
After sub-epoch 103:
 test acc: 0.482
    test acc: 0.482
    train loss: 0.857
epoch+idx: 12
After sub-epoch 104:
 test acc: 0.483
    test acc: 0.483
    train loss: 0.811
epoch+idx: 13
After sub-epoch 105:
 test acc: 0.488
    test acc: 0.488
    train loss: 0.792
epoch+idx: 14
After sub-epoch 106:
 test acc: 0.505
    test acc: 0.505
    train loss: 0.856
epoch+idx: 15
After sub-epoch 107:
 test acc: 0.529
    test acc: 0.529
    train loss: 0.910
epoch+idx: 16
After sub-epoch 108:
 test acc: 0.504
    test acc: 0.504
    train loss: 0.877
epoch+idx: 17
After sub-epoch 109:
 test acc: 0.498
    test acc: 0.498
    train loss: 0.853
epoch+idx: 18
After sub-epoch 110:
 test acc: 0.491
    test acc: 0.491
    train loss: 0.841
epoch+idx: 19
After sub-epoch 111:
 test acc: 0.489
    test acc: 0.489
    train loss: 0.822
epoch+idx: 20
After sub-epoch 112:
 test acc: 0.478
    test acc: 0.478
    train loss: 0.831
============== End of epoch 7 ============
epoch+idx: 8
After sub-epoch 113:
 test acc: 0.485
    test acc: 0.485
    train loss: 0.591
epoch+idx: 9
After sub-epoch 114:
 test acc: 0.503
    test acc: 0.503
    train loss: 0.595
epoch+idx: 10
After sub-epoch 115:
 test acc: 0.510
    test acc: 0.510
    train loss: 0.847
epoch+idx: 11
After sub-epoch 116:
 test acc: 0.503
    test acc: 0.503
    train loss: 0.974
epoch+idx: 12
After sub-epoch 117:
 test acc: 0.506
    test acc: 0.506
    train loss: 0.994
epoch+idx: 13
After sub-epoch 118:
 test acc: 0.510
    test acc: 0.510
    train loss: 1.008
epoch+idx: 14
After sub-epoch 119:
 test acc: 0.706
    test acc: 0.706
    train loss: 0.948
epoch+idx: 15
After sub-epoch 120:
 test acc: 0.726
    test acc: 0.726
    train loss: 0.919
epoch+idx: 16
After sub-epoch 121:
 test acc: 0.735
    test acc: 0.735
    train loss: 0.894
epoch+idx: 17
After sub-epoch 122:
 test acc: 0.726
    test acc: 0.726
    train loss: 0.897
epoch+idx: 18
After sub-epoch 123:
 test acc: 0.719
    test acc: 0.719
    train loss: 0.870
epoch+idx: 19
After sub-epoch 124:
 test acc: 0.720
    test acc: 0.720
    train loss: 0.910
epoch+idx: 20
After sub-epoch 125:
 test acc: 0.721
    test acc: 0.721
    train loss: 0.945
epoch+idx: 21
After sub-epoch 126:
 test acc: 0.723
    test acc: 0.723
    train loss: 0.931
============== End of epoch 8 ============
epoch+idx: 9
After sub-epoch 127:
 test acc: 0.726
    test acc: 0.726
    train loss: 0.706
epoch+idx: 10
After sub-epoch 128:
 test acc: 0.729
    test acc: 0.729
    train loss: 0.668
epoch+idx: 11
After sub-epoch 129:
 test acc: 0.741
    test acc: 0.741
    train loss: 0.820
epoch+idx: 12
After sub-epoch 130:
 test acc: 0.749
    test acc: 0.749
    train loss: 0.768
epoch+idx: 13
After sub-epoch 131:
 test acc: 0.719
    test acc: 0.719
    train loss: 0.879
epoch+idx: 14
After sub-epoch 132:
 test acc: 0.680
    test acc: 0.680
    train loss: 0.963
epoch+idx: 15
After sub-epoch 133:
 test acc: 0.676
    test acc: 0.676
    train loss: 0.897
epoch+idx: 16
After sub-epoch 134:
 test acc: 0.672
    test acc: 0.672
    train loss: 0.844
epoch+idx: 17
After sub-epoch 135:
 test acc: 0.649
    test acc: 0.649
    train loss: 0.881
epoch+idx: 18
After sub-epoch 136:
 test acc: 0.622
    test acc: 0.622
    train loss: 0.882
epoch+idx: 19
After sub-epoch 137:
 test acc: 0.612
    test acc: 0.612
    train loss: 0.851
epoch+idx: 20
After sub-epoch 138:
 test acc: 0.602
    test acc: 0.602
    train loss: 0.837
epoch+idx: 21
After sub-epoch 139:
 test acc: 0.594
    test acc: 0.594
    train loss: 0.832
epoch+idx: 22
After sub-epoch 140:
 test acc: 0.591
    test acc: 0.591
    train loss: 0.867
============== End of epoch 9 ============
using CPU backend.
epoch+idx: 0
After sub-epoch 1:
 test acc: 0.515
    test acc: 0.515
    train loss: 2.102
epoch+idx: 1
After sub-epoch 2:
 test acc: 0.566
    test acc: 0.566
    train loss: 1.977
epoch+idx: 2
After sub-epoch 3:
 test acc: 0.566
    test acc: 0.566
    train loss: 1.972
epoch+idx: 3
After sub-epoch 4:
 test acc: 0.566
    test acc: 0.566
    train loss: 1.896
epoch+idx: 4
After sub-epoch 5:
 test acc: 0.568
    test acc: 0.568
    train loss: 1.879
epoch+idx: 5
After sub-epoch 6:
 test acc: 0.591
    test acc: 0.591
    train loss: 1.859
epoch+idx: 6
After sub-epoch 7:
 test acc: 0.582
    test acc: 0.582
    train loss: 1.810
epoch+idx: 7
After sub-epoch 8:
 test acc: 0.527
    test acc: 0.527
    train loss: 1.737
epoch+idx: 8
After sub-epoch 9:
 test acc: 0.542
    test acc: 0.542
    train loss: 1.699
epoch+idx: 9
After sub-epoch 10:
 test acc: 0.544
    test acc: 0.544
    train loss: 1.643
epoch+idx: 10
After sub-epoch 11:
 test acc: 0.516
    test acc: 0.516
    train loss: 1.597
epoch+idx: 11
After sub-epoch 12:
 test acc: 0.529
    test acc: 0.529
    train loss: 1.604
epoch+idx: 12
After sub-epoch 13:
 test acc: 0.598
    test acc: 0.598
    train loss: 1.615
epoch+idx: 13
After sub-epoch 14:
 test acc: 0.598
    test acc: 0.598
    train loss: 1.581
============== End of epoch 0 ============
epoch+idx: 1
After sub-epoch 15:
 test acc: 0.597
    test acc: 0.597
    train loss: 0.789
epoch+idx: 2
After sub-epoch 16:
 test acc: 0.596
    test acc: 0.596
    train loss: 0.849
epoch+idx: 3
After sub-epoch 17:
 test acc: 0.595
    test acc: 0.595
    train loss: 1.187
epoch+idx: 4
After sub-epoch 18:
 test acc: 0.594
    test acc: 0.594
    train loss: 1.250
epoch+idx: 5
After sub-epoch 19:
 test acc: 0.595
    test acc: 0.595
    train loss: 1.316
epoch+idx: 6
After sub-epoch 20:
 test acc: 0.596
    test acc: 0.596
    train loss: 1.350
epoch+idx: 7
After sub-epoch 21:
 test acc: 0.597
    test acc: 0.597
    train loss: 1.254
epoch+idx: 8
After sub-epoch 22:
 test acc: 0.597
    test acc: 0.597
    train loss: 1.220
epoch+idx: 9
After sub-epoch 23:
 test acc: 0.582
    test acc: 0.582
    train loss: 1.201
epoch+idx: 10
After sub-epoch 24:
 test acc: 0.535
    test acc: 0.535
    train loss: 1.175
epoch+idx: 11
After sub-epoch 25:
 test acc: 0.568
    test acc: 0.568
    train loss: 1.150
epoch+idx: 12
After sub-epoch 26:
 test acc: 0.562
    test acc: 0.562
    train loss: 1.192
epoch+idx: 13
After sub-epoch 27:
 test acc: 0.523
    test acc: 0.523
    train loss: 1.208
epoch+idx: 14
After sub-epoch 28:
 test acc: 0.536
    test acc: 0.536
    train loss: 1.219
============== End of epoch 1 ============
epoch+idx: 2
After sub-epoch 29:
 test acc: 0.531
    test acc: 0.531
    train loss: 0.918
epoch+idx: 3
After sub-epoch 30:
 test acc: 0.523
    test acc: 0.523
    train loss: 1.080
epoch+idx: 4
After sub-epoch 31:
 test acc: 0.577
    test acc: 0.577
    train loss: 1.203
epoch+idx: 5
After sub-epoch 32:
 test acc: 0.577
    test acc: 0.577
    train loss: 1.057
epoch+idx: 6
After sub-epoch 33:
 test acc: 0.551
    test acc: 0.551
    train loss: 0.988
epoch+idx: 7
After sub-epoch 34:
 test acc: 0.568
    test acc: 0.568
    train loss: 1.011
epoch+idx: 8
After sub-epoch 35:
 test acc: 0.569
    test acc: 0.569
    train loss: 1.073
epoch+idx: 9
After sub-epoch 36:
 test acc: 0.587
    test acc: 0.587
    train loss: 1.054
epoch+idx: 10
After sub-epoch 37:
 test acc: 0.568
    test acc: 0.568
    train loss: 1.092
epoch+idx: 11
After sub-epoch 38:
 test acc: 0.551
    test acc: 0.551
    train loss: 1.059
epoch+idx: 12
After sub-epoch 39:
 test acc: 0.607
    test acc: 0.607
    train loss: 1.063
epoch+idx: 13
After sub-epoch 40:
 test acc: 0.544
    test acc: 0.544
    train loss: 1.049
epoch+idx: 14
After sub-epoch 41:
 test acc: 0.513
    test acc: 0.513
    train loss: 1.047
epoch+idx: 15
After sub-epoch 42:
 test acc: 0.506
    test acc: 0.506
    train loss: 1.054
============== End of epoch 2 ============
epoch+idx: 3
After sub-epoch 43:
 test acc: 0.500
    test acc: 0.500
    train loss: 0.637
epoch+idx: 4
After sub-epoch 44:
 test acc: 0.504
    test acc: 0.504
    train loss: 1.010
epoch+idx: 5
After sub-epoch 45:
 test acc: 0.505
    test acc: 0.505
    train loss: 0.935
epoch+idx: 6
After sub-epoch 46:
 test acc: 0.507
    test acc: 0.507
    train loss: 0.939
epoch+idx: 7
After sub-epoch 47:
 test acc: 0.507
    test acc: 0.507
    train loss: 0.883
epoch+idx: 8
After sub-epoch 48:
 test acc: 0.506
    test acc: 0.506
    train loss: 0.912
epoch+idx: 9
After sub-epoch 49:
 test acc: 0.513
    test acc: 0.513
    train loss: 0.904
epoch+idx: 10
After sub-epoch 50:
 test acc: 0.574
    test acc: 0.574
    train loss: 0.918
epoch+idx: 11
After sub-epoch 51:
 test acc: 0.582
    test acc: 0.582
    train loss: 0.915
epoch+idx: 12
After sub-epoch 52:
 test acc: 0.613
    test acc: 0.613
    train loss: 0.962
epoch+idx: 13
After sub-epoch 53:
 test acc: 0.602
    test acc: 0.602
    train loss: 0.969
epoch+idx: 14
After sub-epoch 54:
 test acc: 0.586
    test acc: 0.586
    train loss: 0.973
epoch+idx: 15
After sub-epoch 55:
 test acc: 0.580
    test acc: 0.580
    train loss: 0.967
epoch+idx: 16
After sub-epoch 56:
 test acc: 0.560
    test acc: 0.560
    train loss: 0.974
============== End of epoch 3 ============
epoch+idx: 4
After sub-epoch 57:
 test acc: 0.569
    test acc: 0.569
    train loss: 1.349
epoch+idx: 5
After sub-epoch 58:
 test acc: 0.572
    test acc: 0.572
    train loss: 1.154
epoch+idx: 6
After sub-epoch 59:
 test acc: 0.581
    test acc: 0.581
    train loss: 1.102
epoch+idx: 7
After sub-epoch 60:
 test acc: 0.585
    test acc: 0.585
    train loss: 1.002
epoch+idx: 8
After sub-epoch 61:
 test acc: 0.596
    test acc: 0.596
    train loss: 0.937
epoch+idx: 9
After sub-epoch 62:
 test acc: 0.602
    test acc: 0.602
    train loss: 0.926
epoch+idx: 10
After sub-epoch 63:
 test acc: 0.594
    test acc: 0.594
    train loss: 0.995
epoch+idx: 11
After sub-epoch 64:
 test acc: 0.603
    test acc: 0.603
    train loss: 0.939
epoch+idx: 12
After sub-epoch 65:
 test acc: 0.612
    test acc: 0.612
    train loss: 0.900
epoch+idx: 13
After sub-epoch 66:
 test acc: 0.628
    test acc: 0.628
    train loss: 0.927
epoch+idx: 14
After sub-epoch 67:
 test acc: 0.618
    test acc: 0.618
    train loss: 0.903
epoch+idx: 15
After sub-epoch 68:
 test acc: 0.613
    test acc: 0.613
    train loss: 0.906
epoch+idx: 16
After sub-epoch 69:
 test acc: 0.606
    test acc: 0.606
    train loss: 0.915
epoch+idx: 17
After sub-epoch 70:
 test acc: 0.599
    test acc: 0.599
    train loss: 0.913
============== End of epoch 4 ============
epoch+idx: 5
After sub-epoch 71:
 test acc: 0.592
    test acc: 0.592
    train loss: 0.741
epoch+idx: 6
After sub-epoch 72:
 test acc: 0.583
    test acc: 0.583
    train loss: 0.859
epoch+idx: 7
After sub-epoch 73:
 test acc: 0.581
    test acc: 0.581
    train loss: 0.750
epoch+idx: 8
After sub-epoch 74:
 test acc: 0.583
    test acc: 0.583
    train loss: 0.794
epoch+idx: 9
After sub-epoch 75:
 test acc: 0.608
    test acc: 0.608
    train loss: 0.805
epoch+idx: 10
After sub-epoch 76:
 test acc: 0.617
    test acc: 0.617
    train loss: 0.785
epoch+idx: 11
After sub-epoch 77:
 test acc: 0.612
    test acc: 0.612
    train loss: 0.781
epoch+idx: 12
After sub-epoch 78:
 test acc: 0.610
    test acc: 0.610
    train loss: 0.739
epoch+idx: 13
After sub-epoch 79:
 test acc: 0.603
    test acc: 0.603
    train loss: 0.808
epoch+idx: 14
After sub-epoch 80:
 test acc: 0.593
    test acc: 0.593
    train loss: 0.825
epoch+idx: 15
After sub-epoch 81:
 test acc: 0.584
    test acc: 0.584
    train loss: 0.886
epoch+idx: 16
After sub-epoch 82:
 test acc: 0.579
    test acc: 0.579
    train loss: 0.865
epoch+idx: 17
After sub-epoch 83:
 test acc: 0.574
    test acc: 0.574
    train loss: 0.857
epoch+idx: 18
After sub-epoch 84:
 test acc: 0.579
    test acc: 0.579
    train loss: 0.892
============== End of epoch 5 ============
epoch+idx: 6
After sub-epoch 85:
 test acc: 0.585
    test acc: 0.585
    train loss: 0.753
epoch+idx: 7
After sub-epoch 86:
 test acc: 0.587
    test acc: 0.587
    train loss: 0.689
epoch+idx: 8
After sub-epoch 87:
 test acc: 0.589
    test acc: 0.589
    train loss: 0.793
epoch+idx: 9
After sub-epoch 88:
 test acc: 0.590
    test acc: 0.590
    train loss: 0.827
epoch+idx: 10
After sub-epoch 89:
 test acc: 0.590
    test acc: 0.590
    train loss: 0.940
epoch+idx: 11
After sub-epoch 90:
 test acc: 0.587
    test acc: 0.587
    train loss: 0.914
epoch+idx: 12
After sub-epoch 91:
 test acc: 0.596
    test acc: 0.596
    train loss: 0.969
epoch+idx: 13
After sub-epoch 92:
 test acc: 0.612
    test acc: 0.612
    train loss: 0.924
epoch+idx: 14
After sub-epoch 93:
 test acc: 0.618
    test acc: 0.618
    train loss: 0.905
epoch+idx: 15
After sub-epoch 94:
 test acc: 0.615
    test acc: 0.615
    train loss: 0.886
epoch+idx: 16
After sub-epoch 95:
 test acc: 0.608
    test acc: 0.608
    train loss: 0.866
epoch+idx: 17
After sub-epoch 96:
 test acc: 0.599
    test acc: 0.599
    train loss: 0.865
epoch+idx: 18
After sub-epoch 97:
 test acc: 0.594
    test acc: 0.594
    train loss: 0.856
epoch+idx: 19
After sub-epoch 98:
 test acc: 0.590
    test acc: 0.590
    train loss: 0.839
============== End of epoch 6 ============
epoch+idx: 7
After sub-epoch 99:
 test acc: 0.584
    test acc: 0.584
    train loss: 0.550
epoch+idx: 8
After sub-epoch 100:
 test acc: 0.581
    test acc: 0.581
    train loss: 0.981
epoch+idx: 9
After sub-epoch 101:
 test acc: 0.549
    test acc: 0.549
    train loss: 1.059
epoch+idx: 10
After sub-epoch 102:
 test acc: 0.522
    test acc: 0.522
    train loss: 1.012
epoch+idx: 11
After sub-epoch 103:
 test acc: 0.517
    test acc: 0.517
    train loss: 0.950
epoch+idx: 12
After sub-epoch 104:
 test acc: 0.532
    test acc: 0.532
    train loss: 0.922
epoch+idx: 13
After sub-epoch 105:
 test acc: 0.560
    test acc: 0.560
    train loss: 0.911
epoch+idx: 14
After sub-epoch 106:
 test acc: 0.588
    test acc: 0.588
    train loss: 0.885
epoch+idx: 15
After sub-epoch 107:
 test acc: 0.606
    test acc: 0.606
    train loss: 0.885
epoch+idx: 16
After sub-epoch 108:
 test acc: 0.618
    test acc: 0.618
    train loss: 0.857
epoch+idx: 17
After sub-epoch 109:
 test acc: 0.620
    test acc: 0.620
    train loss: 0.848
epoch+idx: 18
After sub-epoch 110:
 test acc: 0.599
    test acc: 0.599
    train loss: 0.874
epoch+idx: 19
After sub-epoch 111:
 test acc: 0.589
    test acc: 0.589
    train loss: 0.857
epoch+idx: 20
After sub-epoch 112:
 test acc: 0.584
    test acc: 0.584
    train loss: 0.837
============== End of epoch 7 ============
epoch+idx: 8
After sub-epoch 113:
 test acc: 0.573
    test acc: 0.573
    train loss: 0.670
epoch+idx: 9
After sub-epoch 114:
 test acc: 0.557
    test acc: 0.557
    train loss: 0.855
epoch+idx: 10
After sub-epoch 115:
 test acc: 0.553
    test acc: 0.553
    train loss: 1.015
epoch+idx: 11
After sub-epoch 116:
 test acc: 0.556
    test acc: 0.556
    train loss: 0.887
epoch+idx: 12
After sub-epoch 117:
 test acc: 0.558
    test acc: 0.558
    train loss: 0.836
epoch+idx: 13
After sub-epoch 118:
 test acc: 0.560
    test acc: 0.560
    train loss: 0.826
epoch+idx: 14
After sub-epoch 119:
 test acc: 0.561
    test acc: 0.561
    train loss: 0.798
epoch+idx: 15
After sub-epoch 120:
 test acc: 0.562
    test acc: 0.562
    train loss: 0.799
epoch+idx: 16
After sub-epoch 121:
 test acc: 0.562
    test acc: 0.562
    train loss: 0.870
epoch+idx: 17
After sub-epoch 122:
 test acc: 0.562
    test acc: 0.562
    train loss: 0.850
epoch+idx: 18
After sub-epoch 123:
 test acc: 0.549
    test acc: 0.549
    train loss: 0.825
epoch+idx: 19
After sub-epoch 124:
 test acc: 0.533
    test acc: 0.533
    train loss: 0.807
epoch+idx: 20
After sub-epoch 125:
 test acc: 0.572
    test acc: 0.572
    train loss: 0.808
epoch+idx: 21
After sub-epoch 126:
 test acc: 0.609
    test acc: 0.609
    train loss: 0.807
============== End of epoch 8 ============
epoch+idx: 9
After sub-epoch 127:
 test acc: 0.545
    test acc: 0.545
    train loss: 1.217
epoch+idx: 10
After sub-epoch 128:
 test acc: 0.531
    test acc: 0.531
    train loss: 1.009
epoch+idx: 11
After sub-epoch 129:
 test acc: 0.531
    test acc: 0.531
    train loss: 0.926
epoch+idx: 12
After sub-epoch 130:
 test acc: 0.533
    test acc: 0.533
    train loss: 0.853
epoch+idx: 13
After sub-epoch 131:
 test acc: 0.560
    test acc: 0.560
    train loss: 0.819
epoch+idx: 14
After sub-epoch 132:
 test acc: 0.588
    test acc: 0.588
    train loss: 0.816
epoch+idx: 15
After sub-epoch 133:
 test acc: 0.610
    test acc: 0.610
    train loss: 0.795
epoch+idx: 16
After sub-epoch 134:
 test acc: 0.619
    test acc: 0.619
    train loss: 0.812
epoch+idx: 17
After sub-epoch 135:
 test acc: 0.617
    test acc: 0.617
    train loss: 0.877
epoch+idx: 18
After sub-epoch 136:
 test acc: 0.605
    test acc: 0.605
    train loss: 0.866
epoch+idx: 19
After sub-epoch 137:
 test acc: 0.595
    test acc: 0.595
    train loss: 0.836
epoch+idx: 20
After sub-epoch 138:
 test acc: 0.591
    test acc: 0.591
    train loss: 0.814
epoch+idx: 21
After sub-epoch 139:
 test acc: 0.589
    test acc: 0.589
    train loss: 0.795
epoch+idx: 22
After sub-epoch 140:
 test acc: 0.586
    test acc: 0.586
    train loss: 0.784
============== End of epoch 9 ============
using CPU backend.
epoch+idx: 0
After sub-epoch 1:
 test acc: 0.013
    test acc: 0.013
    train loss: 1.965
epoch+idx: 1
After sub-epoch 2:
 test acc: 0.013
    test acc: 0.013
    train loss: 2.006
epoch+idx: 2
After sub-epoch 3:
 test acc: 0.013
    test acc: 0.013
    train loss: 2.002
epoch+idx: 3
After sub-epoch 4:
 test acc: 0.429
    test acc: 0.429
    train loss: 1.995
epoch+idx: 4
After sub-epoch 5:
 test acc: 0.502
    test acc: 0.502
    train loss: 1.982
epoch+idx: 5
After sub-epoch 6:
 test acc: 0.503
    test acc: 0.503
    train loss: 1.974
epoch+idx: 6
After sub-epoch 7:
 test acc: 0.504
    test acc: 0.504
    train loss: 1.963
epoch+idx: 7
After sub-epoch 8:
 test acc: 0.544
    test acc: 0.544
    train loss: 1.955
epoch+idx: 8
After sub-epoch 9:
 test acc: 0.544
    test acc: 0.544
    train loss: 1.952
epoch+idx: 9
After sub-epoch 10:
 test acc: 0.545
    test acc: 0.545
    train loss: 1.932
epoch+idx: 10
After sub-epoch 11:
 test acc: 0.143
    test acc: 0.143
    train loss: 1.910
epoch+idx: 11
After sub-epoch 12:
 test acc: 0.143
    test acc: 0.143
    train loss: 1.903
epoch+idx: 12
After sub-epoch 13:
 test acc: 0.143
    test acc: 0.143
    train loss: 1.873
epoch+idx: 13
After sub-epoch 14:
 test acc: 0.143
    test acc: 0.143
    train loss: 1.847
============== End of epoch 0 ============
using CPU backend.
epoch+idx: 0
After sub-epoch 1:
 test acc: 0.588
    test acc: 0.588
    train loss: 1.646
epoch+idx: 1
After sub-epoch 2:
 test acc: 0.588
    test acc: 0.588
    train loss: 1.658
epoch+idx: 2
After sub-epoch 3:
 test acc: 0.588
    test acc: 0.588
    train loss: 1.729
epoch+idx: 3
After sub-epoch 4:
 test acc: 0.588
    test acc: 0.588
    train loss: 1.811
epoch+idx: 4
After sub-epoch 5:
 test acc: 0.588
    test acc: 0.588
    train loss: 1.795
epoch+idx: 5
After sub-epoch 6:
 test acc: 0.588
    test acc: 0.588
    train loss: 1.765
epoch+idx: 6
After sub-epoch 7:
 test acc: 0.588
    test acc: 0.588
    train loss: 1.738
epoch+idx: 7
After sub-epoch 8:
 test acc: 0.588
    test acc: 0.588
    train loss: 1.753
epoch+idx: 8
After sub-epoch 9:
 test acc: 0.588
    test acc: 0.588
    train loss: 1.768
epoch+idx: 9
After sub-epoch 10:
 test acc: 0.588
    test acc: 0.588
    train loss: 1.800
epoch+idx: 10
After sub-epoch 11:
 test acc: 0.588
    test acc: 0.588
    train loss: 1.788
epoch+idx: 11
After sub-epoch 12:
 test acc: 0.588
    test acc: 0.588
    train loss: 1.780
epoch+idx: 12
After sub-epoch 13:
 test acc: 0.588
    test acc: 0.588
    train loss: 1.776
epoch+idx: 13
After sub-epoch 14:
 test acc: 0.588
    test acc: 0.588
    train loss: 1.765
============== End of epoch 0 ============
using CPU backend.
epoch+idx: 0
After sub-epoch 1:
 test acc: 0.061
    test acc: 0.061
    train loss: 1.983
epoch+idx: 1
After sub-epoch 2:
 test acc: 0.076
    test acc: 0.076
    train loss: 2.073
epoch+idx: 2
After sub-epoch 3:
 test acc: 0.078
    test acc: 0.078
    train loss: 2.068
epoch+idx: 3
After sub-epoch 4:
 test acc: 0.094
    test acc: 0.094
    train loss: 2.050
epoch+idx: 4
After sub-epoch 5:
 test acc: 0.089
    test acc: 0.089
    train loss: 2.009
epoch+idx: 5
After sub-epoch 6:
 test acc: 0.085
    test acc: 0.085
    train loss: 1.991
epoch+idx: 6
After sub-epoch 7:
 test acc: 0.102
    test acc: 0.102
    train loss: 1.979
epoch+idx: 7
After sub-epoch 8:
 test acc: 0.098
    test acc: 0.098
    train loss: 1.965
epoch+idx: 8
After sub-epoch 9:
 test acc: 0.450
    test acc: 0.450
    train loss: 1.947
epoch+idx: 9
After sub-epoch 10:
 test acc: 0.477
    test acc: 0.477
    train loss: 1.935
epoch+idx: 10
After sub-epoch 11:
 test acc: 0.506
    test acc: 0.506
    train loss: 1.919
epoch+idx: 11
After sub-epoch 12:
 test acc: 0.533
    test acc: 0.533
    train loss: 1.905
epoch+idx: 12
After sub-epoch 13:
 test acc: 0.592
    test acc: 0.592
    train loss: 1.899
epoch+idx: 13
After sub-epoch 14:
 test acc: 0.645
    test acc: 0.645
    train loss: 1.897
============== End of epoch 0 ============
using CPU backend.
epoch+idx: 0
After sub-epoch 1:
 test acc: 0.198
    test acc: 0.198
    train loss: 1.882
epoch+idx: 1
After sub-epoch 2:
 test acc: 0.197
    test acc: 0.197
    train loss: 1.791
epoch+idx: 2
After sub-epoch 3:
 test acc: 0.187
    test acc: 0.187
    train loss: 1.728
epoch+idx: 3
After sub-epoch 4:
 test acc: 0.146
    test acc: 0.146
    train loss: 1.737
epoch+idx: 4
After sub-epoch 5:
 test acc: 0.134
    test acc: 0.134
    train loss: 1.733
epoch+idx: 5
After sub-epoch 6:
 test acc: 0.205
    test acc: 0.205
    train loss: 1.709
epoch+idx: 6
After sub-epoch 7:
 test acc: 0.237
    test acc: 0.237
    train loss: 1.682
epoch+idx: 7
After sub-epoch 8:
 test acc: 0.239
    test acc: 0.239
    train loss: 1.634
epoch+idx: 8
After sub-epoch 9:
 test acc: 0.240
    test acc: 0.240
    train loss: 1.624
epoch+idx: 9
After sub-epoch 10:
 test acc: 0.240
    test acc: 0.240
    train loss: 1.628
epoch+idx: 10
After sub-epoch 11:
 test acc: 0.240
    test acc: 0.240
    train loss: 1.611
epoch+idx: 11
After sub-epoch 12:
 test acc: 0.583
    test acc: 0.583
    train loss: 1.585
epoch+idx: 12
After sub-epoch 13:
 test acc: 0.770
    test acc: 0.770
    train loss: 1.603
epoch+idx: 13
After sub-epoch 14:
 test acc: 0.785
    test acc: 0.785
    train loss: 1.585
============== End of epoch 0 ============
epoch+idx: 1
After sub-epoch 15:
 test acc: 0.788
    test acc: 0.788
    train loss: 1.167
epoch+idx: 2
After sub-epoch 16:
 test acc: 0.787
    test acc: 0.787
    train loss: 1.159
epoch+idx: 3
After sub-epoch 17:
 test acc: 0.765
    test acc: 0.765
    train loss: 1.175
epoch+idx: 4
After sub-epoch 18:
 test acc: 0.739
    test acc: 0.739
    train loss: 1.263
epoch+idx: 5
After sub-epoch 19:
 test acc: 0.737
    test acc: 0.737
    train loss: 1.272
epoch+idx: 6
After sub-epoch 20:
 test acc: 0.734
    test acc: 0.734
    train loss: 1.263
epoch+idx: 7
After sub-epoch 21:
 test acc: 0.734
    test acc: 0.734
    train loss: 1.234
epoch+idx: 8
After sub-epoch 22:
 test acc: 0.766
    test acc: 0.766
    train loss: 1.229
epoch+idx: 9
After sub-epoch 23:
 test acc: 0.786
    test acc: 0.786
    train loss: 1.208
epoch+idx: 10
After sub-epoch 24:
 test acc: 0.786
    test acc: 0.786
    train loss: 1.199
epoch+idx: 11
After sub-epoch 25:
 test acc: 0.768
    test acc: 0.768
    train loss: 1.186
epoch+idx: 12
After sub-epoch 26:
 test acc: 0.722
    test acc: 0.722
    train loss: 1.227
epoch+idx: 13
After sub-epoch 27:
 test acc: 0.615
    test acc: 0.615
    train loss: 1.225
epoch+idx: 14
After sub-epoch 28:
 test acc: 0.621
    test acc: 0.621
    train loss: 1.205
============== End of epoch 1 ============
epoch+idx: 2
After sub-epoch 29:
 test acc: 0.598
    test acc: 0.598
    train loss: 0.959
epoch+idx: 3
After sub-epoch 30:
 test acc: 0.556
    test acc: 0.556
    train loss: 0.925
epoch+idx: 4
After sub-epoch 31:
 test acc: 0.551
    test acc: 0.551
    train loss: 0.928
epoch+idx: 5
After sub-epoch 32:
 test acc: 0.660
    test acc: 0.660
    train loss: 0.919
epoch+idx: 6
After sub-epoch 33:
 test acc: 0.712
    test acc: 0.712
    train loss: 0.972
epoch+idx: 7
After sub-epoch 34:
 test acc: 0.730
    test acc: 0.730
    train loss: 0.950
epoch+idx: 8
After sub-epoch 35:
 test acc: 0.752
    test acc: 0.752
    train loss: 0.936
epoch+idx: 9
After sub-epoch 36:
 test acc: 0.755
    test acc: 0.755
    train loss: 0.932
epoch+idx: 10
After sub-epoch 37:
 test acc: 0.769
    test acc: 0.769
    train loss: 0.996
epoch+idx: 11
After sub-epoch 38:
 test acc: 0.785
    test acc: 0.785
    train loss: 0.995
epoch+idx: 12
After sub-epoch 39:
 test acc: 0.782
    test acc: 0.782
    train loss: 1.014
epoch+idx: 13
After sub-epoch 40:
 test acc: 0.777
    test acc: 0.777
    train loss: 1.069
epoch+idx: 14
After sub-epoch 41:
 test acc: 0.770
    test acc: 0.770
    train loss: 1.058
epoch+idx: 15
After sub-epoch 42:
 test acc: 0.765
    test acc: 0.765
    train loss: 1.070
============== End of epoch 2 ============
epoch+idx: 3
After sub-epoch 43:
 test acc: 0.762
    test acc: 0.762
    train loss: 1.100
epoch+idx: 4
After sub-epoch 44:
 test acc: 0.762
    test acc: 0.762
    train loss: 1.068
epoch+idx: 5
After sub-epoch 45:
 test acc: 0.754
    test acc: 0.754
    train loss: 1.198
epoch+idx: 6
After sub-epoch 46:
 test acc: 0.699
    test acc: 0.699
    train loss: 1.099
epoch+idx: 7
After sub-epoch 47:
 test acc: 0.658
    test acc: 0.658
    train loss: 1.133
epoch+idx: 8
After sub-epoch 48:
 test acc: 0.652
    test acc: 0.652
    train loss: 1.143
epoch+idx: 9
After sub-epoch 49:
 test acc: 0.677
    test acc: 0.677
    train loss: 1.116
epoch+idx: 10
After sub-epoch 50:
 test acc: 0.667
    test acc: 0.667
    train loss: 1.094
epoch+idx: 11
After sub-epoch 51:
 test acc: 0.656
    test acc: 0.656
    train loss: 1.077
epoch+idx: 12
After sub-epoch 52:
 test acc: 0.631
    test acc: 0.631
    train loss: 1.045
epoch+idx: 13
After sub-epoch 53:
 test acc: 0.609
    test acc: 0.609
    train loss: 1.096
epoch+idx: 14
After sub-epoch 54:
 test acc: 0.619
    test acc: 0.619
    train loss: 1.068
epoch+idx: 15
After sub-epoch 55:
 test acc: 0.650
    test acc: 0.650
    train loss: 1.046
epoch+idx: 16
After sub-epoch 56:
 test acc: 0.590
    test acc: 0.590
    train loss: 1.046
============== End of epoch 3 ============
epoch+idx: 4
After sub-epoch 57:
 test acc: 0.591
    test acc: 0.591
    train loss: 1.505
epoch+idx: 5
After sub-epoch 58:
 test acc: 0.606
    test acc: 0.606
    train loss: 1.152
epoch+idx: 6
After sub-epoch 59:
 test acc: 0.606
    test acc: 0.606
    train loss: 1.051
epoch+idx: 7
After sub-epoch 60:
 test acc: 0.593
    test acc: 0.593
    train loss: 1.187
epoch+idx: 8
After sub-epoch 61:
 test acc: 0.594
    test acc: 0.594
    train loss: 1.110
epoch+idx: 9
After sub-epoch 62:
 test acc: 0.614
    test acc: 0.614
    train loss: 1.065
epoch+idx: 10
After sub-epoch 63:
 test acc: 0.634
    test acc: 0.634
    train loss: 1.026
epoch+idx: 11
After sub-epoch 64:
 test acc: 0.653
    test acc: 0.653
    train loss: 0.998
epoch+idx: 12
After sub-epoch 65:
 test acc: 0.690
    test acc: 0.690
    train loss: 0.973
epoch+idx: 13
After sub-epoch 66:
 test acc: 0.639
    test acc: 0.639
    train loss: 0.967
epoch+idx: 14
After sub-epoch 67:
 test acc: 0.641
    test acc: 0.641
    train loss: 0.946
epoch+idx: 15
After sub-epoch 68:
 test acc: 0.652
    test acc: 0.652
    train loss: 0.969
epoch+idx: 16
After sub-epoch 69:
 test acc: 0.650
    test acc: 0.650
    train loss: 0.959
epoch+idx: 17
After sub-epoch 70:
 test acc: 0.647
    test acc: 0.647
    train loss: 0.976
============== End of epoch 4 ============
epoch+idx: 5
After sub-epoch 71:
 test acc: 0.662
    test acc: 0.662
    train loss: 0.685
epoch+idx: 6
After sub-epoch 72:
 test acc: 0.675
    test acc: 0.675
    train loss: 0.664
epoch+idx: 7
After sub-epoch 73:
 test acc: 0.679
    test acc: 0.679
    train loss: 0.673
epoch+idx: 8
After sub-epoch 74:
 test acc: 0.673
    test acc: 0.673
    train loss: 0.685
epoch+idx: 9
After sub-epoch 75:
 test acc: 0.722
    test acc: 0.722
    train loss: 0.850
epoch+idx: 10
After sub-epoch 76:
 test acc: 0.753
    test acc: 0.753
    train loss: 0.819
epoch+idx: 11
After sub-epoch 77:
 test acc: 0.766
    test acc: 0.766
    train loss: 0.928
epoch+idx: 12
After sub-epoch 78:
 test acc: 0.771
    test acc: 0.771
    train loss: 0.953
epoch+idx: 13
After sub-epoch 79:
 test acc: 0.777
    test acc: 0.777
    train loss: 0.946
epoch+idx: 14
After sub-epoch 80:
 test acc: 0.754
    test acc: 0.754
    train loss: 0.914
epoch+idx: 15
After sub-epoch 81:
 test acc: 0.749
    test acc: 0.749
    train loss: 0.889
epoch+idx: 16
After sub-epoch 82:
 test acc: 0.738
    test acc: 0.738
    train loss: 0.916
epoch+idx: 17
After sub-epoch 83:
 test acc: 0.702
    test acc: 0.702
    train loss: 0.899
epoch+idx: 18
After sub-epoch 84:
 test acc: 0.671
    test acc: 0.671
    train loss: 0.920
============== End of epoch 5 ============
epoch+idx: 6
After sub-epoch 85:
 test acc: 0.650
    test acc: 0.650
    train loss: 0.575
epoch+idx: 7
After sub-epoch 86:
 test acc: 0.635
    test acc: 0.635
    train loss: 1.067
epoch+idx: 8
After sub-epoch 87:
 test acc: 0.622
    test acc: 0.622
    train loss: 0.905
epoch+idx: 9
After sub-epoch 88:
 test acc: 0.575
    test acc: 0.575
    train loss: 0.927
epoch+idx: 10
After sub-epoch 89:
 test acc: 0.569
    test acc: 0.569
    train loss: 0.883
epoch+idx: 11
After sub-epoch 90:
 test acc: 0.568
    test acc: 0.568
    train loss: 1.039
epoch+idx: 12
After sub-epoch 91:
 test acc: 0.567
    test acc: 0.567
    train loss: 1.071
epoch+idx: 13
After sub-epoch 92:
 test acc: 0.569
    test acc: 0.569
    train loss: 1.082
epoch+idx: 14
After sub-epoch 93:
 test acc: 0.575
    test acc: 0.575
    train loss: 1.013
epoch+idx: 15
After sub-epoch 94:
 test acc: 0.575
    test acc: 0.575
    train loss: 0.998
epoch+idx: 16
After sub-epoch 95:
 test acc: 0.572
    test acc: 0.572
    train loss: 0.961
epoch+idx: 17
After sub-epoch 96:
 test acc: 0.575
    test acc: 0.575
    train loss: 0.938
epoch+idx: 18
After sub-epoch 97:
 test acc: 0.565
    test acc: 0.565
    train loss: 0.929
epoch+idx: 19
After sub-epoch 98:
 test acc: 0.567
    test acc: 0.567
    train loss: 0.921
============== End of epoch 6 ============
epoch+idx: 7
After sub-epoch 99:
 test acc: 0.574
    test acc: 0.574
    train loss: 0.701
epoch+idx: 8
After sub-epoch 100:
 test acc: 0.603
    test acc: 0.603
    train loss: 0.638
epoch+idx: 9
After sub-epoch 101:
 test acc: 0.693
    test acc: 0.693
    train loss: 0.627
epoch+idx: 10
After sub-epoch 102:
 test acc: 0.748
    test acc: 0.748
    train loss: 0.653
epoch+idx: 11
After sub-epoch 103:
 test acc: 0.781
    test acc: 0.781
    train loss: 0.822
epoch+idx: 12
After sub-epoch 104:
 test acc: 0.771
    test acc: 0.771
    train loss: 0.867
epoch+idx: 13
After sub-epoch 105:
 test acc: 0.763
    test acc: 0.763
    train loss: 0.866
epoch+idx: 14
After sub-epoch 106:
 test acc: 0.768
    test acc: 0.768
    train loss: 0.831
epoch+idx: 15
After sub-epoch 107:
 test acc: 0.775
    test acc: 0.775
    train loss: 0.803
epoch+idx: 16
After sub-epoch 108:
 test acc: 0.766
    test acc: 0.766
    train loss: 0.816
epoch+idx: 17
After sub-epoch 109:
 test acc: 0.759
    test acc: 0.759
    train loss: 0.854
epoch+idx: 18
After sub-epoch 110:
 test acc: 0.764
    test acc: 0.764
    train loss: 0.909
epoch+idx: 19
After sub-epoch 111:
 test acc: 0.771
    test acc: 0.771
    train loss: 0.889
epoch+idx: 20
After sub-epoch 112:
 test acc: 0.782
    test acc: 0.782
    train loss: 0.890
============== End of epoch 7 ============
epoch+idx: 8
After sub-epoch 113:
 test acc: 0.787
    test acc: 0.787
    train loss: 0.669
epoch+idx: 9
After sub-epoch 114:
 test acc: 0.785
    test acc: 0.785
    train loss: 0.654
epoch+idx: 10
After sub-epoch 115:
 test acc: 0.782
    test acc: 0.782
    train loss: 0.841
epoch+idx: 11
After sub-epoch 116:
 test acc: 0.777
    test acc: 0.777
    train loss: 0.987
epoch+idx: 12
After sub-epoch 117:
 test acc: 0.772
    test acc: 0.772
    train loss: 0.907
epoch+idx: 13
After sub-epoch 118:
 test acc: 0.767
    test acc: 0.767
    train loss: 1.008
epoch+idx: 14
After sub-epoch 119:
 test acc: 0.763
    test acc: 0.763
    train loss: 1.010
epoch+idx: 15
After sub-epoch 120:
 test acc: 0.756
    test acc: 0.756
    train loss: 0.981
epoch+idx: 16
After sub-epoch 121:
 test acc: 0.747
    test acc: 0.747
    train loss: 0.932
epoch+idx: 17
After sub-epoch 122:
 test acc: 0.737
    test acc: 0.737
    train loss: 0.909
epoch+idx: 18
After sub-epoch 123:
 test acc: 0.724
    test acc: 0.724
    train loss: 0.880
epoch+idx: 19
After sub-epoch 124:
 test acc: 0.716
    test acc: 0.716
    train loss: 0.859
epoch+idx: 20
After sub-epoch 125:
 test acc: 0.702
    test acc: 0.702
    train loss: 0.861
epoch+idx: 21
After sub-epoch 126:
 test acc: 0.689
    test acc: 0.689
    train loss: 0.846
============== End of epoch 8 ============
epoch+idx: 9
After sub-epoch 127:
 test acc: 0.673
    test acc: 0.673
    train loss: 0.632
epoch+idx: 10
After sub-epoch 128:
 test acc: 0.661
    test acc: 0.661
    train loss: 0.638
epoch+idx: 11
After sub-epoch 129:
 test acc: 0.652
    test acc: 0.652
    train loss: 0.791
epoch+idx: 12
After sub-epoch 130:
 test acc: 0.642
    test acc: 0.642
    train loss: 0.719
epoch+idx: 13
After sub-epoch 131:
 test acc: 0.633
    test acc: 0.633
    train loss: 0.677
epoch+idx: 14
After sub-epoch 132:
 test acc: 0.624
    test acc: 0.624
    train loss: 0.765
epoch+idx: 15
After sub-epoch 133:
 test acc: 0.632
    test acc: 0.632
    train loss: 0.740
epoch+idx: 16
After sub-epoch 134:
 test acc: 0.639
    test acc: 0.639
    train loss: 0.838
epoch+idx: 17
After sub-epoch 135:
 test acc: 0.683
    test acc: 0.683
    train loss: 0.923
epoch+idx: 18
After sub-epoch 136:
 test acc: 0.716
    test acc: 0.716
    train loss: 0.882
epoch+idx: 19
After sub-epoch 137:
 test acc: 0.730
    test acc: 0.730
    train loss: 0.888
epoch+idx: 20
After sub-epoch 138:
 test acc: 0.739
    test acc: 0.739
    train loss: 0.869
epoch+idx: 21
After sub-epoch 139:
 test acc: 0.745
    test acc: 0.745
    train loss: 0.845
epoch+idx: 22
After sub-epoch 140:
 test acc: 0.746
    test acc: 0.746
    train loss: 0.839
============== End of epoch 9 ============
using CPU backend.
epoch+idx: 0
After sub-epoch 1:
 test acc: 0.219
    test acc: 0.219
    train loss: 1.881
epoch+idx: 1
After sub-epoch 2:
 test acc: 0.219
    test acc: 0.219
    train loss: 1.962
epoch+idx: 2
After sub-epoch 3:
 test acc: 0.218
    test acc: 0.218
    train loss: 2.002
epoch+idx: 3
After sub-epoch 4:
 test acc: 0.217
    test acc: 0.217
    train loss: 1.954
epoch+idx: 4
After sub-epoch 5:
 test acc: 0.215
    test acc: 0.215
    train loss: 1.984
epoch+idx: 5
After sub-epoch 6:
 test acc: 0.212
    test acc: 0.212
    train loss: 1.990
epoch+idx: 6
After sub-epoch 7:
 test acc: 0.215
    test acc: 0.215
    train loss: 2.010
epoch+idx: 7
After sub-epoch 8:
 test acc: 0.214
    test acc: 0.214
    train loss: 2.015
epoch+idx: 8
After sub-epoch 9:
 test acc: 0.212
    test acc: 0.212
    train loss: 2.023
epoch+idx: 9
After sub-epoch 10:
 test acc: 0.445
    test acc: 0.445
    train loss: 2.015
epoch+idx: 10
After sub-epoch 11:
 test acc: 0.559
    test acc: 0.559
    train loss: 2.022
epoch+idx: 11
After sub-epoch 12:
 test acc: 0.634
    test acc: 0.634
    train loss: 2.034
epoch+idx: 12
After sub-epoch 13:
 test acc: 0.641
    test acc: 0.641
    train loss: 2.022
epoch+idx: 13
After sub-epoch 14:
 test acc: 0.643
    test acc: 0.643
    train loss: 2.012
============== End of epoch 0 ============
using CPU backend.
epoch+idx: 0
After sub-epoch 1:
 test acc: 0.451
    test acc: 0.451
    train loss: 2.001
epoch+idx: 1
After sub-epoch 2:
 test acc: 0.452
    test acc: 0.452
    train loss: 1.985
epoch+idx: 2
After sub-epoch 3:
 test acc: 0.452
    test acc: 0.452
    train loss: 2.030
epoch+idx: 3
After sub-epoch 4:
 test acc: 0.452
    test acc: 0.452
    train loss: 2.016
epoch+idx: 4
After sub-epoch 5:
 test acc: 0.452
    test acc: 0.452
    train loss: 1.965
epoch+idx: 5
After sub-epoch 6:
 test acc: 0.451
    test acc: 0.451
    train loss: 1.937
epoch+idx: 6
After sub-epoch 7:
 test acc: 0.368
    test acc: 0.368
    train loss: 1.888
epoch+idx: 7
After sub-epoch 8:
 test acc: 0.398
    test acc: 0.398
    train loss: 1.845
epoch+idx: 8
After sub-epoch 9:
 test acc: 0.445
    test acc: 0.445
    train loss: 1.808
epoch+idx: 9
After sub-epoch 10:
 test acc: 0.454
    test acc: 0.454
    train loss: 1.774
epoch+idx: 10
After sub-epoch 11:
 test acc: 0.452
    test acc: 0.452
    train loss: 1.744
epoch+idx: 11
After sub-epoch 12:
 test acc: 0.452
    test acc: 0.452
    train loss: 1.723
epoch+idx: 12
After sub-epoch 13:
 test acc: 0.452
    test acc: 0.452
    train loss: 1.725
epoch+idx: 13
After sub-epoch 14:
 test acc: 0.452
    test acc: 0.452
    train loss: 1.731
============== End of epoch 0 ============
using CPU backend.
epoch+idx: 0
After sub-epoch 1:
 test acc: 0.027
    test acc: 0.027
    train loss: 1.981
epoch+idx: 1
After sub-epoch 2:
 test acc: 0.335
    test acc: 0.335
    train loss: 1.913
epoch+idx: 2
After sub-epoch 3:
 test acc: 0.335
    test acc: 0.335
    train loss: 1.865
epoch+idx: 3
After sub-epoch 4:
 test acc: 0.335
    test acc: 0.335
    train loss: 1.808
epoch+idx: 4
After sub-epoch 5:
 test acc: 0.335
    test acc: 0.335
    train loss: 1.782
epoch+idx: 5
After sub-epoch 6:
 test acc: 0.335
    test acc: 0.335
    train loss: 1.832
epoch+idx: 6
After sub-epoch 7:
 test acc: 0.450
    test acc: 0.450
    train loss: 1.755
epoch+idx: 7
After sub-epoch 8:
 test acc: 0.408
    test acc: 0.408
    train loss: 1.763
epoch+idx: 8
After sub-epoch 9:
 test acc: 0.535
    test acc: 0.535
    train loss: 1.692
epoch+idx: 9
After sub-epoch 10:
 test acc: 0.487
    test acc: 0.487
    train loss: 1.626
epoch+idx: 10
After sub-epoch 11:
 test acc: 0.392
    test acc: 0.392
    train loss: 1.613
epoch+idx: 11
After sub-epoch 12:
 test acc: 0.373
    test acc: 0.373
    train loss: 1.558
epoch+idx: 12
After sub-epoch 13:
 test acc: 0.592
    test acc: 0.592
    train loss: 1.522
epoch+idx: 13
After sub-epoch 14:
 test acc: 0.802
    test acc: 0.802
    train loss: 1.523
============== End of epoch 0 ============
epoch+idx: 1
After sub-epoch 15:
 test acc: 0.821
    test acc: 0.821
    train loss: 1.111
epoch+idx: 2
After sub-epoch 16:
 test acc: 0.776
    test acc: 0.776
    train loss: 1.046
epoch+idx: 3
After sub-epoch 17:
 test acc: 0.754
    test acc: 0.754
    train loss: 1.209
epoch+idx: 4
After sub-epoch 18:
 test acc: 0.716
    test acc: 0.716
    train loss: 1.143
epoch+idx: 5
After sub-epoch 19:
 test acc: 0.813
    test acc: 0.813
    train loss: 1.092
epoch+idx: 6
After sub-epoch 20:
 test acc: 0.820
    test acc: 0.820
    train loss: 1.134
epoch+idx: 7
After sub-epoch 21:
 test acc: 0.760
    test acc: 0.760
    train loss: 1.179
epoch+idx: 8
After sub-epoch 22:
 test acc: 0.774
    test acc: 0.774
    train loss: 1.238
epoch+idx: 9
After sub-epoch 23:
 test acc: 0.672
    test acc: 0.672
    train loss: 1.272
epoch+idx: 10
After sub-epoch 24:
 test acc: 0.660
    test acc: 0.660
    train loss: 1.292
epoch+idx: 11
After sub-epoch 25:
 test acc: 0.657
    test acc: 0.657
    train loss: 1.305
epoch+idx: 12
After sub-epoch 26:
 test acc: 0.648
    test acc: 0.648
    train loss: 1.332
epoch+idx: 13
After sub-epoch 27:
 test acc: 0.585
    test acc: 0.585
    train loss: 1.286
epoch+idx: 14
After sub-epoch 28:
 test acc: 0.543
    test acc: 0.543
    train loss: 1.299
============== End of epoch 1 ============
using CPU backend.
epoch+idx: 0
After sub-epoch 1:
 test acc: 0.491
    test acc: 0.491
    train loss: 1.728
epoch+idx: 1
After sub-epoch 2:
 test acc: 0.492
    test acc: 0.492
    train loss: 1.835
epoch+idx: 2
After sub-epoch 3:
 test acc: 0.555
    test acc: 0.555
    train loss: 1.815
epoch+idx: 3
After sub-epoch 4:
 test acc: 0.557
    test acc: 0.557
    train loss: 1.772
epoch+idx: 4
After sub-epoch 5:
 test acc: 0.564
    test acc: 0.564
    train loss: 1.781
epoch+idx: 5
After sub-epoch 6:
 test acc: 0.555
    test acc: 0.555
    train loss: 1.751
epoch+idx: 6
After sub-epoch 7:
 test acc: 0.529
    test acc: 0.529
    train loss: 1.724
epoch+idx: 7
After sub-epoch 8:
 test acc: 0.504
    test acc: 0.504
    train loss: 1.689
epoch+idx: 8
After sub-epoch 9:
 test acc: 0.469
    test acc: 0.469
    train loss: 1.668
epoch+idx: 9
After sub-epoch 10:
 test acc: 0.438
    test acc: 0.438
    train loss: 1.677
epoch+idx: 10
After sub-epoch 11:
 test acc: 0.413
    test acc: 0.413
    train loss: 1.683
epoch+idx: 11
After sub-epoch 12:
 test acc: 0.398
    test acc: 0.398
    train loss: 1.690
epoch+idx: 12
After sub-epoch 13:
 test acc: 0.390
    test acc: 0.390
    train loss: 1.696
epoch+idx: 13
After sub-epoch 14:
 test acc: 0.383
    test acc: 0.383
    train loss: 1.679
============== End of epoch 0 ============
using CPU backend.
epoch+idx: 0
After sub-epoch 1:
 test acc: 0.434
    test acc: 0.434
    train loss: 1.991
epoch+idx: 1
After sub-epoch 2:
 test acc: 0.434
    test acc: 0.434
    train loss: 1.993
epoch+idx: 2
After sub-epoch 3:
 test acc: 0.434
    test acc: 0.434
    train loss: 1.960
epoch+idx: 3
After sub-epoch 4:
 test acc: 0.434
    test acc: 0.434
    train loss: 1.936
epoch+idx: 4
After sub-epoch 5:
 test acc: 0.434
    test acc: 0.434
    train loss: 1.926
epoch+idx: 5
After sub-epoch 6:
 test acc: 0.434
    test acc: 0.434
    train loss: 1.915
epoch+idx: 6
After sub-epoch 7:
 test acc: 0.434
    test acc: 0.434
    train loss: 1.930
epoch+idx: 7
After sub-epoch 8:
 test acc: 0.434
    test acc: 0.434
    train loss: 1.930
epoch+idx: 8
After sub-epoch 9:
 test acc: 0.434
    test acc: 0.434
    train loss: 1.932
epoch+idx: 9
After sub-epoch 10:
 test acc: 0.434
    test acc: 0.434
    train loss: 1.932
epoch+idx: 10
After sub-epoch 11:
 test acc: 0.434
    test acc: 0.434
    train loss: 1.932
epoch+idx: 11
After sub-epoch 12:
 test acc: 0.434
    test acc: 0.434
    train loss: 1.935
epoch+idx: 12
After sub-epoch 13:
 test acc: 0.434
    test acc: 0.434
    train loss: 1.932
epoch+idx: 13
After sub-epoch 14:
 test acc: 0.434
    test acc: 0.434
    train loss: 1.930
============== End of epoch 0 ============
using CPU backend.
epoch+idx: 0
After sub-epoch 1:
 test acc: 0.000
    test acc: 0.000
    train loss: 1.831
epoch+idx: 1
After sub-epoch 2:
 test acc: 0.000
    test acc: 0.000
    train loss: 1.783
epoch+idx: 2
After sub-epoch 3:
 test acc: 0.000
    test acc: 0.000
    train loss: 1.760
epoch+idx: 3
After sub-epoch 4:
 test acc: 0.000
    test acc: 0.000
    train loss: 1.824
epoch+idx: 4
After sub-epoch 5:
 test acc: 0.000
    test acc: 0.000
    train loss: 1.840
epoch+idx: 5
After sub-epoch 6:
 test acc: 0.169
    test acc: 0.169
    train loss: 1.840
epoch+idx: 6
After sub-epoch 7:
 test acc: 0.498
    test acc: 0.498
    train loss: 1.824
epoch+idx: 7
After sub-epoch 8:
 test acc: 0.444
    test acc: 0.444
    train loss: 1.779
epoch+idx: 8
After sub-epoch 9:
 test acc: 0.561
    test acc: 0.561
    train loss: 1.797
epoch+idx: 9
After sub-epoch 10:
 test acc: 0.577
    test acc: 0.577
    train loss: 1.757
epoch+idx: 10
After sub-epoch 11:
 test acc: 0.595
    test acc: 0.595
    train loss: 1.706
epoch+idx: 11
After sub-epoch 12:
 test acc: 0.613
    test acc: 0.613
    train loss: 1.718
epoch+idx: 12
After sub-epoch 13:
 test acc: 0.623
    test acc: 0.623
    train loss: 1.681
epoch+idx: 13
After sub-epoch 14:
 test acc: 0.646
    test acc: 0.646
    train loss: 1.687
============== End of epoch 0 ============
using CPU backend.
epoch+idx: 0
After sub-epoch 1:
 test acc: 0.049
    test acc: 0.049
    train loss: 1.970
epoch+idx: 1
After sub-epoch 2:
 test acc: 0.418
    test acc: 0.418
    train loss: 1.962
epoch+idx: 2
After sub-epoch 3:
 test acc: 0.611
    test acc: 0.611
    train loss: 1.923
epoch+idx: 3
After sub-epoch 4:
 test acc: 0.456
    test acc: 0.456
    train loss: 1.895
epoch+idx: 4
After sub-epoch 5:
 test acc: 0.451
    test acc: 0.451
    train loss: 1.868
epoch+idx: 5
After sub-epoch 6:
 test acc: 0.404
    test acc: 0.404
    train loss: 1.851
epoch+idx: 6
After sub-epoch 7:
 test acc: 0.502
    test acc: 0.502
    train loss: 1.812
epoch+idx: 7
After sub-epoch 8:
 test acc: 0.500
    test acc: 0.500
    train loss: 1.776
epoch+idx: 8
After sub-epoch 9:
 test acc: 0.506
    test acc: 0.506
    train loss: 1.773
epoch+idx: 9
After sub-epoch 10:
 test acc: 0.505
    test acc: 0.505
    train loss: 1.761
epoch+idx: 10
After sub-epoch 11:
 test acc: 0.504
    test acc: 0.504
    train loss: 1.759
epoch+idx: 11
After sub-epoch 12:
 test acc: 0.504
    test acc: 0.504
    train loss: 1.706
epoch+idx: 12
After sub-epoch 13:
 test acc: 0.503
    test acc: 0.503
    train loss: 1.671
epoch+idx: 13
After sub-epoch 14:
 test acc: 0.503
    test acc: 0.503
    train loss: 1.655
============== End of epoch 0 ============
using CPU backend.
epoch+idx: 0
After sub-epoch 1:
 test acc: 0.546
    test acc: 0.546
    train loss: 1.765
epoch+idx: 1
After sub-epoch 2:
 test acc: 0.546
    test acc: 0.546
    train loss: 1.641
epoch+idx: 2
After sub-epoch 3:
 test acc: 0.546
    test acc: 0.546
    train loss: 1.901
epoch+idx: 3
After sub-epoch 4:
 test acc: 0.546
    test acc: 0.546
    train loss: 1.600
epoch+idx: 4
After sub-epoch 5:
 test acc: 0.546
    test acc: 0.546
    train loss: 1.521
epoch+idx: 5
After sub-epoch 6:
 test acc: 0.546
    test acc: 0.546
    train loss: 1.702
epoch+idx: 6
After sub-epoch 7:
 test acc: 0.546
    test acc: 0.546
    train loss: 1.534
epoch+idx: 7
After sub-epoch 8:
 test acc: 0.546
    test acc: 0.546
    train loss: 1.424
epoch+idx: 8
After sub-epoch 9:
 test acc: 0.546
    test acc: 0.546
    train loss: 1.334
epoch+idx: 9
After sub-epoch 10:
 test acc: 0.546
    test acc: 0.546
    train loss: 1.426
epoch+idx: 10
After sub-epoch 11:
 test acc: 0.546
    test acc: 0.546
    train loss: 1.485
epoch+idx: 11
After sub-epoch 12:
 test acc: 0.546
    test acc: 0.546
    train loss: 1.424
epoch+idx: 12
After sub-epoch 13:
 test acc: 0.546
    test acc: 0.546
    train loss: 1.428
epoch+idx: 13
After sub-epoch 14:
 test acc: 0.546
    test acc: 0.546
    train loss: 1.480
============== End of epoch 0 ============
epoch+idx: 1
After sub-epoch 15:
 test acc: 0.546
    test acc: 0.546
    train loss: 1.491
epoch+idx: 2
After sub-epoch 16:
 test acc: 0.546
    test acc: 0.546
    train loss: 1.044
epoch+idx: 3
After sub-epoch 17:
 test acc: 0.546
    test acc: 0.546
    train loss: 1.059
epoch+idx: 4
After sub-epoch 18:
 test acc: 0.546
    test acc: 0.546
    train loss: 0.964
epoch+idx: 5
After sub-epoch 19:
 test acc: 0.546
    test acc: 0.546
    train loss: 1.152
epoch+idx: 6
After sub-epoch 20:
 test acc: 0.546
    test acc: 0.546
    train loss: 1.276
epoch+idx: 7
After sub-epoch 21:
 test acc: 0.546
    test acc: 0.546
    train loss: 1.346
epoch+idx: 8
After sub-epoch 22:
 test acc: 0.546
    test acc: 0.546
    train loss: 1.306
epoch+idx: 9
After sub-epoch 23:
 test acc: 0.546
    test acc: 0.546
    train loss: 1.370
epoch+idx: 10
After sub-epoch 24:
 test acc: 0.546
    test acc: 0.546
    train loss: 1.393
epoch+idx: 11
After sub-epoch 25:
 test acc: 0.546
    test acc: 0.546
    train loss: 1.352
epoch+idx: 12
After sub-epoch 26:
 test acc: 0.546
    test acc: 0.546
    train loss: 1.295
epoch+idx: 13
After sub-epoch 27:
 test acc: 0.546
    test acc: 0.546
    train loss: 1.259
epoch+idx: 14
After sub-epoch 28:
 test acc: 0.546
    test acc: 0.546
    train loss: 1.216
============== End of epoch 1 ============
epoch+idx: 2
After sub-epoch 29:
 test acc: 0.546
    test acc: 0.546
    train loss: 0.719
epoch+idx: 3
After sub-epoch 30:
 test acc: 0.546
    test acc: 0.546
    train loss: 0.653
epoch+idx: 4
After sub-epoch 31:
 test acc: 0.546
    test acc: 0.546
    train loss: 0.686
epoch+idx: 5
After sub-epoch 32:
 test acc: 0.546
    test acc: 0.546
    train loss: 1.006
epoch+idx: 6
After sub-epoch 33:
 test acc: 0.546
    test acc: 0.546
    train loss: 0.998
epoch+idx: 7
After sub-epoch 34:
 test acc: 0.546
    test acc: 0.546
    train loss: 1.076
epoch+idx: 8
After sub-epoch 35:
 test acc: 0.546
    test acc: 0.546
    train loss: 1.185
epoch+idx: 9
After sub-epoch 36:
 test acc: 0.546
    test acc: 0.546
    train loss: 1.243
epoch+idx: 10
After sub-epoch 37:
 test acc: 0.546
    test acc: 0.546
    train loss: 1.154
epoch+idx: 11
After sub-epoch 38:
 test acc: 0.546
    test acc: 0.546
    train loss: 1.228
epoch+idx: 12
After sub-epoch 39:
 test acc: 0.546
    test acc: 0.546
    train loss: 1.161
epoch+idx: 13
After sub-epoch 40:
 test acc: 0.546
    test acc: 0.546
    train loss: 1.112
epoch+idx: 14
After sub-epoch 41:
 test acc: 0.546
    test acc: 0.546
    train loss: 1.101
epoch+idx: 15
After sub-epoch 42:
 test acc: 0.546
    test acc: 0.546
    train loss: 1.153
============== End of epoch 2 ============
using CPU backend.
epoch+idx: 0
After sub-epoch 1:
 test acc: 0.402
    test acc: 0.402
    train loss: 1.994
epoch+idx: 1
After sub-epoch 2:
 test acc: 0.425
    test acc: 0.425
    train loss: 1.947
epoch+idx: 2
After sub-epoch 3:
 test acc: 0.477
    test acc: 0.477
    train loss: 1.904
epoch+idx: 3
After sub-epoch 4:
 test acc: 0.438
    test acc: 0.438
    train loss: 1.884
epoch+idx: 4
After sub-epoch 5:
 test acc: 0.491
    test acc: 0.491
    train loss: 1.867
epoch+idx: 5
After sub-epoch 6:
 test acc: 0.567
    test acc: 0.567
    train loss: 1.817
epoch+idx: 6
After sub-epoch 7:
 test acc: 0.575
    test acc: 0.575
    train loss: 1.815
epoch+idx: 7
After sub-epoch 8:
 test acc: 0.557
    test acc: 0.557
    train loss: 1.812
epoch+idx: 8
After sub-epoch 9:
 test acc: 0.595
    test acc: 0.595
    train loss: 1.774
epoch+idx: 9
After sub-epoch 10:
 test acc: 0.595
    test acc: 0.595
    train loss: 1.718
epoch+idx: 10
After sub-epoch 11:
 test acc: 0.568
    test acc: 0.568
    train loss: 1.688
epoch+idx: 11
After sub-epoch 12:
 test acc: 0.563
    test acc: 0.563
    train loss: 1.652
epoch+idx: 12
After sub-epoch 13:
 test acc: 0.564
    test acc: 0.564
    train loss: 1.677
epoch+idx: 13
After sub-epoch 14:
 test acc: 0.576
    test acc: 0.576
    train loss: 1.671
============== End of epoch 0 ============
using CPU backend.
epoch+idx: 0
After sub-epoch 1:
 test acc: 0.295
    test acc: 0.295
    train loss: 2.061
epoch+idx: 1
After sub-epoch 2:
 test acc: 0.381
    test acc: 0.381
    train loss: 1.967
epoch+idx: 2
After sub-epoch 3:
 test acc: 0.407
    test acc: 0.407
    train loss: 1.890
epoch+idx: 3
After sub-epoch 4:
 test acc: 0.409
    test acc: 0.409
    train loss: 1.886
epoch+idx: 4
After sub-epoch 5:
 test acc: 0.411
    test acc: 0.411
    train loss: 1.807
epoch+idx: 5
After sub-epoch 6:
 test acc: 0.412
    test acc: 0.412
    train loss: 1.786
epoch+idx: 6
After sub-epoch 7:
 test acc: 0.408
    test acc: 0.408
    train loss: 1.785
epoch+idx: 7
After sub-epoch 8:
 test acc: 0.208
    test acc: 0.208
    train loss: 1.755
epoch+idx: 8
After sub-epoch 9:
 test acc: 0.545
    test acc: 0.545
    train loss: 1.722
epoch+idx: 9
After sub-epoch 10:
 test acc: 0.587
    test acc: 0.587
    train loss: 1.721
epoch+idx: 10
After sub-epoch 11:
 test acc: 0.594
    test acc: 0.594
    train loss: 1.691
epoch+idx: 11
After sub-epoch 12:
 test acc: 0.595
    test acc: 0.595
    train loss: 1.658
epoch+idx: 12
After sub-epoch 13:
 test acc: 0.831
    test acc: 0.831
    train loss: 1.657
epoch+idx: 13
After sub-epoch 14:
 test acc: 0.602
    test acc: 0.602
    train loss: 1.661
============== End of epoch 0 ============
using CPU backend.
epoch+idx: 0
After sub-epoch 1:
 test acc: 0.286
    test acc: 0.286
    train loss: 1.937
epoch+idx: 1
After sub-epoch 2:
 test acc: 0.473
    test acc: 0.473
    train loss: 1.764
epoch+idx: 2
After sub-epoch 3:
 test acc: 0.470
    test acc: 0.470
    train loss: 1.686
epoch+idx: 3
After sub-epoch 4:
 test acc: 0.459
    test acc: 0.459
    train loss: 1.712
epoch+idx: 4
After sub-epoch 5:
 test acc: 0.257
    test acc: 0.257
    train loss: 1.586
epoch+idx: 5
After sub-epoch 6:
 test acc: 0.257
    test acc: 0.257
    train loss: 1.547
epoch+idx: 6
After sub-epoch 7:
 test acc: 0.257
    test acc: 0.257
    train loss: 1.544
epoch+idx: 7
After sub-epoch 8:
 test acc: 0.257
    test acc: 0.257
    train loss: 1.549
epoch+idx: 8
After sub-epoch 9:
 test acc: 0.257
    test acc: 0.257
    train loss: 1.493
epoch+idx: 9
After sub-epoch 10:
 test acc: 0.257
    test acc: 0.257
    train loss: 1.467
epoch+idx: 10
After sub-epoch 11:
 test acc: 0.257
    test acc: 0.257
    train loss: 1.450
epoch+idx: 11
After sub-epoch 12:
 test acc: 0.257
    test acc: 0.257
    train loss: 1.452
epoch+idx: 12
After sub-epoch 13:
 test acc: 0.246
    test acc: 0.246
    train loss: 1.423
epoch+idx: 13
After sub-epoch 14:
 test acc: 0.482
    test acc: 0.482
    train loss: 1.401
============== End of epoch 0 ============
epoch+idx: 1
After sub-epoch 15:
 test acc: 0.478
    test acc: 0.478
    train loss: 0.921
epoch+idx: 2
After sub-epoch 16:
 test acc: 0.626
    test acc: 0.626
    train loss: 1.024
epoch+idx: 3
After sub-epoch 17:
 test acc: 0.625
    test acc: 0.625
    train loss: 0.979
epoch+idx: 4
After sub-epoch 18:
 test acc: 0.645
    test acc: 0.645
    train loss: 0.966
epoch+idx: 5
After sub-epoch 19:
 test acc: 0.644
    test acc: 0.644
    train loss: 0.951
epoch+idx: 6
After sub-epoch 20:
 test acc: 0.650
    test acc: 0.650
    train loss: 0.950
epoch+idx: 7
After sub-epoch 21:
 test acc: 0.646
    test acc: 0.646
    train loss: 0.917
epoch+idx: 8
After sub-epoch 22:
 test acc: 0.664
    test acc: 0.664
    train loss: 0.890
epoch+idx: 9
After sub-epoch 23:
 test acc: 0.606
    test acc: 0.606
    train loss: 0.914
epoch+idx: 10
After sub-epoch 24:
 test acc: 0.580
    test acc: 0.580
    train loss: 0.911
epoch+idx: 11
After sub-epoch 25:
 test acc: 0.574
    test acc: 0.574
    train loss: 0.902
epoch+idx: 12
After sub-epoch 26:
 test acc: 0.641
    test acc: 0.641
    train loss: 0.945
epoch+idx: 13
After sub-epoch 27:
 test acc: 0.624
    test acc: 0.624
    train loss: 0.965
epoch+idx: 14
After sub-epoch 28:
 test acc: 0.634
    test acc: 0.634
    train loss: 0.985
============== End of epoch 1 ============
epoch+idx: 2
After sub-epoch 29:
 test acc: 0.630
    test acc: 0.630
    train loss: 1.378
epoch+idx: 3
After sub-epoch 30:
 test acc: 0.621
    test acc: 0.621
    train loss: 1.078
epoch+idx: 4
After sub-epoch 31:
 test acc: 0.621
    test acc: 0.621
    train loss: 0.973
epoch+idx: 5
After sub-epoch 32:
 test acc: 0.624
    test acc: 0.624
    train loss: 0.894
epoch+idx: 6
After sub-epoch 33:
 test acc: 0.629
    test acc: 0.629
    train loss: 0.832
epoch+idx: 7
After sub-epoch 34:
 test acc: 0.640
    test acc: 0.640
    train loss: 0.816
epoch+idx: 8
After sub-epoch 35:
 test acc: 0.660
    test acc: 0.660
    train loss: 0.790
epoch+idx: 9
After sub-epoch 36:
 test acc: 0.691
    test acc: 0.691
    train loss: 0.841
epoch+idx: 10
After sub-epoch 37:
 test acc: 0.696
    test acc: 0.696
    train loss: 0.834
epoch+idx: 11
After sub-epoch 38:
 test acc: 0.660
    test acc: 0.660
    train loss: 0.853
epoch+idx: 12
After sub-epoch 39:
 test acc: 0.651
    test acc: 0.651
    train loss: 0.852
epoch+idx: 13
After sub-epoch 40:
 test acc: 0.658
    test acc: 0.658
    train loss: 0.834
epoch+idx: 14
After sub-epoch 41:
 test acc: 0.663
    test acc: 0.663
    train loss: 0.817
epoch+idx: 15
After sub-epoch 42:
 test acc: 0.620
    test acc: 0.620
    train loss: 0.850
============== End of epoch 2 ============
epoch+idx: 3
After sub-epoch 43:
 test acc: 0.605
    test acc: 0.605
    train loss: 0.624
epoch+idx: 4
After sub-epoch 44:
 test acc: 0.641
    test acc: 0.641
    train loss: 0.649
epoch+idx: 5
After sub-epoch 45:
 test acc: 0.623
    test acc: 0.623
    train loss: 0.906
epoch+idx: 6
After sub-epoch 46:
 test acc: 0.595
    test acc: 0.595
    train loss: 1.045
epoch+idx: 7
After sub-epoch 47:
 test acc: 0.540
    test acc: 0.540
    train loss: 0.940
epoch+idx: 8
After sub-epoch 48:
 test acc: 0.486
    test acc: 0.486
    train loss: 0.980
epoch+idx: 9
After sub-epoch 49:
 test acc: 0.462
    test acc: 0.462
    train loss: 1.025
epoch+idx: 10
After sub-epoch 50:
 test acc: 0.473
    test acc: 0.473
    train loss: 1.053
epoch+idx: 11
After sub-epoch 51:
 test acc: 0.447
    test acc: 0.447
    train loss: 1.038
epoch+idx: 12
After sub-epoch 52:
 test acc: 0.425
    test acc: 0.425
    train loss: 1.059
epoch+idx: 13
After sub-epoch 53:
 test acc: 0.447
    test acc: 0.447
    train loss: 1.021
epoch+idx: 14
After sub-epoch 54:
 test acc: 0.578
    test acc: 0.578
    train loss: 0.994
epoch+idx: 15
After sub-epoch 55:
 test acc: 0.608
    test acc: 0.608
    train loss: 0.981
epoch+idx: 16
After sub-epoch 56:
 test acc: 0.636
    test acc: 0.636
    train loss: 0.969
============== End of epoch 3 ============
epoch+idx: 4
After sub-epoch 57:
 test acc: 0.640
    test acc: 0.640
    train loss: 0.634
epoch+idx: 5
After sub-epoch 58:
 test acc: 0.646
    test acc: 0.646
    train loss: 0.653
epoch+idx: 6
After sub-epoch 59:
 test acc: 0.655
    test acc: 0.655
    train loss: 0.649
epoch+idx: 7
After sub-epoch 60:
 test acc: 0.647
    test acc: 0.647
    train loss: 0.643
epoch+idx: 8
After sub-epoch 61:
 test acc: 0.655
    test acc: 0.655
    train loss: 0.617
epoch+idx: 9
After sub-epoch 62:
 test acc: 0.669
    test acc: 0.669
    train loss: 0.640
epoch+idx: 10
After sub-epoch 63:
 test acc: 0.625
    test acc: 0.625
    train loss: 0.714
epoch+idx: 11
After sub-epoch 64:
 test acc: 0.584
    test acc: 0.584
    train loss: 0.779
epoch+idx: 12
After sub-epoch 65:
 test acc: 0.584
    test acc: 0.584
    train loss: 0.843
epoch+idx: 13
After sub-epoch 66:
 test acc: 0.583
    test acc: 0.583
    train loss: 0.814
epoch+idx: 14
After sub-epoch 67:
 test acc: 0.586
    test acc: 0.586
    train loss: 0.852
epoch+idx: 15
After sub-epoch 68:
 test acc: 0.663
    test acc: 0.663
    train loss: 0.842
epoch+idx: 16
After sub-epoch 69:
 test acc: 0.646
    test acc: 0.646
    train loss: 0.826
epoch+idx: 17
After sub-epoch 70:
 test acc: 0.652
    test acc: 0.652
    train loss: 0.800
============== End of epoch 4 ============
epoch+idx: 5
After sub-epoch 71:
 test acc: 0.658
    test acc: 0.658
    train loss: 0.599
epoch+idx: 6
After sub-epoch 72:
 test acc: 0.664
    test acc: 0.664
    train loss: 0.556
epoch+idx: 7
After sub-epoch 73:
 test acc: 0.605
    test acc: 0.605
    train loss: 0.701
epoch+idx: 8
After sub-epoch 74:
 test acc: 0.581
    test acc: 0.581
    train loss: 0.834
epoch+idx: 9
After sub-epoch 75:
 test acc: 0.571
    test acc: 0.571
    train loss: 0.787
epoch+idx: 10
After sub-epoch 76:
 test acc: 0.540
    test acc: 0.540
    train loss: 0.833
epoch+idx: 11
After sub-epoch 77:
 test acc: 0.540
    test acc: 0.540
    train loss: 0.905
epoch+idx: 12
After sub-epoch 78:
 test acc: 0.541
    test acc: 0.541
    train loss: 0.867
epoch+idx: 13
After sub-epoch 79:
 test acc: 0.548
    test acc: 0.548
    train loss: 0.849
epoch+idx: 14
After sub-epoch 80:
 test acc: 0.645
    test acc: 0.645
    train loss: 0.826
epoch+idx: 15
After sub-epoch 81:
 test acc: 0.652
    test acc: 0.652
    train loss: 0.794
epoch+idx: 16
After sub-epoch 82:
 test acc: 0.658
    test acc: 0.658
    train loss: 0.767
epoch+idx: 17
After sub-epoch 83:
 test acc: 0.662
    test acc: 0.662
    train loss: 0.756
epoch+idx: 18
After sub-epoch 84:
 test acc: 0.664
    test acc: 0.664
    train loss: 0.810
============== End of epoch 5 ============
epoch+idx: 6
After sub-epoch 85:
 test acc: 0.665
    test acc: 0.665
    train loss: 0.541
epoch+idx: 7
After sub-epoch 86:
 test acc: 0.672
    test acc: 0.672
    train loss: 0.624
epoch+idx: 8
After sub-epoch 87:
 test acc: 0.677
    test acc: 0.677
    train loss: 0.568
epoch+idx: 9
After sub-epoch 88:
 test acc: 0.679
    test acc: 0.679
    train loss: 0.576
epoch+idx: 10
After sub-epoch 89:
 test acc: 0.678
    test acc: 0.678
    train loss: 0.577
epoch+idx: 11
After sub-epoch 90:
 test acc: 0.586
    test acc: 0.586
    train loss: 0.636
epoch+idx: 12
After sub-epoch 91:
 test acc: 0.585
    test acc: 0.585
    train loss: 0.618
epoch+idx: 13
After sub-epoch 92:
 test acc: 0.588
    test acc: 0.588
    train loss: 0.721
epoch+idx: 14
After sub-epoch 93:
 test acc: 0.611
    test acc: 0.611
    train loss: 0.772
epoch+idx: 15
After sub-epoch 94:
 test acc: 0.636
    test acc: 0.636
    train loss: 0.829
epoch+idx: 16
After sub-epoch 95:
 test acc: 0.659
    test acc: 0.659
    train loss: 0.812
epoch+idx: 17
After sub-epoch 96:
 test acc: 0.669
    test acc: 0.669
    train loss: 0.774
epoch+idx: 18
After sub-epoch 97:
 test acc: 0.664
    test acc: 0.664
    train loss: 0.755
epoch+idx: 19
After sub-epoch 98:
 test acc: 0.649
    test acc: 0.649
    train loss: 0.737
============== End of epoch 6 ============
epoch+idx: 7
After sub-epoch 99:
 test acc: 0.637
    test acc: 0.637
    train loss: 0.486
epoch+idx: 8
After sub-epoch 100:
 test acc: 0.638
    test acc: 0.638
    train loss: 0.520
epoch+idx: 9
After sub-epoch 101:
 test acc: 0.639
    test acc: 0.639
    train loss: 0.499
epoch+idx: 10
After sub-epoch 102:
 test acc: 0.635
    test acc: 0.635
    train loss: 0.752
epoch+idx: 11
After sub-epoch 103:
 test acc: 0.631
    test acc: 0.631
    train loss: 0.728
epoch+idx: 12
After sub-epoch 104:
 test acc: 0.638
    test acc: 0.638
    train loss: 0.679
epoch+idx: 13
After sub-epoch 105:
 test acc: 0.649
    test acc: 0.649
    train loss: 0.669
epoch+idx: 14
After sub-epoch 106:
 test acc: 0.645
    test acc: 0.645
    train loss: 0.627
epoch+idx: 15
After sub-epoch 107:
 test acc: 0.628
    test acc: 0.628
    train loss: 0.616
epoch+idx: 16
After sub-epoch 108:
 test acc: 0.593
    test acc: 0.593
    train loss: 0.657
epoch+idx: 17
After sub-epoch 109:
 test acc: 0.564
    test acc: 0.564
    train loss: 0.728
epoch+idx: 18
After sub-epoch 110:
 test acc: 0.570
    test acc: 0.570
    train loss: 0.778
epoch+idx: 19
After sub-epoch 111:
 test acc: 0.576
    test acc: 0.576
    train loss: 0.758
epoch+idx: 20
After sub-epoch 112:
 test acc: 0.582
    test acc: 0.582
    train loss: 0.743
============== End of epoch 7 ============
epoch+idx: 8
After sub-epoch 113:
 test acc: 0.590
    test acc: 0.590
    train loss: 0.664
epoch+idx: 9
After sub-epoch 114:
 test acc: 0.570
    test acc: 0.570
    train loss: 1.031
epoch+idx: 10
After sub-epoch 115:
 test acc: 0.586
    test acc: 0.586
    train loss: 0.872
epoch+idx: 11
After sub-epoch 116:
 test acc: 0.616
    test acc: 0.616
    train loss: 0.806
epoch+idx: 12
After sub-epoch 117:
 test acc: 0.646
    test acc: 0.646
    train loss: 0.747
epoch+idx: 13
After sub-epoch 118:
 test acc: 0.660
    test acc: 0.660
    train loss: 0.701
epoch+idx: 14
After sub-epoch 119:
 test acc: 0.659
    test acc: 0.659
    train loss: 0.780
epoch+idx: 15
After sub-epoch 120:
 test acc: 0.660
    test acc: 0.660
    train loss: 0.816
epoch+idx: 16
After sub-epoch 121:
 test acc: 0.661
    test acc: 0.661
    train loss: 0.774
epoch+idx: 17
After sub-epoch 122:
 test acc: 0.662
    test acc: 0.662
    train loss: 0.787
epoch+idx: 18
After sub-epoch 123:
 test acc: 0.663
    test acc: 0.663
    train loss: 0.764
epoch+idx: 19
After sub-epoch 124:
 test acc: 0.660
    test acc: 0.660
    train loss: 0.749
epoch+idx: 20
After sub-epoch 125:
 test acc: 0.656
    test acc: 0.656
    train loss: 0.718
epoch+idx: 21
After sub-epoch 126:
 test acc: 0.653
    test acc: 0.653
    train loss: 0.706
============== End of epoch 8 ============
epoch+idx: 9
After sub-epoch 127:
 test acc: 0.651
    test acc: 0.651
    train loss: 0.524
epoch+idx: 10
After sub-epoch 128:
 test acc: 0.650
    test acc: 0.650
    train loss: 0.430
epoch+idx: 11
After sub-epoch 129:
 test acc: 0.651
    test acc: 0.651
    train loss: 0.464
epoch+idx: 12
After sub-epoch 130:
 test acc: 0.652
    test acc: 0.652
    train loss: 0.557
epoch+idx: 13
After sub-epoch 131:
 test acc: 0.651
    test acc: 0.651
    train loss: 0.681
epoch+idx: 14
After sub-epoch 132:
 test acc: 0.652
    test acc: 0.652
    train loss: 0.651
epoch+idx: 15
After sub-epoch 133:
 test acc: 0.652
    test acc: 0.652
    train loss: 0.619
epoch+idx: 16
After sub-epoch 134:
 test acc: 0.652
    test acc: 0.652
    train loss: 0.603
epoch+idx: 17
After sub-epoch 135:
 test acc: 0.653
    test acc: 0.653
    train loss: 0.681
epoch+idx: 18
After sub-epoch 136:
 test acc: 0.653
    test acc: 0.653
    train loss: 0.679
epoch+idx: 19
After sub-epoch 137:
 test acc: 0.653
    test acc: 0.653
    train loss: 0.656
epoch+idx: 20
After sub-epoch 138:
 test acc: 0.653
    test acc: 0.653
    train loss: 0.642
epoch+idx: 21
After sub-epoch 139:
 test acc: 0.652
    test acc: 0.652
    train loss: 0.700
epoch+idx: 22
After sub-epoch 140:
 test acc: 0.651
    test acc: 0.651
    train loss: 0.690
============== End of epoch 9 ============
using CPU backend.
